[2024-07-08T18:13:46.742+0000] {taskinstance.py:1979} INFO - Dependencies all met for dep_context=non-requeueable deps ti=<TaskInstance: SqlToStaging.film_actor scheduled__2024-07-07T00:00:00+00:00 [queued]>
[2024-07-08T18:13:46.777+0000] {taskinstance.py:1979} INFO - Dependencies all met for dep_context=requeueable deps ti=<TaskInstance: SqlToStaging.film_actor scheduled__2024-07-07T00:00:00+00:00 [queued]>
[2024-07-08T18:13:46.783+0000] {taskinstance.py:2193} INFO - Starting attempt 1 of 1
[2024-07-08T18:13:46.816+0000] {taskinstance.py:2217} INFO - Executing <Task(PythonOperator): film_actor> on 2024-07-07 00:00:00+00:00
[2024-07-08T18:13:46.836+0000] {standard_task_runner.py:87} INFO - Running: ['***', 'tasks', 'run', 'SqlToStaging', 'film_actor', 'scheduled__2024-07-07T00:00:00+00:00', '--job-id', '40', '--raw', '--subdir', 'DAGS_FOLDER/dag.py', '--cfg-path', '/tmp/tmphbbm3nng']
[2024-07-08T18:13:46.832+0000] {standard_task_runner.py:60} INFO - Started process 129 to run task
[2024-07-08T18:13:46.843+0000] {standard_task_runner.py:88} INFO - Job 40: Subtask film_actor
[2024-07-08T18:13:46.929+0000] {task_command.py:423} INFO - Running <TaskInstance: SqlToStaging.film_actor scheduled__2024-07-07T00:00:00+00:00 [running]> on host 091922596b62
[2024-07-08T18:13:47.100+0000] {taskinstance.py:2513} INFO - Exporting env vars: AIRFLOW_CTX_DAG_OWNER='***' AIRFLOW_CTX_DAG_ID='SqlToStaging' AIRFLOW_CTX_TASK_ID='film_actor' AIRFLOW_CTX_EXECUTION_DATE='2024-07-07T00:00:00+00:00' AIRFLOW_CTX_TRY_NUMBER='1' AIRFLOW_CTX_DAG_RUN_ID='scheduled__2024-07-07T00:00:00+00:00'
[2024-07-08T18:13:47.105+0000] {logging_mixin.py:188} INFO - dvtobv :dag_id
[2024-07-08T18:13:47.105+0000] {logging_mixin.py:188} INFO - table: film_actor
[2024-07-08T18:13:47.106+0000] {logging_mixin.py:188} INFO - 
 stage: SqlToStaging 
 table:film_actor
[2024-07-08T18:13:47.107+0000] {logging_mixin.py:188} INFO - select *  from etlconf.Etl_Process_Mapping where SourceTableName = 'film_actor' and Stage = 'SqlToStaging'
[2024-07-08T18:13:47.129+0000] {taskinstance.py:2731} ERROR - Task failed with exception
Traceback (most recent call last):
  File "/home/airflow/.local/lib/python3.8/site-packages/airflow/models/taskinstance.py", line 444, in _execute_task
    result = _execute_callable(context=context, **execute_callable_kwargs)
  File "/home/airflow/.local/lib/python3.8/site-packages/airflow/models/taskinstance.py", line 414, in _execute_callable
    return execute_callable(context=context, **execute_callable_kwargs)
  File "/home/airflow/.local/lib/python3.8/site-packages/airflow/operators/python.py", line 200, in execute
    return_value = self.execute_callable()
  File "/home/airflow/.local/lib/python3.8/site-packages/airflow/operators/python.py", line 217, in execute_callable
    return self.python_callable(*self.op_args, **self.op_kwargs)
  File "/opt/airflow/dags/dag.py", line 22, in process_table
    return  execute(table, stage)
  File "/app/main.py", line 25, in execute
    SqlToStaging().create_full().some_function(table, stage)
  File "/app/concretestage/SQLToStaging.py", line 31, in some_function
    df = get_data_from_conf_table(f"{table}", f"{stage}")
  File "/app/myFramework/utils/utils.py", line 143, in get_data_from_conf_table
    df.columns = [desc[0] for desc in cur.description]
  File "/home/airflow/.local/lib/python3.8/site-packages/pandas/core/generic.py", line 6002, in __setattr__
    return object.__setattr__(self, name, value)
  File "pandas/_libs/properties.pyx", line 69, in pandas._libs.properties.AxisProperty.__set__
  File "/home/airflow/.local/lib/python3.8/site-packages/pandas/core/generic.py", line 730, in _set_axis
    self._mgr.set_axis(axis, labels)
  File "/home/airflow/.local/lib/python3.8/site-packages/pandas/core/internals/managers.py", line 225, in set_axis
    self._validate_set_axis(axis, new_labels)
  File "/home/airflow/.local/lib/python3.8/site-packages/pandas/core/internals/base.py", line 70, in _validate_set_axis
    raise ValueError(
ValueError: Length mismatch: Expected axis has 0 elements, new values have 15 elements
[2024-07-08T18:13:47.591+0000] {taskinstance.py:1149} INFO - Marking task as FAILED. dag_id=SqlToStaging, task_id=film_actor, execution_date=20240707T000000, start_date=20240708T181346, end_date=20240708T181347
[2024-07-08T18:13:47.625+0000] {standard_task_runner.py:107} ERROR - Failed to execute job 40 for task film_actor (Length mismatch: Expected axis has 0 elements, new values have 15 elements; 129)
[2024-07-08T18:13:47.696+0000] {local_task_job_runner.py:234} INFO - Task exited with return code 1
[2024-07-08T18:13:47.763+0000] {taskinstance.py:3312} INFO - 0 downstream tasks scheduled from follow-on schedule check
[2024-07-08T18:17:21.458+0000] {taskinstance.py:1979} INFO - Dependencies all met for dep_context=non-requeueable deps ti=<TaskInstance: SqlToStaging.film_actor scheduled__2024-07-07T00:00:00+00:00 [queued]>
[2024-07-08T18:17:21.478+0000] {taskinstance.py:1979} INFO - Dependencies all met for dep_context=requeueable deps ti=<TaskInstance: SqlToStaging.film_actor scheduled__2024-07-07T00:00:00+00:00 [queued]>
[2024-07-08T18:17:21.480+0000] {taskinstance.py:2193} INFO - Starting attempt 1 of 1
[2024-07-08T18:17:21.506+0000] {taskinstance.py:2217} INFO - Executing <Task(PythonOperator): film_actor> on 2024-07-07 00:00:00+00:00
[2024-07-08T18:17:21.538+0000] {standard_task_runner.py:60} INFO - Started process 90 to run task
[2024-07-08T18:17:21.557+0000] {standard_task_runner.py:87} INFO - Running: ['***', 'tasks', 'run', 'SqlToStaging', 'film_actor', 'scheduled__2024-07-07T00:00:00+00:00', '--job-id', '14', '--raw', '--subdir', 'DAGS_FOLDER/dag.py', '--cfg-path', '/tmp/tmpg63m9o3k']
[2024-07-08T18:17:21.589+0000] {standard_task_runner.py:88} INFO - Job 14: Subtask film_actor
[2024-07-08T18:17:21.768+0000] {task_command.py:423} INFO - Running <TaskInstance: SqlToStaging.film_actor scheduled__2024-07-07T00:00:00+00:00 [running]> on host 0c73c124d202
[2024-07-08T18:17:22.017+0000] {taskinstance.py:2513} INFO - Exporting env vars: AIRFLOW_CTX_DAG_OWNER='***' AIRFLOW_CTX_DAG_ID='SqlToStaging' AIRFLOW_CTX_TASK_ID='film_actor' AIRFLOW_CTX_EXECUTION_DATE='2024-07-07T00:00:00+00:00' AIRFLOW_CTX_TRY_NUMBER='1' AIRFLOW_CTX_DAG_RUN_ID='scheduled__2024-07-07T00:00:00+00:00'
[2024-07-08T18:17:22.023+0000] {logging_mixin.py:188} INFO - dvtobv :dag_id
[2024-07-08T18:17:22.031+0000] {logging_mixin.py:188} INFO - table: film_actor
[2024-07-08T18:17:22.033+0000] {logging_mixin.py:188} INFO - 
 stage: SqlToStaging 
 table:film_actor
[2024-07-08T18:17:22.035+0000] {logging_mixin.py:188} INFO - select *  from etlconf.Etl_Process_Mapping where SourceTableName = 'film_actor' and Stage = 'SqlToStaging'
[2024-07-08T18:17:23.901+0000] {taskinstance.py:2731} ERROR - Task failed with exception
Traceback (most recent call last):
  File "/home/airflow/.local/lib/python3.8/site-packages/airflow/models/taskinstance.py", line 444, in _execute_task
    result = _execute_callable(context=context, **execute_callable_kwargs)
  File "/home/airflow/.local/lib/python3.8/site-packages/airflow/models/taskinstance.py", line 414, in _execute_callable
    return execute_callable(context=context, **execute_callable_kwargs)
  File "/home/airflow/.local/lib/python3.8/site-packages/airflow/operators/python.py", line 200, in execute
    return_value = self.execute_callable()
  File "/home/airflow/.local/lib/python3.8/site-packages/airflow/operators/python.py", line 217, in execute_callable
    return self.python_callable(*self.op_args, **self.op_kwargs)
  File "/opt/airflow/dags/dag.py", line 22, in process_table
    return  execute(table, stage)
  File "/app/main.py", line 25, in execute
    SqlToStaging().create_full().some_function(table, stage)
  File "/app/concretestage/SQLToStaging.py", line 31, in some_function
    df = get_data_from_conf_table(f"{table}", f"{stage}")
  File "/app/myFramework/utils/utils.py", line 143, in get_data_from_conf_table
    df.columns = [desc[0] for desc in cur.description]
  File "/home/airflow/.local/lib/python3.8/site-packages/pandas/core/generic.py", line 6002, in __setattr__
    return object.__setattr__(self, name, value)
  File "pandas/_libs/properties.pyx", line 69, in pandas._libs.properties.AxisProperty.__set__
  File "/home/airflow/.local/lib/python3.8/site-packages/pandas/core/generic.py", line 730, in _set_axis
    self._mgr.set_axis(axis, labels)
  File "/home/airflow/.local/lib/python3.8/site-packages/pandas/core/internals/managers.py", line 225, in set_axis
    self._validate_set_axis(axis, new_labels)
  File "/home/airflow/.local/lib/python3.8/site-packages/pandas/core/internals/base.py", line 70, in _validate_set_axis
    raise ValueError(
ValueError: Length mismatch: Expected axis has 0 elements, new values have 15 elements
[2024-07-08T18:17:23.972+0000] {taskinstance.py:1149} INFO - Marking task as FAILED. dag_id=SqlToStaging, task_id=film_actor, execution_date=20240707T000000, start_date=20240708T181721, end_date=20240708T181723
[2024-07-08T18:17:24.037+0000] {standard_task_runner.py:107} ERROR - Failed to execute job 14 for task film_actor (Length mismatch: Expected axis has 0 elements, new values have 15 elements; 90)
[2024-07-08T18:17:24.088+0000] {local_task_job_runner.py:234} INFO - Task exited with return code 1
[2024-07-08T18:17:24.244+0000] {taskinstance.py:3312} INFO - 0 downstream tasks scheduled from follow-on schedule check
[2024-07-08T18:19:48.903+0000] {taskinstance.py:1979} INFO - Dependencies all met for dep_context=non-requeueable deps ti=<TaskInstance: SqlToStaging.film_actor scheduled__2024-07-07T00:00:00+00:00 [queued]>
[2024-07-08T18:19:48.927+0000] {taskinstance.py:1979} INFO - Dependencies all met for dep_context=requeueable deps ti=<TaskInstance: SqlToStaging.film_actor scheduled__2024-07-07T00:00:00+00:00 [queued]>
[2024-07-08T18:19:48.927+0000] {taskinstance.py:2193} INFO - Starting attempt 1 of 1
[2024-07-08T18:19:48.960+0000] {taskinstance.py:2217} INFO - Executing <Task(PythonOperator): film_actor> on 2024-07-07 00:00:00+00:00
[2024-07-08T18:19:48.979+0000] {standard_task_runner.py:60} INFO - Started process 99 to run task
[2024-07-08T18:19:48.996+0000] {standard_task_runner.py:87} INFO - Running: ['***', 'tasks', 'run', 'SqlToStaging', 'film_actor', 'scheduled__2024-07-07T00:00:00+00:00', '--job-id', '13', '--raw', '--subdir', 'DAGS_FOLDER/dag.py', '--cfg-path', '/tmp/tmppzmdz4r6']
[2024-07-08T18:19:49.033+0000] {standard_task_runner.py:88} INFO - Job 13: Subtask film_actor
[2024-07-08T18:19:49.195+0000] {task_command.py:423} INFO - Running <TaskInstance: SqlToStaging.film_actor scheduled__2024-07-07T00:00:00+00:00 [running]> on host 987b4d541fd1
[2024-07-08T18:19:50.069+0000] {taskinstance.py:2513} INFO - Exporting env vars: AIRFLOW_CTX_DAG_OWNER='***' AIRFLOW_CTX_DAG_ID='SqlToStaging' AIRFLOW_CTX_TASK_ID='film_actor' AIRFLOW_CTX_EXECUTION_DATE='2024-07-07T00:00:00+00:00' AIRFLOW_CTX_TRY_NUMBER='1' AIRFLOW_CTX_DAG_RUN_ID='scheduled__2024-07-07T00:00:00+00:00'
[2024-07-08T18:19:50.071+0000] {logging_mixin.py:188} INFO - dvtobv :dag_id
[2024-07-08T18:19:50.072+0000] {logging_mixin.py:188} INFO - table: film_actor
[2024-07-08T18:19:50.074+0000] {logging_mixin.py:188} INFO - 
 stage: SqlToStaging 
 table:film_actor
[2024-07-08T18:19:50.080+0000] {logging_mixin.py:188} INFO - select *  from etlconf.Etl_Process_Mapping where SourceTableName = 'film_actor' and Stage = 'SqlToStaging'
[2024-07-08T18:19:50.141+0000] {taskinstance.py:2731} ERROR - Task failed with exception
Traceback (most recent call last):
  File "/home/airflow/.local/lib/python3.8/site-packages/airflow/models/taskinstance.py", line 444, in _execute_task
    result = _execute_callable(context=context, **execute_callable_kwargs)
  File "/home/airflow/.local/lib/python3.8/site-packages/airflow/models/taskinstance.py", line 414, in _execute_callable
    return execute_callable(context=context, **execute_callable_kwargs)
  File "/home/airflow/.local/lib/python3.8/site-packages/airflow/operators/python.py", line 200, in execute
    return_value = self.execute_callable()
  File "/home/airflow/.local/lib/python3.8/site-packages/airflow/operators/python.py", line 217, in execute_callable
    return self.python_callable(*self.op_args, **self.op_kwargs)
  File "/opt/airflow/dags/dag.py", line 22, in process_table
    return  execute(table, stage)
  File "/app/main.py", line 25, in execute
    SqlToStaging().create_full().some_function(table, stage)
  File "/app/concretestage/SQLToStaging.py", line 31, in some_function
    df = get_data_from_conf_table(f"{table}", f"{stage}")
  File "/app/myFramework/utils/utils.py", line 143, in get_data_from_conf_table
    df.columns = [desc[0] for desc in cur.description]
  File "/home/airflow/.local/lib/python3.8/site-packages/pandas/core/generic.py", line 6002, in __setattr__
    return object.__setattr__(self, name, value)
  File "pandas/_libs/properties.pyx", line 69, in pandas._libs.properties.AxisProperty.__set__
  File "/home/airflow/.local/lib/python3.8/site-packages/pandas/core/generic.py", line 730, in _set_axis
    self._mgr.set_axis(axis, labels)
  File "/home/airflow/.local/lib/python3.8/site-packages/pandas/core/internals/managers.py", line 225, in set_axis
    self._validate_set_axis(axis, new_labels)
  File "/home/airflow/.local/lib/python3.8/site-packages/pandas/core/internals/base.py", line 70, in _validate_set_axis
    raise ValueError(
ValueError: Length mismatch: Expected axis has 0 elements, new values have 15 elements
[2024-07-08T18:19:50.166+0000] {taskinstance.py:1149} INFO - Marking task as FAILED. dag_id=SqlToStaging, task_id=film_actor, execution_date=20240707T000000, start_date=20240708T181948, end_date=20240708T181950
[2024-07-08T18:19:50.186+0000] {standard_task_runner.py:107} ERROR - Failed to execute job 13 for task film_actor (Length mismatch: Expected axis has 0 elements, new values have 15 elements; 99)
[2024-07-08T18:19:50.226+0000] {local_task_job_runner.py:234} INFO - Task exited with return code 1
[2024-07-08T18:19:50.253+0000] {taskinstance.py:3312} INFO - 0 downstream tasks scheduled from follow-on schedule check
[2024-07-08T18:26:43.632+0000] {taskinstance.py:1979} INFO - Dependencies all met for dep_context=non-requeueable deps ti=<TaskInstance: SqlToStaging.film_actor scheduled__2024-07-07T00:00:00+00:00 [queued]>
[2024-07-08T18:26:43.639+0000] {taskinstance.py:1979} INFO - Dependencies all met for dep_context=requeueable deps ti=<TaskInstance: SqlToStaging.film_actor scheduled__2024-07-07T00:00:00+00:00 [queued]>
[2024-07-08T18:26:43.640+0000] {taskinstance.py:2193} INFO - Starting attempt 1 of 1
[2024-07-08T18:26:43.724+0000] {taskinstance.py:2217} INFO - Executing <Task(PythonOperator): film_actor> on 2024-07-07 00:00:00+00:00
[2024-07-08T18:26:43.738+0000] {standard_task_runner.py:60} INFO - Started process 99 to run task
[2024-07-08T18:26:43.766+0000] {standard_task_runner.py:87} INFO - Running: ['***', 'tasks', 'run', 'SqlToStaging', 'film_actor', 'scheduled__2024-07-07T00:00:00+00:00', '--job-id', '13', '--raw', '--subdir', 'DAGS_FOLDER/dag.py', '--cfg-path', '/tmp/tmpw9w7gyf0']
[2024-07-08T18:26:43.833+0000] {standard_task_runner.py:88} INFO - Job 13: Subtask film_actor
[2024-07-08T18:26:44.091+0000] {task_command.py:423} INFO - Running <TaskInstance: SqlToStaging.film_actor scheduled__2024-07-07T00:00:00+00:00 [running]> on host 7f814bc03799
[2024-07-08T18:26:45.359+0000] {taskinstance.py:2513} INFO - Exporting env vars: AIRFLOW_CTX_DAG_OWNER='***' AIRFLOW_CTX_DAG_ID='SqlToStaging' AIRFLOW_CTX_TASK_ID='film_actor' AIRFLOW_CTX_EXECUTION_DATE='2024-07-07T00:00:00+00:00' AIRFLOW_CTX_TRY_NUMBER='1' AIRFLOW_CTX_DAG_RUN_ID='scheduled__2024-07-07T00:00:00+00:00'
[2024-07-08T18:26:45.365+0000] {logging_mixin.py:188} INFO - dvtobv :dag_id
[2024-07-08T18:26:45.367+0000] {logging_mixin.py:188} INFO - table: film_actor
[2024-07-08T18:26:45.369+0000] {logging_mixin.py:188} INFO - 
 stage: SqlToStaging 
 table:film_actor
[2024-07-08T18:26:45.369+0000] {logging_mixin.py:188} INFO - select *  from etlconf.Etl_Process_Mapping where SourceTableName = 'film_actor' and Stage = 'SqlToStaging'
[2024-07-08T18:26:45.435+0000] {taskinstance.py:2731} ERROR - Task failed with exception
Traceback (most recent call last):
  File "/home/airflow/.local/lib/python3.8/site-packages/airflow/models/taskinstance.py", line 444, in _execute_task
    result = _execute_callable(context=context, **execute_callable_kwargs)
  File "/home/airflow/.local/lib/python3.8/site-packages/airflow/models/taskinstance.py", line 414, in _execute_callable
    return execute_callable(context=context, **execute_callable_kwargs)
  File "/home/airflow/.local/lib/python3.8/site-packages/airflow/operators/python.py", line 200, in execute
    return_value = self.execute_callable()
  File "/home/airflow/.local/lib/python3.8/site-packages/airflow/operators/python.py", line 217, in execute_callable
    return self.python_callable(*self.op_args, **self.op_kwargs)
  File "/opt/airflow/dags/dag.py", line 22, in process_table
    return  execute(table, stage)
  File "/app/main.py", line 25, in execute
    SqlToStaging().create_full().some_function(table, stage)
  File "/app/concretestage/SQLToStaging.py", line 31, in some_function
    df = get_data_from_conf_table(f"{table}", f"{stage}")
  File "/app/myFramework/utils/utils.py", line 143, in get_data_from_conf_table
    df.columns = [desc[0] for desc in cur.description]
  File "/home/airflow/.local/lib/python3.8/site-packages/pandas/core/generic.py", line 6002, in __setattr__
    return object.__setattr__(self, name, value)
  File "pandas/_libs/properties.pyx", line 69, in pandas._libs.properties.AxisProperty.__set__
  File "/home/airflow/.local/lib/python3.8/site-packages/pandas/core/generic.py", line 730, in _set_axis
    self._mgr.set_axis(axis, labels)
  File "/home/airflow/.local/lib/python3.8/site-packages/pandas/core/internals/managers.py", line 225, in set_axis
    self._validate_set_axis(axis, new_labels)
  File "/home/airflow/.local/lib/python3.8/site-packages/pandas/core/internals/base.py", line 70, in _validate_set_axis
    raise ValueError(
ValueError: Length mismatch: Expected axis has 0 elements, new values have 15 elements
[2024-07-08T18:26:45.462+0000] {taskinstance.py:1149} INFO - Marking task as FAILED. dag_id=SqlToStaging, task_id=film_actor, execution_date=20240707T000000, start_date=20240708T182643, end_date=20240708T182645
[2024-07-08T18:26:45.493+0000] {standard_task_runner.py:107} ERROR - Failed to execute job 13 for task film_actor (Length mismatch: Expected axis has 0 elements, new values have 15 elements; 99)
[2024-07-08T18:26:45.533+0000] {local_task_job_runner.py:234} INFO - Task exited with return code 1
[2024-07-08T18:26:45.604+0000] {taskinstance.py:3312} INFO - 0 downstream tasks scheduled from follow-on schedule check
[2024-07-08T18:32:10.795+0000] {taskinstance.py:1979} INFO - Dependencies all met for dep_context=non-requeueable deps ti=<TaskInstance: SqlToStaging.film_actor scheduled__2024-07-07T00:00:00+00:00 [queued]>
[2024-07-08T18:32:10.811+0000] {taskinstance.py:1979} INFO - Dependencies all met for dep_context=requeueable deps ti=<TaskInstance: SqlToStaging.film_actor scheduled__2024-07-07T00:00:00+00:00 [queued]>
[2024-07-08T18:32:10.814+0000] {taskinstance.py:2193} INFO - Starting attempt 1 of 1
[2024-07-08T18:32:10.858+0000] {taskinstance.py:2217} INFO - Executing <Task(PythonOperator): film_actor> on 2024-07-07 00:00:00+00:00
[2024-07-08T18:32:10.873+0000] {standard_task_runner.py:60} INFO - Started process 89 to run task
[2024-07-08T18:32:10.911+0000] {standard_task_runner.py:87} INFO - Running: ['***', 'tasks', 'run', 'SqlToStaging', 'film_actor', 'scheduled__2024-07-07T00:00:00+00:00', '--job-id', '12', '--raw', '--subdir', 'DAGS_FOLDER/dag.py', '--cfg-path', '/tmp/tmp_wdg0qxl']
[2024-07-08T18:32:10.928+0000] {standard_task_runner.py:88} INFO - Job 12: Subtask film_actor
[2024-07-08T18:32:11.139+0000] {task_command.py:423} INFO - Running <TaskInstance: SqlToStaging.film_actor scheduled__2024-07-07T00:00:00+00:00 [running]> on host 7f77c3b92645
[2024-07-08T18:32:11.549+0000] {taskinstance.py:2513} INFO - Exporting env vars: AIRFLOW_CTX_DAG_OWNER='***' AIRFLOW_CTX_DAG_ID='SqlToStaging' AIRFLOW_CTX_TASK_ID='film_actor' AIRFLOW_CTX_EXECUTION_DATE='2024-07-07T00:00:00+00:00' AIRFLOW_CTX_TRY_NUMBER='1' AIRFLOW_CTX_DAG_RUN_ID='scheduled__2024-07-07T00:00:00+00:00'
[2024-07-08T18:32:11.562+0000] {logging_mixin.py:188} INFO - dvtobv :dag_id
[2024-07-08T18:32:11.569+0000] {logging_mixin.py:188} INFO - table: film_actor
[2024-07-08T18:32:11.573+0000] {logging_mixin.py:188} INFO - 
 stage: SqlToStaging 
 table:film_actor
[2024-07-08T18:32:11.578+0000] {logging_mixin.py:188} INFO - select *  from etlconf.Etl_Process_Mapping where SourceTableName = 'film_actor' and Stage = 'SqlToStaging'
[2024-07-08T18:32:11.711+0000] {taskinstance.py:2731} ERROR - Task failed with exception
Traceback (most recent call last):
  File "/home/airflow/.local/lib/python3.8/site-packages/airflow/models/taskinstance.py", line 444, in _execute_task
    result = _execute_callable(context=context, **execute_callable_kwargs)
  File "/home/airflow/.local/lib/python3.8/site-packages/airflow/models/taskinstance.py", line 414, in _execute_callable
    return execute_callable(context=context, **execute_callable_kwargs)
  File "/home/airflow/.local/lib/python3.8/site-packages/airflow/operators/python.py", line 200, in execute
    return_value = self.execute_callable()
  File "/home/airflow/.local/lib/python3.8/site-packages/airflow/operators/python.py", line 217, in execute_callable
    return self.python_callable(*self.op_args, **self.op_kwargs)
  File "/opt/airflow/dags/dag.py", line 22, in process_table
    return  execute(table, stage)
  File "/app/main.py", line 25, in execute
    SqlToStaging().create_full().some_function(table, stage)
  File "/app/concretestage/SQLToStaging.py", line 31, in some_function
    df = get_data_from_conf_table(f"{table}", f"{stage}")
  File "/app/myFramework/utils/utils.py", line 143, in get_data_from_conf_table
    df.columns = [desc[0] for desc in cur.description]
  File "/home/airflow/.local/lib/python3.8/site-packages/pandas/core/generic.py", line 6002, in __setattr__
    return object.__setattr__(self, name, value)
  File "pandas/_libs/properties.pyx", line 69, in pandas._libs.properties.AxisProperty.__set__
  File "/home/airflow/.local/lib/python3.8/site-packages/pandas/core/generic.py", line 730, in _set_axis
    self._mgr.set_axis(axis, labels)
  File "/home/airflow/.local/lib/python3.8/site-packages/pandas/core/internals/managers.py", line 225, in set_axis
    self._validate_set_axis(axis, new_labels)
  File "/home/airflow/.local/lib/python3.8/site-packages/pandas/core/internals/base.py", line 70, in _validate_set_axis
    raise ValueError(
ValueError: Length mismatch: Expected axis has 0 elements, new values have 15 elements
[2024-07-08T18:32:12.852+0000] {taskinstance.py:1149} INFO - Marking task as FAILED. dag_id=SqlToStaging, task_id=film_actor, execution_date=20240707T000000, start_date=20240708T183210, end_date=20240708T183212
[2024-07-08T18:32:12.910+0000] {standard_task_runner.py:107} ERROR - Failed to execute job 12 for task film_actor (Length mismatch: Expected axis has 0 elements, new values have 15 elements; 89)
[2024-07-08T18:32:12.959+0000] {local_task_job_runner.py:234} INFO - Task exited with return code 1
[2024-07-08T18:32:13.072+0000] {taskinstance.py:3312} INFO - 0 downstream tasks scheduled from follow-on schedule check
[2024-07-08T18:35:58.927+0000] {taskinstance.py:1979} INFO - Dependencies all met for dep_context=non-requeueable deps ti=<TaskInstance: SqlToStaging.film_actor scheduled__2024-07-07T00:00:00+00:00 [queued]>
[2024-07-08T18:35:58.953+0000] {taskinstance.py:1979} INFO - Dependencies all met for dep_context=requeueable deps ti=<TaskInstance: SqlToStaging.film_actor scheduled__2024-07-07T00:00:00+00:00 [queued]>
[2024-07-08T18:35:58.962+0000] {taskinstance.py:2193} INFO - Starting attempt 1 of 1
[2024-07-08T18:35:59.012+0000] {taskinstance.py:2217} INFO - Executing <Task(PythonOperator): film_actor> on 2024-07-07 00:00:00+00:00
[2024-07-08T18:35:59.050+0000] {standard_task_runner.py:60} INFO - Started process 99 to run task
[2024-07-08T18:35:59.076+0000] {standard_task_runner.py:87} INFO - Running: ['***', 'tasks', 'run', 'SqlToStaging', 'film_actor', 'scheduled__2024-07-07T00:00:00+00:00', '--job-id', '11', '--raw', '--subdir', 'DAGS_FOLDER/dag.py', '--cfg-path', '/tmp/tmpz7zar4ki']
[2024-07-08T18:35:59.106+0000] {standard_task_runner.py:88} INFO - Job 11: Subtask film_actor
[2024-07-08T18:35:59.232+0000] {task_command.py:423} INFO - Running <TaskInstance: SqlToStaging.film_actor scheduled__2024-07-07T00:00:00+00:00 [running]> on host a9b6fbb697c1
[2024-07-08T18:36:00.474+0000] {taskinstance.py:2513} INFO - Exporting env vars: AIRFLOW_CTX_DAG_OWNER='***' AIRFLOW_CTX_DAG_ID='SqlToStaging' AIRFLOW_CTX_TASK_ID='film_actor' AIRFLOW_CTX_EXECUTION_DATE='2024-07-07T00:00:00+00:00' AIRFLOW_CTX_TRY_NUMBER='1' AIRFLOW_CTX_DAG_RUN_ID='scheduled__2024-07-07T00:00:00+00:00'
[2024-07-08T18:36:00.477+0000] {logging_mixin.py:188} INFO - dvtobv :dag_id
[2024-07-08T18:36:00.481+0000] {logging_mixin.py:188} INFO - table: film_actor
[2024-07-08T18:36:00.482+0000] {logging_mixin.py:188} INFO - 
 stage: SqlToStaging 
 table:film_actor
[2024-07-08T18:36:00.496+0000] {logging_mixin.py:188} INFO - select *  from etlconf.Etl_Process_Mapping where SourceTableName = 'film_actor' and Stage = 'SqlToStaging'
[2024-07-08T18:36:00.510+0000] {taskinstance.py:2731} ERROR - Task failed with exception
Traceback (most recent call last):
  File "/home/airflow/.local/lib/python3.8/site-packages/airflow/models/taskinstance.py", line 444, in _execute_task
    result = _execute_callable(context=context, **execute_callable_kwargs)
  File "/home/airflow/.local/lib/python3.8/site-packages/airflow/models/taskinstance.py", line 414, in _execute_callable
    return execute_callable(context=context, **execute_callable_kwargs)
  File "/home/airflow/.local/lib/python3.8/site-packages/airflow/operators/python.py", line 200, in execute
    return_value = self.execute_callable()
  File "/home/airflow/.local/lib/python3.8/site-packages/airflow/operators/python.py", line 217, in execute_callable
    return self.python_callable(*self.op_args, **self.op_kwargs)
  File "/opt/airflow/dags/dag.py", line 22, in process_table
    return  execute(table, stage)
  File "/app/main.py", line 25, in execute
    SqlToStaging().create_full().some_function(table, stage)
  File "/app/concretestage/SQLToStaging.py", line 31, in some_function
    df = get_data_from_conf_table(f"{table}", f"{stage}")
  File "/app/myFramework/utils/utils.py", line 138, in get_data_from_conf_table
    cur = conn.getCursor("postgres")
  File "/app/myFramework/source/posgresql/connect.py", line 6, in getCursor
    conn = psycopg2.connect(database = dbname,
  File "/home/airflow/.local/lib/python3.8/site-packages/psycopg2/__init__.py", line 122, in connect
    conn = _connect(dsn, connection_factory=connection_factory, **kwasync)
psycopg2.OperationalError: connection to server at "0.0.0.0", port 9999 failed: Connection refused
	Is the server running on that host and accepting TCP/IP connections?

[2024-07-08T18:36:00.531+0000] {taskinstance.py:1149} INFO - Marking task as FAILED. dag_id=SqlToStaging, task_id=film_actor, execution_date=20240707T000000, start_date=20240708T183558, end_date=20240708T183600
[2024-07-08T18:36:00.566+0000] {standard_task_runner.py:107} ERROR - Failed to execute job 11 for task film_actor (connection to server at "0.0.0.0", port 9999 failed: Connection refused
	Is the server running on that host and accepting TCP/IP connections?
; 99)
[2024-07-08T18:36:00.640+0000] {local_task_job_runner.py:234} INFO - Task exited with return code 1
[2024-07-08T18:36:00.680+0000] {taskinstance.py:3312} INFO - 0 downstream tasks scheduled from follow-on schedule check
