[2024-07-25T18:37:42.441+0000] {taskinstance.py:1979} INFO - Dependencies all met for dep_context=non-requeueable deps ti=<TaskInstance: dvtobv.film scheduled__2024-07-24T00:00:00+00:00 [queued]>
[2024-07-25T18:37:42.447+0000] {taskinstance.py:1979} INFO - Dependencies all met for dep_context=requeueable deps ti=<TaskInstance: dvtobv.film scheduled__2024-07-24T00:00:00+00:00 [queued]>
[2024-07-25T18:37:42.447+0000] {taskinstance.py:2193} INFO - Starting attempt 1 of 1
[2024-07-25T18:37:42.455+0000] {taskinstance.py:2217} INFO - Executing <Task(PythonOperator): film> on 2024-07-24 00:00:00+00:00
[2024-07-25T18:37:42.458+0000] {standard_task_runner.py:60} INFO - Started process 52 to run task
[2024-07-25T18:37:42.460+0000] {standard_task_runner.py:87} INFO - Running: ['***', 'tasks', 'run', 'dvtobv', 'film', 'scheduled__2024-07-24T00:00:00+00:00', '--job-id', '3', '--raw', '--subdir', 'DAGS_FOLDER/dag.py', '--cfg-path', '/tmp/tmpgk6vckjq']
[2024-07-25T18:37:42.463+0000] {standard_task_runner.py:88} INFO - Job 3: Subtask film
[2024-07-25T18:37:42.496+0000] {task_command.py:423} INFO - Running <TaskInstance: dvtobv.film scheduled__2024-07-24T00:00:00+00:00 [running]> on host 7d11d4037c92
[2024-07-25T18:37:42.698+0000] {taskinstance.py:2513} INFO - Exporting env vars: AIRFLOW_CTX_DAG_OWNER='***' AIRFLOW_CTX_DAG_ID='dvtobv' AIRFLOW_CTX_TASK_ID='film' AIRFLOW_CTX_EXECUTION_DATE='2024-07-24T00:00:00+00:00' AIRFLOW_CTX_TRY_NUMBER='1' AIRFLOW_CTX_DAG_RUN_ID='scheduled__2024-07-24T00:00:00+00:00'
[2024-07-25T18:37:42.699+0000] {logging_mixin.py:188} INFO - -------------------------------------------- select *  from etlconf.Etl_Process_Mapping where SourceTableName = 'film' and Stage = 'dvtobv'
[2024-07-25T18:37:42.733+0000] {taskinstance.py:2731} ERROR - Task failed with exception
Traceback (most recent call last):
  File "/home/airflow/.local/lib/python3.8/site-packages/airflow/models/taskinstance.py", line 444, in _execute_task
    result = _execute_callable(context=context, **execute_callable_kwargs)
  File "/home/airflow/.local/lib/python3.8/site-packages/airflow/models/taskinstance.py", line 414, in _execute_callable
    return execute_callable(context=context, **execute_callable_kwargs)
  File "/home/airflow/.local/lib/python3.8/site-packages/airflow/operators/python.py", line 200, in execute
    return_value = self.execute_callable()
  File "/home/airflow/.local/lib/python3.8/site-packages/airflow/operators/python.py", line 217, in execute_callable
    return self.python_callable(*self.op_args, **self.op_kwargs)
  File "/opt/airflow/dags/dag.py", line 43, in process_table
    tabletype = get_data_from_conf_table(table,stage)['tabletype'].values[0]
  File "/opt/airflow/dags/dag.py", line 36, in get_data_from_conf_table
    df.columns = [desc[0] for desc in cur.description]
  File "/home/airflow/.local/lib/python3.8/site-packages/pandas/core/generic.py", line 6002, in __setattr__
    return object.__setattr__(self, name, value)
  File "pandas/_libs/properties.pyx", line 69, in pandas._libs.properties.AxisProperty.__set__
  File "/home/airflow/.local/lib/python3.8/site-packages/pandas/core/generic.py", line 730, in _set_axis
    self._mgr.set_axis(axis, labels)
  File "/home/airflow/.local/lib/python3.8/site-packages/pandas/core/internals/managers.py", line 225, in set_axis
    self._validate_set_axis(axis, new_labels)
  File "/home/airflow/.local/lib/python3.8/site-packages/pandas/core/internals/base.py", line 70, in _validate_set_axis
    raise ValueError(
ValueError: Length mismatch: Expected axis has 0 elements, new values have 16 elements
[2024-07-25T18:37:42.740+0000] {taskinstance.py:1149} INFO - Marking task as FAILED. dag_id=dvtobv, task_id=film, execution_date=20240724T000000, start_date=20240725T183742, end_date=20240725T183742
[2024-07-25T18:37:42.748+0000] {standard_task_runner.py:107} ERROR - Failed to execute job 3 for task film (Length mismatch: Expected axis has 0 elements, new values have 16 elements; 52)
[2024-07-25T18:37:42.764+0000] {local_task_job_runner.py:234} INFO - Task exited with return code 1
[2024-07-25T18:37:42.773+0000] {taskinstance.py:3312} INFO - 0 downstream tasks scheduled from follow-on schedule check
[2024-07-25T18:48:40.930+0000] {taskinstance.py:1979} INFO - Dependencies all met for dep_context=non-requeueable deps ti=<TaskInstance: dvtobv.film scheduled__2024-07-24T00:00:00+00:00 [queued]>
[2024-07-25T18:48:40.937+0000] {taskinstance.py:1979} INFO - Dependencies all met for dep_context=requeueable deps ti=<TaskInstance: dvtobv.film scheduled__2024-07-24T00:00:00+00:00 [queued]>
[2024-07-25T18:48:40.937+0000] {taskinstance.py:2193} INFO - Starting attempt 1 of 1
[2024-07-25T18:48:40.945+0000] {taskinstance.py:2217} INFO - Executing <Task(PythonOperator): film> on 2024-07-24 00:00:00+00:00
[2024-07-25T18:48:40.949+0000] {standard_task_runner.py:60} INFO - Started process 53 to run task
[2024-07-25T18:48:40.953+0000] {standard_task_runner.py:87} INFO - Running: ['***', 'tasks', 'run', 'dvtobv', 'film', 'scheduled__2024-07-24T00:00:00+00:00', '--job-id', '3', '--raw', '--subdir', 'DAGS_FOLDER/dag.py', '--cfg-path', '/tmp/tmp3_8i3loc']
[2024-07-25T18:48:40.956+0000] {standard_task_runner.py:88} INFO - Job 3: Subtask film
[2024-07-25T18:48:41.006+0000] {task_command.py:423} INFO - Running <TaskInstance: dvtobv.film scheduled__2024-07-24T00:00:00+00:00 [running]> on host 1da4aad7d576
[2024-07-25T18:48:41.328+0000] {taskinstance.py:2513} INFO - Exporting env vars: AIRFLOW_CTX_DAG_OWNER='***' AIRFLOW_CTX_DAG_ID='dvtobv' AIRFLOW_CTX_TASK_ID='film' AIRFLOW_CTX_EXECUTION_DATE='2024-07-24T00:00:00+00:00' AIRFLOW_CTX_TRY_NUMBER='1' AIRFLOW_CTX_DAG_RUN_ID='scheduled__2024-07-24T00:00:00+00:00'
[2024-07-25T18:48:41.334+0000] {logging_mixin.py:188} INFO - -------------------------------------------- select *  from etlconf.Etl_Process_Mapping where SourceTableName = 'film' and Stage = 'dvtobv'
[2024-07-25T18:48:41.433+0000] {taskinstance.py:2731} ERROR - Task failed with exception
Traceback (most recent call last):
  File "/home/airflow/.local/lib/python3.8/site-packages/airflow/models/taskinstance.py", line 444, in _execute_task
    result = _execute_callable(context=context, **execute_callable_kwargs)
  File "/home/airflow/.local/lib/python3.8/site-packages/airflow/models/taskinstance.py", line 414, in _execute_callable
    return execute_callable(context=context, **execute_callable_kwargs)
  File "/home/airflow/.local/lib/python3.8/site-packages/airflow/operators/python.py", line 200, in execute
    return_value = self.execute_callable()
  File "/home/airflow/.local/lib/python3.8/site-packages/airflow/operators/python.py", line 217, in execute_callable
    return self.python_callable(*self.op_args, **self.op_kwargs)
  File "/opt/airflow/dags/dag.py", line 43, in process_table
    tabletype = get_data_from_conf_table(table,stage)['tabletype'].values[0]
  File "/opt/airflow/dags/dag.py", line 36, in get_data_from_conf_table
    df.columns = [desc[0] for desc in cur.description]
  File "/home/airflow/.local/lib/python3.8/site-packages/pandas/core/generic.py", line 6002, in __setattr__
    return object.__setattr__(self, name, value)
  File "pandas/_libs/properties.pyx", line 69, in pandas._libs.properties.AxisProperty.__set__
  File "/home/airflow/.local/lib/python3.8/site-packages/pandas/core/generic.py", line 730, in _set_axis
    self._mgr.set_axis(axis, labels)
  File "/home/airflow/.local/lib/python3.8/site-packages/pandas/core/internals/managers.py", line 225, in set_axis
    self._validate_set_axis(axis, new_labels)
  File "/home/airflow/.local/lib/python3.8/site-packages/pandas/core/internals/base.py", line 70, in _validate_set_axis
    raise ValueError(
ValueError: Length mismatch: Expected axis has 0 elements, new values have 16 elements
[2024-07-25T18:48:41.452+0000] {taskinstance.py:1149} INFO - Marking task as FAILED. dag_id=dvtobv, task_id=film, execution_date=20240724T000000, start_date=20240725T184840, end_date=20240725T184841
[2024-07-25T18:48:41.471+0000] {standard_task_runner.py:107} ERROR - Failed to execute job 3 for task film (Length mismatch: Expected axis has 0 elements, new values have 16 elements; 53)
[2024-07-25T18:48:41.516+0000] {local_task_job_runner.py:234} INFO - Task exited with return code 1
[2024-07-25T18:48:41.540+0000] {taskinstance.py:3312} INFO - 0 downstream tasks scheduled from follow-on schedule check
[2024-07-25T18:52:04.951+0000] {taskinstance.py:1979} INFO - Dependencies all met for dep_context=non-requeueable deps ti=<TaskInstance: dvtobv.film scheduled__2024-07-24T00:00:00+00:00 [queued]>
[2024-07-25T18:52:04.956+0000] {taskinstance.py:1979} INFO - Dependencies all met for dep_context=requeueable deps ti=<TaskInstance: dvtobv.film scheduled__2024-07-24T00:00:00+00:00 [queued]>
[2024-07-25T18:52:04.957+0000] {taskinstance.py:2193} INFO - Starting attempt 1 of 1
[2024-07-25T18:52:04.965+0000] {taskinstance.py:2217} INFO - Executing <Task(PythonOperator): film> on 2024-07-24 00:00:00+00:00
[2024-07-25T18:52:04.971+0000] {standard_task_runner.py:60} INFO - Started process 53 to run task
[2024-07-25T18:52:04.974+0000] {standard_task_runner.py:87} INFO - Running: ['***', 'tasks', 'run', 'dvtobv', 'film', 'scheduled__2024-07-24T00:00:00+00:00', '--job-id', '3', '--raw', '--subdir', 'DAGS_FOLDER/dag.py', '--cfg-path', '/tmp/tmp3hg8h3h7']
[2024-07-25T18:52:04.977+0000] {standard_task_runner.py:88} INFO - Job 3: Subtask film
[2024-07-25T18:52:05.010+0000] {task_command.py:423} INFO - Running <TaskInstance: dvtobv.film scheduled__2024-07-24T00:00:00+00:00 [running]> on host e50138609c55
[2024-07-25T18:52:05.238+0000] {taskinstance.py:2513} INFO - Exporting env vars: AIRFLOW_CTX_DAG_OWNER='***' AIRFLOW_CTX_DAG_ID='dvtobv' AIRFLOW_CTX_TASK_ID='film' AIRFLOW_CTX_EXECUTION_DATE='2024-07-24T00:00:00+00:00' AIRFLOW_CTX_TRY_NUMBER='1' AIRFLOW_CTX_DAG_RUN_ID='scheduled__2024-07-24T00:00:00+00:00'
[2024-07-25T18:52:05.239+0000] {logging_mixin.py:188} INFO - -------------------------------------------- select *  from etlconf.Etl_Process_Mapping where SourceTableName = 'film' and Stage = 'dvtobv'
[2024-07-25T18:52:05.280+0000] {taskinstance.py:2731} ERROR - Task failed with exception
Traceback (most recent call last):
  File "/home/airflow/.local/lib/python3.8/site-packages/airflow/models/taskinstance.py", line 444, in _execute_task
    result = _execute_callable(context=context, **execute_callable_kwargs)
  File "/home/airflow/.local/lib/python3.8/site-packages/airflow/models/taskinstance.py", line 414, in _execute_callable
    return execute_callable(context=context, **execute_callable_kwargs)
  File "/home/airflow/.local/lib/python3.8/site-packages/airflow/operators/python.py", line 200, in execute
    return_value = self.execute_callable()
  File "/home/airflow/.local/lib/python3.8/site-packages/airflow/operators/python.py", line 217, in execute_callable
    return self.python_callable(*self.op_args, **self.op_kwargs)
  File "/opt/airflow/dags/dag.py", line 43, in process_table
    tabletype = get_data_from_conf_table(table,stage)['tabletype'].values[0]
  File "/opt/airflow/dags/dag.py", line 36, in get_data_from_conf_table
    df.columns = [desc[0] for desc in cur.description]
  File "/home/airflow/.local/lib/python3.8/site-packages/pandas/core/generic.py", line 6002, in __setattr__
    return object.__setattr__(self, name, value)
  File "pandas/_libs/properties.pyx", line 69, in pandas._libs.properties.AxisProperty.__set__
  File "/home/airflow/.local/lib/python3.8/site-packages/pandas/core/generic.py", line 730, in _set_axis
    self._mgr.set_axis(axis, labels)
  File "/home/airflow/.local/lib/python3.8/site-packages/pandas/core/internals/managers.py", line 225, in set_axis
    self._validate_set_axis(axis, new_labels)
  File "/home/airflow/.local/lib/python3.8/site-packages/pandas/core/internals/base.py", line 70, in _validate_set_axis
    raise ValueError(
ValueError: Length mismatch: Expected axis has 0 elements, new values have 16 elements
[2024-07-25T18:52:05.288+0000] {taskinstance.py:1149} INFO - Marking task as FAILED. dag_id=dvtobv, task_id=film, execution_date=20240724T000000, start_date=20240725T185204, end_date=20240725T185205
[2024-07-25T18:52:05.295+0000] {standard_task_runner.py:107} ERROR - Failed to execute job 3 for task film (Length mismatch: Expected axis has 0 elements, new values have 16 elements; 53)
[2024-07-25T18:52:05.333+0000] {local_task_job_runner.py:234} INFO - Task exited with return code 1
[2024-07-25T18:52:05.344+0000] {taskinstance.py:3312} INFO - 0 downstream tasks scheduled from follow-on schedule check
[2024-07-25T18:58:50.918+0000] {taskinstance.py:1979} INFO - Dependencies all met for dep_context=non-requeueable deps ti=<TaskInstance: dvtobv.film scheduled__2024-07-24T00:00:00+00:00 [queued]>
[2024-07-25T18:58:50.923+0000] {taskinstance.py:1979} INFO - Dependencies all met for dep_context=requeueable deps ti=<TaskInstance: dvtobv.film scheduled__2024-07-24T00:00:00+00:00 [queued]>
[2024-07-25T18:58:50.924+0000] {taskinstance.py:2193} INFO - Starting attempt 1 of 1
[2024-07-25T18:58:50.931+0000] {taskinstance.py:2217} INFO - Executing <Task(PythonOperator): film> on 2024-07-24 00:00:00+00:00
[2024-07-25T18:58:50.934+0000] {standard_task_runner.py:60} INFO - Started process 61 to run task
[2024-07-25T18:58:50.936+0000] {standard_task_runner.py:87} INFO - Running: ['***', 'tasks', 'run', 'dvtobv', 'film', 'scheduled__2024-07-24T00:00:00+00:00', '--job-id', '3', '--raw', '--subdir', 'DAGS_FOLDER/dag.py', '--cfg-path', '/tmp/tmp8ib7t827']
[2024-07-25T18:58:50.937+0000] {standard_task_runner.py:88} INFO - Job 3: Subtask film
[2024-07-25T18:58:50.965+0000] {task_command.py:423} INFO - Running <TaskInstance: dvtobv.film scheduled__2024-07-24T00:00:00+00:00 [running]> on host 8cde1e83ea49
[2024-07-25T18:58:51.150+0000] {taskinstance.py:2513} INFO - Exporting env vars: AIRFLOW_CTX_DAG_OWNER='***' AIRFLOW_CTX_DAG_ID='dvtobv' AIRFLOW_CTX_TASK_ID='film' AIRFLOW_CTX_EXECUTION_DATE='2024-07-24T00:00:00+00:00' AIRFLOW_CTX_TRY_NUMBER='1' AIRFLOW_CTX_DAG_RUN_ID='scheduled__2024-07-24T00:00:00+00:00'
[2024-07-25T18:58:51.151+0000] {logging_mixin.py:188} INFO - table:stage film dvtobv
[2024-07-25T18:58:51.151+0000] {logging_mixin.py:188} INFO - -------------------------------------------- select *  from etlconf.Etl_Process_Mapping where SourceTableName = 'film' and Stage = 'dvtobv'
[2024-07-25T18:58:51.186+0000] {taskinstance.py:2731} ERROR - Task failed with exception
Traceback (most recent call last):
  File "/home/airflow/.local/lib/python3.8/site-packages/airflow/models/taskinstance.py", line 444, in _execute_task
    result = _execute_callable(context=context, **execute_callable_kwargs)
  File "/home/airflow/.local/lib/python3.8/site-packages/airflow/models/taskinstance.py", line 414, in _execute_callable
    return execute_callable(context=context, **execute_callable_kwargs)
  File "/home/airflow/.local/lib/python3.8/site-packages/airflow/operators/python.py", line 200, in execute
    return_value = self.execute_callable()
  File "/home/airflow/.local/lib/python3.8/site-packages/airflow/operators/python.py", line 217, in execute_callable
    return self.python_callable(*self.op_args, **self.op_kwargs)
  File "/opt/airflow/dags/dag.py", line 44, in process_table
    tabletype = get_data_from_conf_table(table,stage)['tabletype'].values[0]
  File "/opt/airflow/dags/dag.py", line 36, in get_data_from_conf_table
    df.columns = [desc[0] for desc in cur.description]
  File "/home/airflow/.local/lib/python3.8/site-packages/pandas/core/generic.py", line 6002, in __setattr__
    return object.__setattr__(self, name, value)
  File "pandas/_libs/properties.pyx", line 69, in pandas._libs.properties.AxisProperty.__set__
  File "/home/airflow/.local/lib/python3.8/site-packages/pandas/core/generic.py", line 730, in _set_axis
    self._mgr.set_axis(axis, labels)
  File "/home/airflow/.local/lib/python3.8/site-packages/pandas/core/internals/managers.py", line 225, in set_axis
    self._validate_set_axis(axis, new_labels)
  File "/home/airflow/.local/lib/python3.8/site-packages/pandas/core/internals/base.py", line 70, in _validate_set_axis
    raise ValueError(
ValueError: Length mismatch: Expected axis has 0 elements, new values have 16 elements
[2024-07-25T18:58:51.193+0000] {taskinstance.py:1149} INFO - Marking task as FAILED. dag_id=dvtobv, task_id=film, execution_date=20240724T000000, start_date=20240725T185850, end_date=20240725T185851
[2024-07-25T18:58:51.199+0000] {standard_task_runner.py:107} ERROR - Failed to execute job 3 for task film (Length mismatch: Expected axis has 0 elements, new values have 16 elements; 61)
[2024-07-25T18:58:51.247+0000] {local_task_job_runner.py:234} INFO - Task exited with return code 1
[2024-07-25T18:58:51.259+0000] {taskinstance.py:3312} INFO - 0 downstream tasks scheduled from follow-on schedule check
[2024-07-25T19:09:19.711+0000] {taskinstance.py:1979} INFO - Dependencies all met for dep_context=non-requeueable deps ti=<TaskInstance: dvtobv.film scheduled__2024-07-24T00:00:00+00:00 [queued]>
[2024-07-25T19:09:19.719+0000] {taskinstance.py:1979} INFO - Dependencies all met for dep_context=requeueable deps ti=<TaskInstance: dvtobv.film scheduled__2024-07-24T00:00:00+00:00 [queued]>
[2024-07-25T19:09:19.719+0000] {taskinstance.py:2193} INFO - Starting attempt 1 of 1
[2024-07-25T19:09:19.726+0000] {taskinstance.py:2217} INFO - Executing <Task(PythonOperator): film> on 2024-07-24 00:00:00+00:00
[2024-07-25T19:09:19.730+0000] {standard_task_runner.py:60} INFO - Started process 69 to run task
[2024-07-25T19:09:19.734+0000] {standard_task_runner.py:87} INFO - Running: ['***', 'tasks', 'run', 'dvtobv', 'film', 'scheduled__2024-07-24T00:00:00+00:00', '--job-id', '3', '--raw', '--subdir', 'DAGS_FOLDER/dag.py', '--cfg-path', '/tmp/tmp1nrvqm2d']
[2024-07-25T19:09:19.736+0000] {standard_task_runner.py:88} INFO - Job 3: Subtask film
[2024-07-25T19:09:19.771+0000] {task_command.py:423} INFO - Running <TaskInstance: dvtobv.film scheduled__2024-07-24T00:00:00+00:00 [running]> on host ca505dc93726
[2024-07-25T19:09:20.014+0000] {taskinstance.py:2513} INFO - Exporting env vars: AIRFLOW_CTX_DAG_OWNER='***' AIRFLOW_CTX_DAG_ID='dvtobv' AIRFLOW_CTX_TASK_ID='film' AIRFLOW_CTX_EXECUTION_DATE='2024-07-24T00:00:00+00:00' AIRFLOW_CTX_TRY_NUMBER='1' AIRFLOW_CTX_DAG_RUN_ID='scheduled__2024-07-24T00:00:00+00:00'
[2024-07-25T19:09:20.016+0000] {logging_mixin.py:188} INFO - table:stage film dvtobv
[2024-07-25T19:09:20.016+0000] {logging_mixin.py:188} INFO - else
[2024-07-25T19:09:20.042+0000] {logging_mixin.py:188} INFO - tabletype full
[2024-07-25T19:09:20.042+0000] {logging_mixin.py:188} INFO - dvtobv
[2024-07-25T19:09:20.042+0000] {logging_mixin.py:188} INFO - else
[2024-07-25T19:09:20.056+0000] {taskinstance.py:2731} ERROR - Task failed with exception
Traceback (most recent call last):
  File "/home/airflow/.local/lib/python3.8/site-packages/airflow/models/taskinstance.py", line 444, in _execute_task
    result = _execute_callable(context=context, **execute_callable_kwargs)
  File "/home/airflow/.local/lib/python3.8/site-packages/airflow/models/taskinstance.py", line 414, in _execute_callable
    return execute_callable(context=context, **execute_callable_kwargs)
  File "/home/airflow/.local/lib/python3.8/site-packages/airflow/operators/python.py", line 200, in execute
    return_value = self.execute_callable()
  File "/home/airflow/.local/lib/python3.8/site-packages/airflow/operators/python.py", line 217, in execute_callable
    return self.python_callable(*self.op_args, **self.op_kwargs)
  File "/opt/airflow/dags/dag.py", line 53, in process_table
    return  execute(table, stage, tabletype)
  File "/app/main.py", line 41, in execute
    DVToBV().create_full().some_function(table, stage)
  File "/app/concretestage/DVToBV.py", line 33, in some_function
    sourceDF = getDF(sourcedbname, p_query=Query)
  File "/app/myFramework/utils/utils.py", line 31, in getDF
    cur.execute(query)
psycopg2.errors.FeatureNotSupported: cross-database references are not implemented: "DBDV.dvdrental.film_actor"
LINE 3: ...ver (partition by fa.gen_film_id ) cnt_actor from "DBDV".dvd...
                                                             ^

[2024-07-25T19:09:20.063+0000] {taskinstance.py:1149} INFO - Marking task as FAILED. dag_id=dvtobv, task_id=film, execution_date=20240724T000000, start_date=20240725T190919, end_date=20240725T190920
[2024-07-25T19:09:20.070+0000] {standard_task_runner.py:107} ERROR - Failed to execute job 3 for task film (cross-database references are not implemented: "DBDV.dvdrental.film_actor"
LINE 3: ...ver (partition by fa.gen_film_id ) cnt_actor from "DBDV".dvd...
                                                             ^
; 69)
[2024-07-25T19:09:20.079+0000] {local_task_job_runner.py:234} INFO - Task exited with return code 1
[2024-07-25T19:09:20.090+0000] {taskinstance.py:3312} INFO - 0 downstream tasks scheduled from follow-on schedule check
[2024-07-25T19:16:39.226+0000] {taskinstance.py:1979} INFO - Dependencies all met for dep_context=non-requeueable deps ti=<TaskInstance: dvtobv.film scheduled__2024-07-24T00:00:00+00:00 [queued]>
[2024-07-25T19:16:39.231+0000] {taskinstance.py:1979} INFO - Dependencies all met for dep_context=requeueable deps ti=<TaskInstance: dvtobv.film scheduled__2024-07-24T00:00:00+00:00 [queued]>
[2024-07-25T19:16:39.231+0000] {taskinstance.py:2193} INFO - Starting attempt 1 of 1
[2024-07-25T19:16:39.239+0000] {taskinstance.py:2217} INFO - Executing <Task(PythonOperator): film> on 2024-07-24 00:00:00+00:00
[2024-07-25T19:16:39.243+0000] {standard_task_runner.py:60} INFO - Started process 75 to run task
[2024-07-25T19:16:39.245+0000] {standard_task_runner.py:87} INFO - Running: ['***', 'tasks', 'run', 'dvtobv', 'film', 'scheduled__2024-07-24T00:00:00+00:00', '--job-id', '3', '--raw', '--subdir', 'DAGS_FOLDER/dag.py', '--cfg-path', '/tmp/tmpqw84avpv']
[2024-07-25T19:16:39.246+0000] {standard_task_runner.py:88} INFO - Job 3: Subtask film
[2024-07-25T19:16:39.272+0000] {task_command.py:423} INFO - Running <TaskInstance: dvtobv.film scheduled__2024-07-24T00:00:00+00:00 [running]> on host f2f0150ee5a8
[2024-07-25T19:16:39.505+0000] {taskinstance.py:2513} INFO - Exporting env vars: AIRFLOW_CTX_DAG_OWNER='***' AIRFLOW_CTX_DAG_ID='dvtobv' AIRFLOW_CTX_TASK_ID='film' AIRFLOW_CTX_EXECUTION_DATE='2024-07-24T00:00:00+00:00' AIRFLOW_CTX_TRY_NUMBER='1' AIRFLOW_CTX_DAG_RUN_ID='scheduled__2024-07-24T00:00:00+00:00'
[2024-07-25T19:16:39.755+0000] {logging_mixin.py:188} INFO - update etlconf.Etl_Process_Mapping T set last_run_date = current_timestamp where destdbname='dbbv' and destschema='dvdrental' and desttablename='film';
[2024-07-25T19:16:39.767+0000] {python.py:202} INFO - Done. Returned value was: None
[2024-07-25T19:16:39.773+0000] {taskinstance.py:1149} INFO - Marking task as SUCCESS. dag_id=dvtobv, task_id=film, execution_date=20240724T000000, start_date=20240725T191639, end_date=20240725T191639
[2024-07-25T19:16:39.797+0000] {local_task_job_runner.py:234} INFO - Task exited with return code 0
[2024-07-25T19:16:39.808+0000] {taskinstance.py:3312} INFO - 0 downstream tasks scheduled from follow-on schedule check
