[2024-07-23T19:06:20.092+0000] {taskinstance.py:1979} INFO - Dependencies all met for dep_context=non-requeueable deps ti=<TaskInstance: stagingtodv.store manual__2024-07-23T19:06:17.379700+00:00 [queued]>
[2024-07-23T19:06:20.110+0000] {taskinstance.py:1979} INFO - Dependencies all met for dep_context=requeueable deps ti=<TaskInstance: stagingtodv.store manual__2024-07-23T19:06:17.379700+00:00 [queued]>
[2024-07-23T19:06:20.122+0000] {taskinstance.py:2193} INFO - Starting attempt 1 of 1
[2024-07-23T19:06:20.140+0000] {taskinstance.py:2217} INFO - Executing <Task(PythonOperator): store> on 2024-07-23 19:06:17.379700+00:00
[2024-07-23T19:06:20.186+0000] {standard_task_runner.py:60} INFO - Started process 179 to run task
[2024-07-23T19:06:20.193+0000] {standard_task_runner.py:87} INFO - Running: ['***', 'tasks', 'run', 'stagingtodv', 'store', 'manual__2024-07-23T19:06:17.379700+00:00', '--job-id', '22', '--raw', '--subdir', 'DAGS_FOLDER/dag.py', '--cfg-path', '/tmp/tmpkjk1hrxt']
[2024-07-23T19:06:20.205+0000] {standard_task_runner.py:88} INFO - Job 22: Subtask store
[2024-07-23T19:06:20.431+0000] {task_command.py:423} INFO - Running <TaskInstance: stagingtodv.store manual__2024-07-23T19:06:17.379700+00:00 [running]> on host fc8d45b704f5
[2024-07-23T19:06:20.716+0000] {taskinstance.py:2513} INFO - Exporting env vars: AIRFLOW_CTX_DAG_OWNER='***' AIRFLOW_CTX_DAG_ID='stagingtodv' AIRFLOW_CTX_TASK_ID='store' AIRFLOW_CTX_EXECUTION_DATE='2024-07-23T19:06:17.379700+00:00' AIRFLOW_CTX_TRY_NUMBER='1' AIRFLOW_CTX_DAG_RUN_ID='manual__2024-07-23T19:06:17.379700+00:00'
[2024-07-23T19:06:20.724+0000] {logging_mixin.py:188} INFO - -------------------------------------------- select *  from etlconf.Etl_Process_Mapping where SourceTableName = 'store' and Stage = 'stagingtodv'
[2024-07-23T19:06:21.339+0000] {taskinstance.py:2731} ERROR - Task failed with exception
Traceback (most recent call last):
  File "/home/airflow/.local/lib/python3.8/site-packages/airflow/models/taskinstance.py", line 444, in _execute_task
    result = _execute_callable(context=context, **execute_callable_kwargs)
  File "/home/airflow/.local/lib/python3.8/site-packages/airflow/models/taskinstance.py", line 414, in _execute_callable
    return execute_callable(context=context, **execute_callable_kwargs)
  File "/home/airflow/.local/lib/python3.8/site-packages/airflow/operators/python.py", line 200, in execute
    return_value = self.execute_callable()
  File "/home/airflow/.local/lib/python3.8/site-packages/airflow/operators/python.py", line 217, in execute_callable
    return self.python_callable(*self.op_args, **self.op_kwargs)
  File "/opt/airflow/dags/dag.py", line 45, in process_table
    return  execute(table, stage, tabletype)
  File "/app/main.py", line 37, in execute
    StagingToDV().create_SCD().some_function(table, stage)
  File "/app/concretestage/StagingToDV.py", line 128, in some_function
    targetDF = getDF(DestDBName, DestTableName,DestSchema)
  File "/app/myFramework/utils/utils.py", line 31, in getDF
    df.columns = [desc[0] for desc in cur.description]
  File "/home/airflow/.local/lib/python3.8/site-packages/pandas/core/generic.py", line 6002, in __setattr__
    return object.__setattr__(self, name, value)
  File "pandas/_libs/properties.pyx", line 69, in pandas._libs.properties.AxisProperty.__set__
  File "/home/airflow/.local/lib/python3.8/site-packages/pandas/core/generic.py", line 730, in _set_axis
    self._mgr.set_axis(axis, labels)
  File "/home/airflow/.local/lib/python3.8/site-packages/pandas/core/internals/managers.py", line 225, in set_axis
    self._validate_set_axis(axis, new_labels)
  File "/home/airflow/.local/lib/python3.8/site-packages/pandas/core/internals/base.py", line 70, in _validate_set_axis
    raise ValueError(
ValueError: Length mismatch: Expected axis has 0 elements, new values have 6 elements
[2024-07-23T19:06:21.399+0000] {taskinstance.py:1149} INFO - Marking task as FAILED. dag_id=stagingtodv, task_id=store, execution_date=20240723T190617, start_date=20240723T190620, end_date=20240723T190621
[2024-07-23T19:06:21.425+0000] {standard_task_runner.py:107} ERROR - Failed to execute job 22 for task store (Length mismatch: Expected axis has 0 elements, new values have 6 elements; 179)
[2024-07-23T19:06:21.531+0000] {local_task_job_runner.py:234} INFO - Task exited with return code 1
[2024-07-23T19:06:21.577+0000] {taskinstance.py:3312} INFO - 0 downstream tasks scheduled from follow-on schedule check
