[2024-07-22T20:27:46.569+0000] {taskinstance.py:1979} INFO - Dependencies all met for dep_context=non-requeueable deps ti=<TaskInstance: stagingtodv.payment manual__2024-07-22T20:27:43.482203+00:00 [queued]>
[2024-07-22T20:27:46.601+0000] {taskinstance.py:1979} INFO - Dependencies all met for dep_context=requeueable deps ti=<TaskInstance: stagingtodv.payment manual__2024-07-22T20:27:43.482203+00:00 [queued]>
[2024-07-22T20:27:46.602+0000] {taskinstance.py:2193} INFO - Starting attempt 1 of 1
[2024-07-22T20:27:46.642+0000] {taskinstance.py:2217} INFO - Executing <Task(PythonOperator): payment> on 2024-07-22 20:27:43.482203+00:00
[2024-07-22T20:27:46.677+0000] {standard_task_runner.py:60} INFO - Started process 358 to run task
[2024-07-22T20:27:46.685+0000] {standard_task_runner.py:87} INFO - Running: ['***', 'tasks', 'run', 'stagingtodv', 'payment', 'manual__2024-07-22T20:27:43.482203+00:00', '--job-id', '45', '--raw', '--subdir', 'DAGS_FOLDER/dag.py', '--cfg-path', '/tmp/tmpedgco2tc']
[2024-07-22T20:27:46.697+0000] {standard_task_runner.py:88} INFO - Job 45: Subtask payment
[2024-07-22T20:27:46.885+0000] {task_command.py:423} INFO - Running <TaskInstance: stagingtodv.payment manual__2024-07-22T20:27:43.482203+00:00 [running]> on host 78ac63ab6c84
[2024-07-22T20:27:47.154+0000] {taskinstance.py:2513} INFO - Exporting env vars: AIRFLOW_CTX_DAG_OWNER='***' AIRFLOW_CTX_DAG_ID='stagingtodv' AIRFLOW_CTX_TASK_ID='payment' AIRFLOW_CTX_EXECUTION_DATE='2024-07-22T20:27:43.482203+00:00' AIRFLOW_CTX_TRY_NUMBER='1' AIRFLOW_CTX_DAG_RUN_ID='manual__2024-07-22T20:27:43.482203+00:00'
[2024-07-22T20:27:47.175+0000] {logging_mixin.py:188} INFO - -------------------------------------------- select *  from etlconf.Etl_Process_Mapping where SourceTableName = 'payment' and Stage = 'stagingtodv'
[2024-07-22T20:27:48.173+0000] {logging_mixin.py:188} INFO - DFFFFFFFFFDFFFFFFFFF            0    1  2      3     4                          5
0      17503  341  2   1520  7.99 2007-02-15 22:25:46.996577
1      17504  341  1   1778  1.99 2007-02-16 17:23:14.996577
2      17505  341  1   1849  7.99 2007-02-16 22:41:45.996577
3      17506  341  2   2829  2.99 2007-02-19 19:39:56.996577
4      17507  341  2   3130  7.99 2007-02-20 17:31:48.996577
...      ...  ... ..    ...   ...                        ...
14591  32094  245  2  12682  2.99 2007-05-14 13:44:29.996577
14592  32095  251  1  14107  0.99 2007-05-14 13:44:29.996577
14593  32096  252  2  13756  4.99 2007-05-14 13:44:29.996577
14594  32097  263  1  15293  0.99 2007-05-14 13:44:29.996577
14595  32098  264  2  14243  2.99 2007-05-14 13:44:29.996577

[14596 rows x 6 columns]
[2024-07-22T20:27:48.197+0000] {logging_mixin.py:188} INFO - SOURCE DFFF        payment_id  customer_id  ...  amount               payment_date
0           17503          341  ...    7.99 2007-02-15 22:25:46.996577
1           17504          341  ...    1.99 2007-02-16 17:23:14.996577
2           17505          341  ...    7.99 2007-02-16 22:41:45.996577
3           17506          341  ...    2.99 2007-02-19 19:39:56.996577
4           17507          341  ...    7.99 2007-02-20 17:31:48.996577
...           ...          ...  ...     ...                        ...
14591       32094          245  ...    2.99 2007-05-14 13:44:29.996577
14592       32095          251  ...    0.99 2007-05-14 13:44:29.996577
14593       32096          252  ...    4.99 2007-05-14 13:44:29.996577
14594       32097          263  ...    0.99 2007-05-14 13:44:29.996577
14595       32098          264  ...    2.99 2007-05-14 13:44:29.996577

[14596 rows x 6 columns]
[2024-07-22T20:27:48.222+0000] {logging_mixin.py:188} INFO - DFFFFFFFFFDFFFFFFFFF Empty DataFrame
Columns: []
Index: []
[2024-07-22T20:27:48.223+0000] {taskinstance.py:2731} ERROR - Task failed with exception
Traceback (most recent call last):
  File "/home/airflow/.local/lib/python3.8/site-packages/airflow/models/taskinstance.py", line 444, in _execute_task
    result = _execute_callable(context=context, **execute_callable_kwargs)
  File "/home/airflow/.local/lib/python3.8/site-packages/airflow/models/taskinstance.py", line 414, in _execute_callable
    return execute_callable(context=context, **execute_callable_kwargs)
  File "/home/airflow/.local/lib/python3.8/site-packages/airflow/operators/python.py", line 200, in execute
    return_value = self.execute_callable()
  File "/home/airflow/.local/lib/python3.8/site-packages/airflow/operators/python.py", line 217, in execute_callable
    return self.python_callable(*self.op_args, **self.op_kwargs)
  File "/opt/airflow/dags/dag.py", line 45, in process_table
    return  execute(table, stage, tabletype)
  File "/app/main.py", line 33, in execute
    StagingToDV().create_incremental().some_function(table, stage)
  File "/app/concretestage/StagingToDV.py", line 64, in some_function
    dest_col_list = list(getDF(DestDBName, DestTableName,DestSchema).columns)
  File "/app/myFramework/utils/utils.py", line 32, in getDF
    df.columns = [desc[0] for desc in cur.description]
  File "/home/airflow/.local/lib/python3.8/site-packages/pandas/core/generic.py", line 6002, in __setattr__
    return object.__setattr__(self, name, value)
  File "pandas/_libs/properties.pyx", line 69, in pandas._libs.properties.AxisProperty.__set__
  File "/home/airflow/.local/lib/python3.8/site-packages/pandas/core/generic.py", line 730, in _set_axis
    self._mgr.set_axis(axis, labels)
  File "/home/airflow/.local/lib/python3.8/site-packages/pandas/core/internals/managers.py", line 225, in set_axis
    self._validate_set_axis(axis, new_labels)
  File "/home/airflow/.local/lib/python3.8/site-packages/pandas/core/internals/base.py", line 70, in _validate_set_axis
    raise ValueError(
ValueError: Length mismatch: Expected axis has 0 elements, new values have 7 elements
[2024-07-22T20:27:48.241+0000] {taskinstance.py:1149} INFO - Marking task as FAILED. dag_id=stagingtodv, task_id=payment, execution_date=20240722T202743, start_date=20240722T202746, end_date=20240722T202748
[2024-07-22T20:27:48.265+0000] {standard_task_runner.py:107} ERROR - Failed to execute job 45 for task payment (Length mismatch: Expected axis has 0 elements, new values have 7 elements; 358)
[2024-07-22T20:27:48.296+0000] {local_task_job_runner.py:234} INFO - Task exited with return code 1
[2024-07-22T20:27:48.315+0000] {taskinstance.py:3312} INFO - 0 downstream tasks scheduled from follow-on schedule check
