[2024-07-08T18:13:47.094+0000] {taskinstance.py:1979} INFO - Dependencies all met for dep_context=non-requeueable deps ti=<TaskInstance: SqlToStaging.film_category scheduled__2024-07-07T00:00:00+00:00 [queued]>
[2024-07-08T18:13:47.116+0000] {taskinstance.py:1979} INFO - Dependencies all met for dep_context=requeueable deps ti=<TaskInstance: SqlToStaging.film_category scheduled__2024-07-07T00:00:00+00:00 [queued]>
[2024-07-08T18:13:47.122+0000] {taskinstance.py:2193} INFO - Starting attempt 1 of 1
[2024-07-08T18:13:47.173+0000] {taskinstance.py:2217} INFO - Executing <Task(PythonOperator): film_category> on 2024-07-07 00:00:00+00:00
[2024-07-08T18:13:47.191+0000] {standard_task_runner.py:60} INFO - Started process 136 to run task
[2024-07-08T18:13:47.204+0000] {standard_task_runner.py:87} INFO - Running: ['***', 'tasks', 'run', 'SqlToStaging', 'film_category', 'scheduled__2024-07-07T00:00:00+00:00', '--job-id', '46', '--raw', '--subdir', 'DAGS_FOLDER/dag.py', '--cfg-path', '/tmp/tmpy1l39qzr']
[2024-07-08T18:13:47.218+0000] {standard_task_runner.py:88} INFO - Job 46: Subtask film_category
[2024-07-08T18:13:47.347+0000] {task_command.py:423} INFO - Running <TaskInstance: SqlToStaging.film_category scheduled__2024-07-07T00:00:00+00:00 [running]> on host 091922596b62
[2024-07-08T18:13:47.585+0000] {taskinstance.py:2513} INFO - Exporting env vars: AIRFLOW_CTX_DAG_OWNER='***' AIRFLOW_CTX_DAG_ID='SqlToStaging' AIRFLOW_CTX_TASK_ID='film_category' AIRFLOW_CTX_EXECUTION_DATE='2024-07-07T00:00:00+00:00' AIRFLOW_CTX_TRY_NUMBER='1' AIRFLOW_CTX_DAG_RUN_ID='scheduled__2024-07-07T00:00:00+00:00'
[2024-07-08T18:13:47.594+0000] {logging_mixin.py:188} INFO - dvtobv :dag_id
[2024-07-08T18:13:47.601+0000] {logging_mixin.py:188} INFO - table: film_category
[2024-07-08T18:13:47.605+0000] {logging_mixin.py:188} INFO - 
 stage: SqlToStaging 
 table:film_category
[2024-07-08T18:13:47.615+0000] {logging_mixin.py:188} INFO - select *  from etlconf.Etl_Process_Mapping where SourceTableName = 'film_category' and Stage = 'SqlToStaging'
[2024-07-08T18:13:47.676+0000] {taskinstance.py:2731} ERROR - Task failed with exception
Traceback (most recent call last):
  File "/home/airflow/.local/lib/python3.8/site-packages/airflow/models/taskinstance.py", line 444, in _execute_task
    result = _execute_callable(context=context, **execute_callable_kwargs)
  File "/home/airflow/.local/lib/python3.8/site-packages/airflow/models/taskinstance.py", line 414, in _execute_callable
    return execute_callable(context=context, **execute_callable_kwargs)
  File "/home/airflow/.local/lib/python3.8/site-packages/airflow/operators/python.py", line 200, in execute
    return_value = self.execute_callable()
  File "/home/airflow/.local/lib/python3.8/site-packages/airflow/operators/python.py", line 217, in execute_callable
    return self.python_callable(*self.op_args, **self.op_kwargs)
  File "/opt/airflow/dags/dag.py", line 22, in process_table
    return  execute(table, stage)
  File "/app/main.py", line 25, in execute
    SqlToStaging().create_full().some_function(table, stage)
  File "/app/concretestage/SQLToStaging.py", line 31, in some_function
    df = get_data_from_conf_table(f"{table}", f"{stage}")
  File "/app/myFramework/utils/utils.py", line 143, in get_data_from_conf_table
    df.columns = [desc[0] for desc in cur.description]
  File "/home/airflow/.local/lib/python3.8/site-packages/pandas/core/generic.py", line 6002, in __setattr__
    return object.__setattr__(self, name, value)
  File "pandas/_libs/properties.pyx", line 69, in pandas._libs.properties.AxisProperty.__set__
  File "/home/airflow/.local/lib/python3.8/site-packages/pandas/core/generic.py", line 730, in _set_axis
    self._mgr.set_axis(axis, labels)
  File "/home/airflow/.local/lib/python3.8/site-packages/pandas/core/internals/managers.py", line 225, in set_axis
    self._validate_set_axis(axis, new_labels)
  File "/home/airflow/.local/lib/python3.8/site-packages/pandas/core/internals/base.py", line 70, in _validate_set_axis
    raise ValueError(
ValueError: Length mismatch: Expected axis has 0 elements, new values have 15 elements
[2024-07-08T18:13:48.052+0000] {taskinstance.py:1149} INFO - Marking task as FAILED. dag_id=SqlToStaging, task_id=film_category, execution_date=20240707T000000, start_date=20240708T181347, end_date=20240708T181348
[2024-07-08T18:13:48.065+0000] {standard_task_runner.py:107} ERROR - Failed to execute job 46 for task film_category (Length mismatch: Expected axis has 0 elements, new values have 15 elements; 136)
[2024-07-08T18:13:48.108+0000] {local_task_job_runner.py:234} INFO - Task exited with return code 1
[2024-07-08T18:13:48.135+0000] {taskinstance.py:3312} INFO - 0 downstream tasks scheduled from follow-on schedule check
[2024-07-08T18:17:21.440+0000] {taskinstance.py:1979} INFO - Dependencies all met for dep_context=non-requeueable deps ti=<TaskInstance: SqlToStaging.film_category scheduled__2024-07-07T00:00:00+00:00 [queued]>
[2024-07-08T18:17:21.468+0000] {taskinstance.py:1979} INFO - Dependencies all met for dep_context=requeueable deps ti=<TaskInstance: SqlToStaging.film_category scheduled__2024-07-07T00:00:00+00:00 [queued]>
[2024-07-08T18:17:21.470+0000] {taskinstance.py:2193} INFO - Starting attempt 1 of 1
[2024-07-08T18:17:21.498+0000] {taskinstance.py:2217} INFO - Executing <Task(PythonOperator): film_category> on 2024-07-07 00:00:00+00:00
[2024-07-08T18:17:21.534+0000] {standard_task_runner.py:60} INFO - Started process 88 to run task
[2024-07-08T18:17:21.555+0000] {standard_task_runner.py:87} INFO - Running: ['***', 'tasks', 'run', 'SqlToStaging', 'film_category', 'scheduled__2024-07-07T00:00:00+00:00', '--job-id', '9', '--raw', '--subdir', 'DAGS_FOLDER/dag.py', '--cfg-path', '/tmp/tmpknmv0pz0']
[2024-07-08T18:17:21.564+0000] {standard_task_runner.py:88} INFO - Job 9: Subtask film_category
[2024-07-08T18:17:21.720+0000] {task_command.py:423} INFO - Running <TaskInstance: SqlToStaging.film_category scheduled__2024-07-07T00:00:00+00:00 [running]> on host 0c73c124d202
[2024-07-08T18:17:21.905+0000] {taskinstance.py:2513} INFO - Exporting env vars: AIRFLOW_CTX_DAG_OWNER='***' AIRFLOW_CTX_DAG_ID='SqlToStaging' AIRFLOW_CTX_TASK_ID='film_category' AIRFLOW_CTX_EXECUTION_DATE='2024-07-07T00:00:00+00:00' AIRFLOW_CTX_TRY_NUMBER='1' AIRFLOW_CTX_DAG_RUN_ID='scheduled__2024-07-07T00:00:00+00:00'
[2024-07-08T18:17:21.910+0000] {logging_mixin.py:188} INFO - dvtobv :dag_id
[2024-07-08T18:17:21.916+0000] {logging_mixin.py:188} INFO - table: film_category
[2024-07-08T18:17:21.918+0000] {logging_mixin.py:188} INFO - 
 stage: SqlToStaging 
 table:film_category
[2024-07-08T18:17:21.926+0000] {logging_mixin.py:188} INFO - select *  from etlconf.Etl_Process_Mapping where SourceTableName = 'film_category' and Stage = 'SqlToStaging'
[2024-07-08T18:17:23.402+0000] {taskinstance.py:2731} ERROR - Task failed with exception
Traceback (most recent call last):
  File "/home/airflow/.local/lib/python3.8/site-packages/airflow/models/taskinstance.py", line 444, in _execute_task
    result = _execute_callable(context=context, **execute_callable_kwargs)
  File "/home/airflow/.local/lib/python3.8/site-packages/airflow/models/taskinstance.py", line 414, in _execute_callable
    return execute_callable(context=context, **execute_callable_kwargs)
  File "/home/airflow/.local/lib/python3.8/site-packages/airflow/operators/python.py", line 200, in execute
    return_value = self.execute_callable()
  File "/home/airflow/.local/lib/python3.8/site-packages/airflow/operators/python.py", line 217, in execute_callable
    return self.python_callable(*self.op_args, **self.op_kwargs)
  File "/opt/airflow/dags/dag.py", line 22, in process_table
    return  execute(table, stage)
  File "/app/main.py", line 25, in execute
    SqlToStaging().create_full().some_function(table, stage)
  File "/app/concretestage/SQLToStaging.py", line 31, in some_function
    df = get_data_from_conf_table(f"{table}", f"{stage}")
  File "/app/myFramework/utils/utils.py", line 143, in get_data_from_conf_table
    df.columns = [desc[0] for desc in cur.description]
  File "/home/airflow/.local/lib/python3.8/site-packages/pandas/core/generic.py", line 6002, in __setattr__
    return object.__setattr__(self, name, value)
  File "pandas/_libs/properties.pyx", line 69, in pandas._libs.properties.AxisProperty.__set__
  File "/home/airflow/.local/lib/python3.8/site-packages/pandas/core/generic.py", line 730, in _set_axis
    self._mgr.set_axis(axis, labels)
  File "/home/airflow/.local/lib/python3.8/site-packages/pandas/core/internals/managers.py", line 225, in set_axis
    self._validate_set_axis(axis, new_labels)
  File "/home/airflow/.local/lib/python3.8/site-packages/pandas/core/internals/base.py", line 70, in _validate_set_axis
    raise ValueError(
ValueError: Length mismatch: Expected axis has 0 elements, new values have 15 elements
[2024-07-08T18:17:23.441+0000] {taskinstance.py:1149} INFO - Marking task as FAILED. dag_id=SqlToStaging, task_id=film_category, execution_date=20240707T000000, start_date=20240708T181721, end_date=20240708T181723
[2024-07-08T18:17:23.580+0000] {standard_task_runner.py:107} ERROR - Failed to execute job 9 for task film_category (Length mismatch: Expected axis has 0 elements, new values have 15 elements; 88)
[2024-07-08T18:17:23.681+0000] {local_task_job_runner.py:234} INFO - Task exited with return code 1
[2024-07-08T18:17:23.799+0000] {taskinstance.py:3312} INFO - 0 downstream tasks scheduled from follow-on schedule check
[2024-07-08T18:19:48.874+0000] {taskinstance.py:1979} INFO - Dependencies all met for dep_context=non-requeueable deps ti=<TaskInstance: SqlToStaging.film_category scheduled__2024-07-07T00:00:00+00:00 [queued]>
[2024-07-08T18:19:48.893+0000] {taskinstance.py:1979} INFO - Dependencies all met for dep_context=requeueable deps ti=<TaskInstance: SqlToStaging.film_category scheduled__2024-07-07T00:00:00+00:00 [queued]>
[2024-07-08T18:19:48.899+0000] {taskinstance.py:2193} INFO - Starting attempt 1 of 1
[2024-07-08T18:19:48.933+0000] {taskinstance.py:2217} INFO - Executing <Task(PythonOperator): film_category> on 2024-07-07 00:00:00+00:00
[2024-07-08T18:19:48.944+0000] {standard_task_runner.py:60} INFO - Started process 94 to run task
[2024-07-08T18:19:48.966+0000] {standard_task_runner.py:87} INFO - Running: ['***', 'tasks', 'run', 'SqlToStaging', 'film_category', 'scheduled__2024-07-07T00:00:00+00:00', '--job-id', '8', '--raw', '--subdir', 'DAGS_FOLDER/dag.py', '--cfg-path', '/tmp/tmp_n__9t3v']
[2024-07-08T18:19:48.989+0000] {standard_task_runner.py:88} INFO - Job 8: Subtask film_category
[2024-07-08T18:19:49.153+0000] {task_command.py:423} INFO - Running <TaskInstance: SqlToStaging.film_category scheduled__2024-07-07T00:00:00+00:00 [running]> on host 987b4d541fd1
[2024-07-08T18:19:50.088+0000] {taskinstance.py:2513} INFO - Exporting env vars: AIRFLOW_CTX_DAG_OWNER='***' AIRFLOW_CTX_DAG_ID='SqlToStaging' AIRFLOW_CTX_TASK_ID='film_category' AIRFLOW_CTX_EXECUTION_DATE='2024-07-07T00:00:00+00:00' AIRFLOW_CTX_TRY_NUMBER='1' AIRFLOW_CTX_DAG_RUN_ID='scheduled__2024-07-07T00:00:00+00:00'
[2024-07-08T18:19:50.095+0000] {logging_mixin.py:188} INFO - dvtobv :dag_id
[2024-07-08T18:19:50.096+0000] {logging_mixin.py:188} INFO - table: film_category
[2024-07-08T18:19:50.097+0000] {logging_mixin.py:188} INFO - 
 stage: SqlToStaging 
 table:film_category
[2024-07-08T18:19:50.097+0000] {logging_mixin.py:188} INFO - select *  from etlconf.Etl_Process_Mapping where SourceTableName = 'film_category' and Stage = 'SqlToStaging'
[2024-07-08T18:19:50.132+0000] {taskinstance.py:2731} ERROR - Task failed with exception
Traceback (most recent call last):
  File "/home/airflow/.local/lib/python3.8/site-packages/airflow/models/taskinstance.py", line 444, in _execute_task
    result = _execute_callable(context=context, **execute_callable_kwargs)
  File "/home/airflow/.local/lib/python3.8/site-packages/airflow/models/taskinstance.py", line 414, in _execute_callable
    return execute_callable(context=context, **execute_callable_kwargs)
  File "/home/airflow/.local/lib/python3.8/site-packages/airflow/operators/python.py", line 200, in execute
    return_value = self.execute_callable()
  File "/home/airflow/.local/lib/python3.8/site-packages/airflow/operators/python.py", line 217, in execute_callable
    return self.python_callable(*self.op_args, **self.op_kwargs)
  File "/opt/airflow/dags/dag.py", line 22, in process_table
    return  execute(table, stage)
  File "/app/main.py", line 25, in execute
    SqlToStaging().create_full().some_function(table, stage)
  File "/app/concretestage/SQLToStaging.py", line 31, in some_function
    df = get_data_from_conf_table(f"{table}", f"{stage}")
  File "/app/myFramework/utils/utils.py", line 143, in get_data_from_conf_table
    df.columns = [desc[0] for desc in cur.description]
  File "/home/airflow/.local/lib/python3.8/site-packages/pandas/core/generic.py", line 6002, in __setattr__
    return object.__setattr__(self, name, value)
  File "pandas/_libs/properties.pyx", line 69, in pandas._libs.properties.AxisProperty.__set__
  File "/home/airflow/.local/lib/python3.8/site-packages/pandas/core/generic.py", line 730, in _set_axis
    self._mgr.set_axis(axis, labels)
  File "/home/airflow/.local/lib/python3.8/site-packages/pandas/core/internals/managers.py", line 225, in set_axis
    self._validate_set_axis(axis, new_labels)
  File "/home/airflow/.local/lib/python3.8/site-packages/pandas/core/internals/base.py", line 70, in _validate_set_axis
    raise ValueError(
ValueError: Length mismatch: Expected axis has 0 elements, new values have 15 elements
[2024-07-08T18:19:50.147+0000] {taskinstance.py:1149} INFO - Marking task as FAILED. dag_id=SqlToStaging, task_id=film_category, execution_date=20240707T000000, start_date=20240708T181948, end_date=20240708T181950
[2024-07-08T18:19:50.174+0000] {standard_task_runner.py:107} ERROR - Failed to execute job 8 for task film_category (Length mismatch: Expected axis has 0 elements, new values have 15 elements; 94)
[2024-07-08T18:19:50.225+0000] {local_task_job_runner.py:234} INFO - Task exited with return code 1
[2024-07-08T18:19:50.270+0000] {taskinstance.py:3312} INFO - 0 downstream tasks scheduled from follow-on schedule check
[2024-07-08T18:26:43.626+0000] {taskinstance.py:1979} INFO - Dependencies all met for dep_context=non-requeueable deps ti=<TaskInstance: SqlToStaging.film_category scheduled__2024-07-07T00:00:00+00:00 [queued]>
[2024-07-08T18:26:43.639+0000] {taskinstance.py:1979} INFO - Dependencies all met for dep_context=requeueable deps ti=<TaskInstance: SqlToStaging.film_category scheduled__2024-07-07T00:00:00+00:00 [queued]>
[2024-07-08T18:26:43.644+0000] {taskinstance.py:2193} INFO - Starting attempt 1 of 1
[2024-07-08T18:26:43.698+0000] {taskinstance.py:2217} INFO - Executing <Task(PythonOperator): film_category> on 2024-07-07 00:00:00+00:00
[2024-07-08T18:26:43.712+0000] {standard_task_runner.py:60} INFO - Started process 98 to run task
[2024-07-08T18:26:43.770+0000] {standard_task_runner.py:87} INFO - Running: ['***', 'tasks', 'run', 'SqlToStaging', 'film_category', 'scheduled__2024-07-07T00:00:00+00:00', '--job-id', '12', '--raw', '--subdir', 'DAGS_FOLDER/dag.py', '--cfg-path', '/tmp/tmp8_8lgojh']
[2024-07-08T18:26:43.805+0000] {standard_task_runner.py:88} INFO - Job 12: Subtask film_category
[2024-07-08T18:26:44.061+0000] {task_command.py:423} INFO - Running <TaskInstance: SqlToStaging.film_category scheduled__2024-07-07T00:00:00+00:00 [running]> on host 7f814bc03799
[2024-07-08T18:26:44.311+0000] {taskinstance.py:2513} INFO - Exporting env vars: AIRFLOW_CTX_DAG_OWNER='***' AIRFLOW_CTX_DAG_ID='SqlToStaging' AIRFLOW_CTX_TASK_ID='film_category' AIRFLOW_CTX_EXECUTION_DATE='2024-07-07T00:00:00+00:00' AIRFLOW_CTX_TRY_NUMBER='1' AIRFLOW_CTX_DAG_RUN_ID='scheduled__2024-07-07T00:00:00+00:00'
[2024-07-08T18:26:44.318+0000] {logging_mixin.py:188} INFO - dvtobv :dag_id
[2024-07-08T18:26:44.323+0000] {logging_mixin.py:188} INFO - table: film_category
[2024-07-08T18:26:44.324+0000] {logging_mixin.py:188} INFO - 
 stage: SqlToStaging 
 table:film_category
[2024-07-08T18:26:44.325+0000] {logging_mixin.py:188} INFO - select *  from etlconf.Etl_Process_Mapping where SourceTableName = 'film_category' and Stage = 'SqlToStaging'
[2024-07-08T18:26:44.407+0000] {taskinstance.py:2731} ERROR - Task failed with exception
Traceback (most recent call last):
  File "/home/airflow/.local/lib/python3.8/site-packages/airflow/models/taskinstance.py", line 444, in _execute_task
    result = _execute_callable(context=context, **execute_callable_kwargs)
  File "/home/airflow/.local/lib/python3.8/site-packages/airflow/models/taskinstance.py", line 414, in _execute_callable
    return execute_callable(context=context, **execute_callable_kwargs)
  File "/home/airflow/.local/lib/python3.8/site-packages/airflow/operators/python.py", line 200, in execute
    return_value = self.execute_callable()
  File "/home/airflow/.local/lib/python3.8/site-packages/airflow/operators/python.py", line 217, in execute_callable
    return self.python_callable(*self.op_args, **self.op_kwargs)
  File "/opt/airflow/dags/dag.py", line 22, in process_table
    return  execute(table, stage)
  File "/app/main.py", line 25, in execute
    SqlToStaging().create_full().some_function(table, stage)
  File "/app/concretestage/SQLToStaging.py", line 31, in some_function
    df = get_data_from_conf_table(f"{table}", f"{stage}")
  File "/app/myFramework/utils/utils.py", line 143, in get_data_from_conf_table
    df.columns = [desc[0] for desc in cur.description]
  File "/home/airflow/.local/lib/python3.8/site-packages/pandas/core/generic.py", line 6002, in __setattr__
    return object.__setattr__(self, name, value)
  File "pandas/_libs/properties.pyx", line 69, in pandas._libs.properties.AxisProperty.__set__
  File "/home/airflow/.local/lib/python3.8/site-packages/pandas/core/generic.py", line 730, in _set_axis
    self._mgr.set_axis(axis, labels)
  File "/home/airflow/.local/lib/python3.8/site-packages/pandas/core/internals/managers.py", line 225, in set_axis
    self._validate_set_axis(axis, new_labels)
  File "/home/airflow/.local/lib/python3.8/site-packages/pandas/core/internals/base.py", line 70, in _validate_set_axis
    raise ValueError(
ValueError: Length mismatch: Expected axis has 0 elements, new values have 15 elements
[2024-07-08T18:26:45.497+0000] {taskinstance.py:1149} INFO - Marking task as FAILED. dag_id=SqlToStaging, task_id=film_category, execution_date=20240707T000000, start_date=20240708T182643, end_date=20240708T182645
[2024-07-08T18:26:45.509+0000] {standard_task_runner.py:107} ERROR - Failed to execute job 12 for task film_category (Length mismatch: Expected axis has 0 elements, new values have 15 elements; 98)
[2024-07-08T18:26:45.531+0000] {local_task_job_runner.py:234} INFO - Task exited with return code 1
[2024-07-08T18:26:45.595+0000] {taskinstance.py:3312} INFO - 0 downstream tasks scheduled from follow-on schedule check
[2024-07-08T18:32:10.624+0000] {taskinstance.py:1979} INFO - Dependencies all met for dep_context=non-requeueable deps ti=<TaskInstance: SqlToStaging.film_category scheduled__2024-07-07T00:00:00+00:00 [queued]>
[2024-07-08T18:32:10.629+0000] {taskinstance.py:1979} INFO - Dependencies all met for dep_context=requeueable deps ti=<TaskInstance: SqlToStaging.film_category scheduled__2024-07-07T00:00:00+00:00 [queued]>
[2024-07-08T18:32:10.630+0000] {taskinstance.py:2193} INFO - Starting attempt 1 of 1
[2024-07-08T18:32:10.664+0000] {taskinstance.py:2217} INFO - Executing <Task(PythonOperator): film_category> on 2024-07-07 00:00:00+00:00
[2024-07-08T18:32:10.685+0000] {standard_task_runner.py:60} INFO - Started process 81 to run task
[2024-07-08T18:32:10.710+0000] {standard_task_runner.py:87} INFO - Running: ['***', 'tasks', 'run', 'SqlToStaging', 'film_category', 'scheduled__2024-07-07T00:00:00+00:00', '--job-id', '6', '--raw', '--subdir', 'DAGS_FOLDER/dag.py', '--cfg-path', '/tmp/tmp4lq_i2p1']
[2024-07-08T18:32:10.729+0000] {standard_task_runner.py:88} INFO - Job 6: Subtask film_category
[2024-07-08T18:32:10.907+0000] {task_command.py:423} INFO - Running <TaskInstance: SqlToStaging.film_category scheduled__2024-07-07T00:00:00+00:00 [running]> on host 7f77c3b92645
[2024-07-08T18:32:12.208+0000] {taskinstance.py:2513} INFO - Exporting env vars: AIRFLOW_CTX_DAG_OWNER='***' AIRFLOW_CTX_DAG_ID='SqlToStaging' AIRFLOW_CTX_TASK_ID='film_category' AIRFLOW_CTX_EXECUTION_DATE='2024-07-07T00:00:00+00:00' AIRFLOW_CTX_TRY_NUMBER='1' AIRFLOW_CTX_DAG_RUN_ID='scheduled__2024-07-07T00:00:00+00:00'
[2024-07-08T18:32:12.210+0000] {logging_mixin.py:188} INFO - dvtobv :dag_id
[2024-07-08T18:32:12.211+0000] {logging_mixin.py:188} INFO - table: film_category
[2024-07-08T18:32:12.218+0000] {logging_mixin.py:188} INFO - 
 stage: SqlToStaging 
 table:film_category
[2024-07-08T18:32:12.219+0000] {logging_mixin.py:188} INFO - select *  from etlconf.Etl_Process_Mapping where SourceTableName = 'film_category' and Stage = 'SqlToStaging'
[2024-07-08T18:32:12.289+0000] {taskinstance.py:2731} ERROR - Task failed with exception
Traceback (most recent call last):
  File "/home/airflow/.local/lib/python3.8/site-packages/airflow/models/taskinstance.py", line 444, in _execute_task
    result = _execute_callable(context=context, **execute_callable_kwargs)
  File "/home/airflow/.local/lib/python3.8/site-packages/airflow/models/taskinstance.py", line 414, in _execute_callable
    return execute_callable(context=context, **execute_callable_kwargs)
  File "/home/airflow/.local/lib/python3.8/site-packages/airflow/operators/python.py", line 200, in execute
    return_value = self.execute_callable()
  File "/home/airflow/.local/lib/python3.8/site-packages/airflow/operators/python.py", line 217, in execute_callable
    return self.python_callable(*self.op_args, **self.op_kwargs)
  File "/opt/airflow/dags/dag.py", line 22, in process_table
    return  execute(table, stage)
  File "/app/main.py", line 25, in execute
    SqlToStaging().create_full().some_function(table, stage)
  File "/app/concretestage/SQLToStaging.py", line 31, in some_function
    df = get_data_from_conf_table(f"{table}", f"{stage}")
  File "/app/myFramework/utils/utils.py", line 143, in get_data_from_conf_table
    df.columns = [desc[0] for desc in cur.description]
  File "/home/airflow/.local/lib/python3.8/site-packages/pandas/core/generic.py", line 6002, in __setattr__
    return object.__setattr__(self, name, value)
  File "pandas/_libs/properties.pyx", line 69, in pandas._libs.properties.AxisProperty.__set__
  File "/home/airflow/.local/lib/python3.8/site-packages/pandas/core/generic.py", line 730, in _set_axis
    self._mgr.set_axis(axis, labels)
  File "/home/airflow/.local/lib/python3.8/site-packages/pandas/core/internals/managers.py", line 225, in set_axis
    self._validate_set_axis(axis, new_labels)
  File "/home/airflow/.local/lib/python3.8/site-packages/pandas/core/internals/base.py", line 70, in _validate_set_axis
    raise ValueError(
ValueError: Length mismatch: Expected axis has 0 elements, new values have 15 elements
[2024-07-08T18:32:12.383+0000] {taskinstance.py:1149} INFO - Marking task as FAILED. dag_id=SqlToStaging, task_id=film_category, execution_date=20240707T000000, start_date=20240708T183210, end_date=20240708T183212
[2024-07-08T18:32:12.442+0000] {standard_task_runner.py:107} ERROR - Failed to execute job 6 for task film_category (Length mismatch: Expected axis has 0 elements, new values have 15 elements; 81)
[2024-07-08T18:32:12.483+0000] {local_task_job_runner.py:234} INFO - Task exited with return code 1
[2024-07-08T18:32:12.595+0000] {taskinstance.py:3312} INFO - 0 downstream tasks scheduled from follow-on schedule check
[2024-07-08T18:35:58.944+0000] {taskinstance.py:1979} INFO - Dependencies all met for dep_context=non-requeueable deps ti=<TaskInstance: SqlToStaging.film_category scheduled__2024-07-07T00:00:00+00:00 [queued]>
[2024-07-08T18:35:58.970+0000] {taskinstance.py:1979} INFO - Dependencies all met for dep_context=requeueable deps ti=<TaskInstance: SqlToStaging.film_category scheduled__2024-07-07T00:00:00+00:00 [queued]>
[2024-07-08T18:35:58.972+0000] {taskinstance.py:2193} INFO - Starting attempt 1 of 1
[2024-07-08T18:35:58.997+0000] {taskinstance.py:2217} INFO - Executing <Task(PythonOperator): film_category> on 2024-07-07 00:00:00+00:00
[2024-07-08T18:35:59.026+0000] {standard_task_runner.py:60} INFO - Started process 97 to run task
[2024-07-08T18:35:59.035+0000] {standard_task_runner.py:87} INFO - Running: ['***', 'tasks', 'run', 'SqlToStaging', 'film_category', 'scheduled__2024-07-07T00:00:00+00:00', '--job-id', '13', '--raw', '--subdir', 'DAGS_FOLDER/dag.py', '--cfg-path', '/tmp/tmpoe2iznbz']
[2024-07-08T18:35:59.058+0000] {standard_task_runner.py:88} INFO - Job 13: Subtask film_category
[2024-07-08T18:35:59.227+0000] {task_command.py:423} INFO - Running <TaskInstance: SqlToStaging.film_category scheduled__2024-07-07T00:00:00+00:00 [running]> on host a9b6fbb697c1
[2024-07-08T18:36:00.549+0000] {taskinstance.py:2513} INFO - Exporting env vars: AIRFLOW_CTX_DAG_OWNER='***' AIRFLOW_CTX_DAG_ID='SqlToStaging' AIRFLOW_CTX_TASK_ID='film_category' AIRFLOW_CTX_EXECUTION_DATE='2024-07-07T00:00:00+00:00' AIRFLOW_CTX_TRY_NUMBER='1' AIRFLOW_CTX_DAG_RUN_ID='scheduled__2024-07-07T00:00:00+00:00'
[2024-07-08T18:36:00.551+0000] {logging_mixin.py:188} INFO - dvtobv :dag_id
[2024-07-08T18:36:00.551+0000] {logging_mixin.py:188} INFO - table: film_category
[2024-07-08T18:36:00.556+0000] {logging_mixin.py:188} INFO - 
 stage: SqlToStaging 
 table:film_category
[2024-07-08T18:36:00.558+0000] {logging_mixin.py:188} INFO - select *  from etlconf.Etl_Process_Mapping where SourceTableName = 'film_category' and Stage = 'SqlToStaging'
[2024-07-08T18:36:00.560+0000] {taskinstance.py:2731} ERROR - Task failed with exception
Traceback (most recent call last):
  File "/home/airflow/.local/lib/python3.8/site-packages/airflow/models/taskinstance.py", line 444, in _execute_task
    result = _execute_callable(context=context, **execute_callable_kwargs)
  File "/home/airflow/.local/lib/python3.8/site-packages/airflow/models/taskinstance.py", line 414, in _execute_callable
    return execute_callable(context=context, **execute_callable_kwargs)
  File "/home/airflow/.local/lib/python3.8/site-packages/airflow/operators/python.py", line 200, in execute
    return_value = self.execute_callable()
  File "/home/airflow/.local/lib/python3.8/site-packages/airflow/operators/python.py", line 217, in execute_callable
    return self.python_callable(*self.op_args, **self.op_kwargs)
  File "/opt/airflow/dags/dag.py", line 22, in process_table
    return  execute(table, stage)
  File "/app/main.py", line 25, in execute
    SqlToStaging().create_full().some_function(table, stage)
  File "/app/concretestage/SQLToStaging.py", line 31, in some_function
    df = get_data_from_conf_table(f"{table}", f"{stage}")
  File "/app/myFramework/utils/utils.py", line 138, in get_data_from_conf_table
    cur = conn.getCursor("postgres")
  File "/app/myFramework/source/posgresql/connect.py", line 6, in getCursor
    conn = psycopg2.connect(database = dbname,
  File "/home/airflow/.local/lib/python3.8/site-packages/psycopg2/__init__.py", line 122, in connect
    conn = _connect(dsn, connection_factory=connection_factory, **kwasync)
psycopg2.OperationalError: connection to server at "0.0.0.0", port 9999 failed: Connection refused
	Is the server running on that host and accepting TCP/IP connections?

[2024-07-08T18:36:00.592+0000] {taskinstance.py:1149} INFO - Marking task as FAILED. dag_id=SqlToStaging, task_id=film_category, execution_date=20240707T000000, start_date=20240708T183558, end_date=20240708T183600
[2024-07-08T18:36:00.616+0000] {standard_task_runner.py:107} ERROR - Failed to execute job 13 for task film_category (connection to server at "0.0.0.0", port 9999 failed: Connection refused
	Is the server running on that host and accepting TCP/IP connections?
; 97)
[2024-07-08T18:36:00.670+0000] {local_task_job_runner.py:234} INFO - Task exited with return code 1
[2024-07-08T18:36:00.707+0000] {taskinstance.py:3312} INFO - 0 downstream tasks scheduled from follow-on schedule check
