[2024-07-16T17:23:42.482+0000] {taskinstance.py:1979} INFO - Dependencies all met for dep_context=non-requeueable deps ti=<TaskInstance: stagingtodv.staff scheduled__2024-07-15T00:00:00+00:00 [queued]>
[2024-07-16T17:23:42.498+0000] {taskinstance.py:1979} INFO - Dependencies all met for dep_context=requeueable deps ti=<TaskInstance: stagingtodv.staff scheduled__2024-07-15T00:00:00+00:00 [queued]>
[2024-07-16T17:23:42.506+0000] {taskinstance.py:2193} INFO - Starting attempt 1 of 1
[2024-07-16T17:23:42.562+0000] {taskinstance.py:2217} INFO - Executing <Task(PythonOperator): staff> on 2024-07-15 00:00:00+00:00
[2024-07-16T17:23:42.598+0000] {standard_task_runner.py:60} INFO - Started process 392 to run task
[2024-07-16T17:23:42.607+0000] {standard_task_runner.py:87} INFO - Running: ['***', 'tasks', 'run', 'stagingtodv', 'staff', 'scheduled__2024-07-15T00:00:00+00:00', '--job-id', '38', '--raw', '--subdir', 'DAGS_FOLDER/dag.py', '--cfg-path', '/tmp/tmpqek4uriu']
[2024-07-16T17:23:42.615+0000] {standard_task_runner.py:88} INFO - Job 38: Subtask staff
[2024-07-16T17:23:42.768+0000] {task_command.py:423} INFO - Running <TaskInstance: stagingtodv.staff scheduled__2024-07-15T00:00:00+00:00 [running]> on host a8165c4616a2
[2024-07-16T17:23:42.987+0000] {taskinstance.py:2513} INFO - Exporting env vars: AIRFLOW_CTX_DAG_OWNER='***' AIRFLOW_CTX_DAG_ID='stagingtodv' AIRFLOW_CTX_TASK_ID='staff' AIRFLOW_CTX_EXECUTION_DATE='2024-07-15T00:00:00+00:00' AIRFLOW_CTX_TRY_NUMBER='1' AIRFLOW_CTX_DAG_RUN_ID='scheduled__2024-07-15T00:00:00+00:00'
[2024-07-16T17:23:42.996+0000] {logging_mixin.py:188} INFO - -------------------------------------------- select *  from etlconf.Etl_Process_Mapping where SourceTableName = 'staff' and Stage = 'stagingtodv'
[2024-07-16T17:23:43.090+0000] {taskinstance.py:2731} ERROR - Task failed with exception
Traceback (most recent call last):
  File "/home/airflow/.local/lib/python3.8/site-packages/airflow/models/taskinstance.py", line 444, in _execute_task
    result = _execute_callable(context=context, **execute_callable_kwargs)
  File "/home/airflow/.local/lib/python3.8/site-packages/airflow/models/taskinstance.py", line 414, in _execute_callable
    return execute_callable(context=context, **execute_callable_kwargs)
  File "/home/airflow/.local/lib/python3.8/site-packages/airflow/operators/python.py", line 200, in execute
    return_value = self.execute_callable()
  File "/home/airflow/.local/lib/python3.8/site-packages/airflow/operators/python.py", line 217, in execute_callable
    return self.python_callable(*self.op_args, **self.op_kwargs)
  File "/opt/airflow/dags/dag.py", line 41, in process_table
    tabletype = get_data_from_conf_table(table,stage)['tabletype'].values[0]
  File "/opt/airflow/dags/dag.py", line 34, in get_data_from_conf_table
    df.columns = [desc[0] for desc in cur.description]
  File "/home/airflow/.local/lib/python3.8/site-packages/pandas/core/generic.py", line 6002, in __setattr__
    return object.__setattr__(self, name, value)
  File "pandas/_libs/properties.pyx", line 69, in pandas._libs.properties.AxisProperty.__set__
  File "/home/airflow/.local/lib/python3.8/site-packages/pandas/core/generic.py", line 730, in _set_axis
    self._mgr.set_axis(axis, labels)
  File "/home/airflow/.local/lib/python3.8/site-packages/pandas/core/internals/managers.py", line 225, in set_axis
    self._validate_set_axis(axis, new_labels)
  File "/home/airflow/.local/lib/python3.8/site-packages/pandas/core/internals/base.py", line 70, in _validate_set_axis
    raise ValueError(
ValueError: Length mismatch: Expected axis has 0 elements, new values have 15 elements
[2024-07-16T17:23:44.848+0000] {taskinstance.py:1149} INFO - Marking task as FAILED. dag_id=stagingtodv, task_id=staff, execution_date=20240715T000000, start_date=20240716T172342, end_date=20240716T172344
[2024-07-16T17:23:44.900+0000] {standard_task_runner.py:107} ERROR - Failed to execute job 38 for task staff (Length mismatch: Expected axis has 0 elements, new values have 15 elements; 392)
[2024-07-16T17:23:44.968+0000] {local_task_job_runner.py:234} INFO - Task exited with return code 1
[2024-07-16T17:23:45.041+0000] {taskinstance.py:3312} INFO - 0 downstream tasks scheduled from follow-on schedule check
[2024-07-16T17:33:46.018+0000] {taskinstance.py:1979} INFO - Dependencies all met for dep_context=non-requeueable deps ti=<TaskInstance: stagingtodv.staff scheduled__2024-07-15T00:00:00+00:00 [queued]>
[2024-07-16T17:33:46.069+0000] {taskinstance.py:1979} INFO - Dependencies all met for dep_context=requeueable deps ti=<TaskInstance: stagingtodv.staff scheduled__2024-07-15T00:00:00+00:00 [queued]>
[2024-07-16T17:33:46.072+0000] {taskinstance.py:2193} INFO - Starting attempt 1 of 1
[2024-07-16T17:33:46.113+0000] {taskinstance.py:2217} INFO - Executing <Task(PythonOperator): staff> on 2024-07-15 00:00:00+00:00
[2024-07-16T17:33:46.142+0000] {standard_task_runner.py:60} INFO - Started process 120 to run task
[2024-07-16T17:33:46.158+0000] {standard_task_runner.py:87} INFO - Running: ['***', 'tasks', 'run', 'stagingtodv', 'staff', 'scheduled__2024-07-15T00:00:00+00:00', '--job-id', '6', '--raw', '--subdir', 'DAGS_FOLDER/dag.py', '--cfg-path', '/tmp/tmpwyfmmtlc']
[2024-07-16T17:33:46.170+0000] {standard_task_runner.py:88} INFO - Job 6: Subtask staff
[2024-07-16T17:33:46.356+0000] {task_command.py:423} INFO - Running <TaskInstance: stagingtodv.staff scheduled__2024-07-15T00:00:00+00:00 [running]> on host e9bb94dbac8b
[2024-07-16T17:33:47.865+0000] {taskinstance.py:2513} INFO - Exporting env vars: AIRFLOW_CTX_DAG_OWNER='***' AIRFLOW_CTX_DAG_ID='stagingtodv' AIRFLOW_CTX_TASK_ID='staff' AIRFLOW_CTX_EXECUTION_DATE='2024-07-15T00:00:00+00:00' AIRFLOW_CTX_TRY_NUMBER='1' AIRFLOW_CTX_DAG_RUN_ID='scheduled__2024-07-15T00:00:00+00:00'
[2024-07-16T17:33:47.873+0000] {logging_mixin.py:188} INFO - -------------------------------------------- select *  from etlconf.Etl_Process_Mapping where SourceTableName = 'staff' and Stage = 'stagingtodv'
[2024-07-16T17:33:47.923+0000] {taskinstance.py:2731} ERROR - Task failed with exception
Traceback (most recent call last):
  File "/home/airflow/.local/lib/python3.8/site-packages/airflow/models/taskinstance.py", line 444, in _execute_task
    result = _execute_callable(context=context, **execute_callable_kwargs)
  File "/home/airflow/.local/lib/python3.8/site-packages/airflow/models/taskinstance.py", line 414, in _execute_callable
    return execute_callable(context=context, **execute_callable_kwargs)
  File "/home/airflow/.local/lib/python3.8/site-packages/airflow/operators/python.py", line 200, in execute
    return_value = self.execute_callable()
  File "/home/airflow/.local/lib/python3.8/site-packages/airflow/operators/python.py", line 217, in execute_callable
    return self.python_callable(*self.op_args, **self.op_kwargs)
  File "/opt/airflow/dags/dag.py", line 41, in process_table
    tabletype = get_data_from_conf_table(table,stage)['tabletype'].values[0]
  File "/opt/airflow/dags/dag.py", line 34, in get_data_from_conf_table
    df.columns = [desc[0] for desc in cur.description]
  File "/home/airflow/.local/lib/python3.8/site-packages/pandas/core/generic.py", line 6002, in __setattr__
    return object.__setattr__(self, name, value)
  File "pandas/_libs/properties.pyx", line 69, in pandas._libs.properties.AxisProperty.__set__
  File "/home/airflow/.local/lib/python3.8/site-packages/pandas/core/generic.py", line 730, in _set_axis
    self._mgr.set_axis(axis, labels)
  File "/home/airflow/.local/lib/python3.8/site-packages/pandas/core/internals/managers.py", line 225, in set_axis
    self._validate_set_axis(axis, new_labels)
  File "/home/airflow/.local/lib/python3.8/site-packages/pandas/core/internals/base.py", line 70, in _validate_set_axis
    raise ValueError(
ValueError: Length mismatch: Expected axis has 0 elements, new values have 15 elements
[2024-07-16T17:33:47.963+0000] {taskinstance.py:1149} INFO - Marking task as FAILED. dag_id=stagingtodv, task_id=staff, execution_date=20240715T000000, start_date=20240716T173346, end_date=20240716T173347
[2024-07-16T17:33:48.021+0000] {standard_task_runner.py:107} ERROR - Failed to execute job 6 for task staff (Length mismatch: Expected axis has 0 elements, new values have 15 elements; 120)
[2024-07-16T17:33:48.073+0000] {local_task_job_runner.py:234} INFO - Task exited with return code 1
[2024-07-16T17:33:48.106+0000] {taskinstance.py:3312} INFO - 0 downstream tasks scheduled from follow-on schedule check
[2024-07-16T17:36:01.171+0000] {taskinstance.py:1979} INFO - Dependencies all met for dep_context=non-requeueable deps ti=<TaskInstance: stagingtodv.staff scheduled__2024-07-15T00:00:00+00:00 [queued]>
[2024-07-16T17:36:01.179+0000] {taskinstance.py:1979} INFO - Dependencies all met for dep_context=requeueable deps ti=<TaskInstance: stagingtodv.staff scheduled__2024-07-15T00:00:00+00:00 [queued]>
[2024-07-16T17:36:01.187+0000] {taskinstance.py:2193} INFO - Starting attempt 1 of 1
[2024-07-16T17:36:01.205+0000] {taskinstance.py:2217} INFO - Executing <Task(PythonOperator): staff> on 2024-07-15 00:00:00+00:00
[2024-07-16T17:36:01.231+0000] {standard_task_runner.py:60} INFO - Started process 97 to run task
[2024-07-16T17:36:01.242+0000] {standard_task_runner.py:87} INFO - Running: ['***', 'tasks', 'run', 'stagingtodv', 'staff', 'scheduled__2024-07-15T00:00:00+00:00', '--job-id', '12', '--raw', '--subdir', 'DAGS_FOLDER/dag.py', '--cfg-path', '/tmp/tmpuk8sk5ek']
[2024-07-16T17:36:01.257+0000] {standard_task_runner.py:88} INFO - Job 12: Subtask staff
[2024-07-16T17:36:01.477+0000] {task_command.py:423} INFO - Running <TaskInstance: stagingtodv.staff scheduled__2024-07-15T00:00:00+00:00 [running]> on host e1ba87a2fe19
[2024-07-16T17:36:02.478+0000] {taskinstance.py:2513} INFO - Exporting env vars: AIRFLOW_CTX_DAG_OWNER='***' AIRFLOW_CTX_DAG_ID='stagingtodv' AIRFLOW_CTX_TASK_ID='staff' AIRFLOW_CTX_EXECUTION_DATE='2024-07-15T00:00:00+00:00' AIRFLOW_CTX_TRY_NUMBER='1' AIRFLOW_CTX_DAG_RUN_ID='scheduled__2024-07-15T00:00:00+00:00'
[2024-07-16T17:36:02.485+0000] {logging_mixin.py:188} INFO - -------------------------------------------- select *  from etlconf.Etl_Process_Mapping where SourceTableName = 'staff' and Stage = 'stagingtodv'
[2024-07-16T17:36:02.573+0000] {taskinstance.py:2731} ERROR - Task failed with exception
Traceback (most recent call last):
  File "/home/airflow/.local/lib/python3.8/site-packages/airflow/models/taskinstance.py", line 444, in _execute_task
    result = _execute_callable(context=context, **execute_callable_kwargs)
  File "/home/airflow/.local/lib/python3.8/site-packages/airflow/models/taskinstance.py", line 414, in _execute_callable
    return execute_callable(context=context, **execute_callable_kwargs)
  File "/home/airflow/.local/lib/python3.8/site-packages/airflow/operators/python.py", line 200, in execute
    return_value = self.execute_callable()
  File "/home/airflow/.local/lib/python3.8/site-packages/airflow/operators/python.py", line 217, in execute_callable
    return self.python_callable(*self.op_args, **self.op_kwargs)
  File "/opt/airflow/dags/dag.py", line 41, in process_table
    tabletype = get_data_from_conf_table(table,stage)['tabletype'].values[0]
  File "/opt/airflow/dags/dag.py", line 34, in get_data_from_conf_table
    df.columns = [desc[0] for desc in cur.description]
  File "/home/airflow/.local/lib/python3.8/site-packages/pandas/core/generic.py", line 6002, in __setattr__
    return object.__setattr__(self, name, value)
  File "pandas/_libs/properties.pyx", line 69, in pandas._libs.properties.AxisProperty.__set__
  File "/home/airflow/.local/lib/python3.8/site-packages/pandas/core/generic.py", line 730, in _set_axis
    self._mgr.set_axis(axis, labels)
  File "/home/airflow/.local/lib/python3.8/site-packages/pandas/core/internals/managers.py", line 225, in set_axis
    self._validate_set_axis(axis, new_labels)
  File "/home/airflow/.local/lib/python3.8/site-packages/pandas/core/internals/base.py", line 70, in _validate_set_axis
    raise ValueError(
ValueError: Length mismatch: Expected axis has 0 elements, new values have 15 elements
[2024-07-16T17:36:02.656+0000] {taskinstance.py:1149} INFO - Marking task as FAILED. dag_id=stagingtodv, task_id=staff, execution_date=20240715T000000, start_date=20240716T173601, end_date=20240716T173602
[2024-07-16T17:36:02.680+0000] {standard_task_runner.py:107} ERROR - Failed to execute job 12 for task staff (Length mismatch: Expected axis has 0 elements, new values have 15 elements; 97)
[2024-07-16T17:36:02.722+0000] {local_task_job_runner.py:234} INFO - Task exited with return code 1
[2024-07-16T17:36:02.795+0000] {taskinstance.py:3312} INFO - 0 downstream tasks scheduled from follow-on schedule check
[2024-07-16T17:45:34.879+0000] {taskinstance.py:1979} INFO - Dependencies all met for dep_context=non-requeueable deps ti=<TaskInstance: stagingtodv.staff scheduled__2024-07-15T00:00:00+00:00 [queued]>
[2024-07-16T17:45:34.910+0000] {taskinstance.py:1979} INFO - Dependencies all met for dep_context=requeueable deps ti=<TaskInstance: stagingtodv.staff scheduled__2024-07-15T00:00:00+00:00 [queued]>
[2024-07-16T17:45:34.918+0000] {taskinstance.py:2193} INFO - Starting attempt 1 of 1
[2024-07-16T17:45:34.983+0000] {taskinstance.py:2217} INFO - Executing <Task(PythonOperator): staff> on 2024-07-15 00:00:00+00:00
[2024-07-16T17:45:34.988+0000] {standard_task_runner.py:60} INFO - Started process 95 to run task
[2024-07-16T17:45:35.009+0000] {standard_task_runner.py:87} INFO - Running: ['***', 'tasks', 'run', 'stagingtodv', 'staff', 'scheduled__2024-07-15T00:00:00+00:00', '--job-id', '10', '--raw', '--subdir', 'DAGS_FOLDER/dag.py', '--cfg-path', '/tmp/tmpggy_e5kb']
[2024-07-16T17:45:35.016+0000] {standard_task_runner.py:88} INFO - Job 10: Subtask staff
[2024-07-16T17:45:35.124+0000] {task_command.py:423} INFO - Running <TaskInstance: stagingtodv.staff scheduled__2024-07-15T00:00:00+00:00 [running]> on host bba7487a60b5
[2024-07-16T17:45:36.622+0000] {taskinstance.py:2513} INFO - Exporting env vars: AIRFLOW_CTX_DAG_OWNER='***' AIRFLOW_CTX_DAG_ID='stagingtodv' AIRFLOW_CTX_TASK_ID='staff' AIRFLOW_CTX_EXECUTION_DATE='2024-07-15T00:00:00+00:00' AIRFLOW_CTX_TRY_NUMBER='1' AIRFLOW_CTX_DAG_RUN_ID='scheduled__2024-07-15T00:00:00+00:00'
[2024-07-16T17:45:36.631+0000] {logging_mixin.py:188} INFO - -------------------------------------------- select *  from etlconf.Etl_Process_Mapping where SourceTableName = 'staff' and Stage = 'stagingtodv'
[2024-07-16T17:45:36.696+0000] {taskinstance.py:2731} ERROR - Task failed with exception
Traceback (most recent call last):
  File "/home/airflow/.local/lib/python3.8/site-packages/airflow/models/taskinstance.py", line 444, in _execute_task
    result = _execute_callable(context=context, **execute_callable_kwargs)
  File "/home/airflow/.local/lib/python3.8/site-packages/airflow/models/taskinstance.py", line 414, in _execute_callable
    return execute_callable(context=context, **execute_callable_kwargs)
  File "/home/airflow/.local/lib/python3.8/site-packages/airflow/operators/python.py", line 200, in execute
    return_value = self.execute_callable()
  File "/home/airflow/.local/lib/python3.8/site-packages/airflow/operators/python.py", line 217, in execute_callable
    return self.python_callable(*self.op_args, **self.op_kwargs)
  File "/opt/airflow/dags/dag.py", line 41, in process_table
    tabletype = get_data_from_conf_table(table,stage)['tabletype'].values[0]
  File "/opt/airflow/dags/dag.py", line 34, in get_data_from_conf_table
    df.columns = [desc[0] for desc in cur.description]
  File "/home/airflow/.local/lib/python3.8/site-packages/pandas/core/generic.py", line 6002, in __setattr__
    return object.__setattr__(self, name, value)
  File "pandas/_libs/properties.pyx", line 69, in pandas._libs.properties.AxisProperty.__set__
  File "/home/airflow/.local/lib/python3.8/site-packages/pandas/core/generic.py", line 730, in _set_axis
    self._mgr.set_axis(axis, labels)
  File "/home/airflow/.local/lib/python3.8/site-packages/pandas/core/internals/managers.py", line 225, in set_axis
    self._validate_set_axis(axis, new_labels)
  File "/home/airflow/.local/lib/python3.8/site-packages/pandas/core/internals/base.py", line 70, in _validate_set_axis
    raise ValueError(
ValueError: Length mismatch: Expected axis has 0 elements, new values have 15 elements
[2024-07-16T17:45:36.740+0000] {taskinstance.py:1149} INFO - Marking task as FAILED. dag_id=stagingtodv, task_id=staff, execution_date=20240715T000000, start_date=20240716T174534, end_date=20240716T174536
[2024-07-16T17:45:36.760+0000] {standard_task_runner.py:107} ERROR - Failed to execute job 10 for task staff (Length mismatch: Expected axis has 0 elements, new values have 15 elements; 95)
[2024-07-16T17:45:36.817+0000] {local_task_job_runner.py:234} INFO - Task exited with return code 1
[2024-07-16T17:45:36.922+0000] {taskinstance.py:3312} INFO - 0 downstream tasks scheduled from follow-on schedule check
[2024-07-16T17:58:24.589+0000] {taskinstance.py:1979} INFO - Dependencies all met for dep_context=non-requeueable deps ti=<TaskInstance: stagingtodv.staff scheduled__2024-07-15T00:00:00+00:00 [queued]>
[2024-07-16T17:58:24.621+0000] {taskinstance.py:1979} INFO - Dependencies all met for dep_context=requeueable deps ti=<TaskInstance: stagingtodv.staff scheduled__2024-07-15T00:00:00+00:00 [queued]>
[2024-07-16T17:58:24.624+0000] {taskinstance.py:2193} INFO - Starting attempt 1 of 1
[2024-07-16T17:58:24.679+0000] {taskinstance.py:2217} INFO - Executing <Task(PythonOperator): staff> on 2024-07-15 00:00:00+00:00
[2024-07-16T17:58:24.691+0000] {standard_task_runner.py:60} INFO - Started process 83 to run task
[2024-07-16T17:58:24.705+0000] {standard_task_runner.py:87} INFO - Running: ['***', 'tasks', 'run', 'stagingtodv', 'staff', 'scheduled__2024-07-15T00:00:00+00:00', '--job-id', '5', '--raw', '--subdir', 'DAGS_FOLDER/dag.py', '--cfg-path', '/tmp/tmpypnxr20h']
[2024-07-16T17:58:24.707+0000] {standard_task_runner.py:88} INFO - Job 5: Subtask staff
[2024-07-16T17:58:24.844+0000] {task_command.py:423} INFO - Running <TaskInstance: stagingtodv.staff scheduled__2024-07-15T00:00:00+00:00 [running]> on host 9d71ede51657
[2024-07-16T17:58:26.188+0000] {taskinstance.py:2513} INFO - Exporting env vars: AIRFLOW_CTX_DAG_OWNER='***' AIRFLOW_CTX_DAG_ID='stagingtodv' AIRFLOW_CTX_TASK_ID='staff' AIRFLOW_CTX_EXECUTION_DATE='2024-07-15T00:00:00+00:00' AIRFLOW_CTX_TRY_NUMBER='1' AIRFLOW_CTX_DAG_RUN_ID='scheduled__2024-07-15T00:00:00+00:00'
[2024-07-16T17:58:26.193+0000] {logging_mixin.py:188} INFO - -------------------------------------------- select *  from etlconf.Etl_Process_Mapping where SourceTableName = 'staff' and Stage = 'stagingtodv'
[2024-07-16T17:58:26.266+0000] {taskinstance.py:2731} ERROR - Task failed with exception
Traceback (most recent call last):
  File "/home/airflow/.local/lib/python3.8/site-packages/airflow/models/taskinstance.py", line 444, in _execute_task
    result = _execute_callable(context=context, **execute_callable_kwargs)
  File "/home/airflow/.local/lib/python3.8/site-packages/airflow/models/taskinstance.py", line 414, in _execute_callable
    return execute_callable(context=context, **execute_callable_kwargs)
  File "/home/airflow/.local/lib/python3.8/site-packages/airflow/operators/python.py", line 200, in execute
    return_value = self.execute_callable()
  File "/home/airflow/.local/lib/python3.8/site-packages/airflow/operators/python.py", line 217, in execute_callable
    return self.python_callable(*self.op_args, **self.op_kwargs)
  File "/opt/airflow/dags/dag.py", line 41, in process_table
    tabletype = get_data_from_conf_table(table,stage)['tabletype'].values[0]
  File "/opt/airflow/dags/dag.py", line 34, in get_data_from_conf_table
    df.columns = [desc[0] for desc in cur.description]
  File "/home/airflow/.local/lib/python3.8/site-packages/pandas/core/generic.py", line 6002, in __setattr__
    return object.__setattr__(self, name, value)
  File "pandas/_libs/properties.pyx", line 69, in pandas._libs.properties.AxisProperty.__set__
  File "/home/airflow/.local/lib/python3.8/site-packages/pandas/core/generic.py", line 730, in _set_axis
    self._mgr.set_axis(axis, labels)
  File "/home/airflow/.local/lib/python3.8/site-packages/pandas/core/internals/managers.py", line 225, in set_axis
    self._validate_set_axis(axis, new_labels)
  File "/home/airflow/.local/lib/python3.8/site-packages/pandas/core/internals/base.py", line 70, in _validate_set_axis
    raise ValueError(
ValueError: Length mismatch: Expected axis has 0 elements, new values have 15 elements
[2024-07-16T17:58:26.298+0000] {taskinstance.py:1149} INFO - Marking task as FAILED. dag_id=stagingtodv, task_id=staff, execution_date=20240715T000000, start_date=20240716T175824, end_date=20240716T175826
[2024-07-16T17:58:26.364+0000] {standard_task_runner.py:107} ERROR - Failed to execute job 5 for task staff (Length mismatch: Expected axis has 0 elements, new values have 15 elements; 83)
[2024-07-16T17:58:26.414+0000] {local_task_job_runner.py:234} INFO - Task exited with return code 1
[2024-07-16T17:58:26.457+0000] {taskinstance.py:3312} INFO - 0 downstream tasks scheduled from follow-on schedule check
[2024-07-16T18:12:19.384+0000] {taskinstance.py:1979} INFO - Dependencies all met for dep_context=non-requeueable deps ti=<TaskInstance: stagingtodv.staff scheduled__2024-07-15T00:00:00+00:00 [queued]>
[2024-07-16T18:12:19.413+0000] {taskinstance.py:1979} INFO - Dependencies all met for dep_context=requeueable deps ti=<TaskInstance: stagingtodv.staff scheduled__2024-07-15T00:00:00+00:00 [queued]>
[2024-07-16T18:12:19.415+0000] {taskinstance.py:2193} INFO - Starting attempt 1 of 1
[2024-07-16T18:12:19.476+0000] {taskinstance.py:2217} INFO - Executing <Task(PythonOperator): staff> on 2024-07-15 00:00:00+00:00
[2024-07-16T18:12:19.495+0000] {standard_task_runner.py:60} INFO - Started process 108 to run task
[2024-07-16T18:12:19.509+0000] {standard_task_runner.py:87} INFO - Running: ['***', 'tasks', 'run', 'stagingtodv', 'staff', 'scheduled__2024-07-15T00:00:00+00:00', '--job-id', '3', '--raw', '--subdir', 'DAGS_FOLDER/dag.py', '--cfg-path', '/tmp/tmpvp7ih135']
[2024-07-16T18:12:19.529+0000] {standard_task_runner.py:88} INFO - Job 3: Subtask staff
[2024-07-16T18:12:19.740+0000] {task_command.py:423} INFO - Running <TaskInstance: stagingtodv.staff scheduled__2024-07-15T00:00:00+00:00 [running]> on host 9f18461f6153
[2024-07-16T18:12:21.259+0000] {taskinstance.py:2513} INFO - Exporting env vars: AIRFLOW_CTX_DAG_OWNER='***' AIRFLOW_CTX_DAG_ID='stagingtodv' AIRFLOW_CTX_TASK_ID='staff' AIRFLOW_CTX_EXECUTION_DATE='2024-07-15T00:00:00+00:00' AIRFLOW_CTX_TRY_NUMBER='1' AIRFLOW_CTX_DAG_RUN_ID='scheduled__2024-07-15T00:00:00+00:00'
[2024-07-16T18:12:21.268+0000] {logging_mixin.py:188} INFO - -------------------------------------------- select *  from etlconf.Etl_Process_Mapping where SourceTableName = 'staff' and Stage = 'stagingtodv'
[2024-07-16T18:12:21.312+0000] {taskinstance.py:2731} ERROR - Task failed with exception
Traceback (most recent call last):
  File "/home/airflow/.local/lib/python3.8/site-packages/airflow/models/taskinstance.py", line 444, in _execute_task
    result = _execute_callable(context=context, **execute_callable_kwargs)
  File "/home/airflow/.local/lib/python3.8/site-packages/airflow/models/taskinstance.py", line 414, in _execute_callable
    return execute_callable(context=context, **execute_callable_kwargs)
  File "/home/airflow/.local/lib/python3.8/site-packages/airflow/operators/python.py", line 200, in execute
    return_value = self.execute_callable()
  File "/home/airflow/.local/lib/python3.8/site-packages/airflow/operators/python.py", line 217, in execute_callable
    return self.python_callable(*self.op_args, **self.op_kwargs)
  File "/opt/airflow/dags/dag.py", line 41, in process_table
    tabletype = get_data_from_conf_table(table,stage)['tabletype'].values[0]
  File "/opt/airflow/dags/dag.py", line 34, in get_data_from_conf_table
    df.columns = [desc[0] for desc in cur.description]
  File "/home/airflow/.local/lib/python3.8/site-packages/pandas/core/generic.py", line 6002, in __setattr__
    return object.__setattr__(self, name, value)
  File "pandas/_libs/properties.pyx", line 69, in pandas._libs.properties.AxisProperty.__set__
  File "/home/airflow/.local/lib/python3.8/site-packages/pandas/core/generic.py", line 730, in _set_axis
    self._mgr.set_axis(axis, labels)
  File "/home/airflow/.local/lib/python3.8/site-packages/pandas/core/internals/managers.py", line 225, in set_axis
    self._validate_set_axis(axis, new_labels)
  File "/home/airflow/.local/lib/python3.8/site-packages/pandas/core/internals/base.py", line 70, in _validate_set_axis
    raise ValueError(
ValueError: Length mismatch: Expected axis has 0 elements, new values have 15 elements
[2024-07-16T18:12:21.350+0000] {taskinstance.py:1149} INFO - Marking task as FAILED. dag_id=stagingtodv, task_id=staff, execution_date=20240715T000000, start_date=20240716T181219, end_date=20240716T181221
[2024-07-16T18:12:21.375+0000] {standard_task_runner.py:107} ERROR - Failed to execute job 3 for task staff (Length mismatch: Expected axis has 0 elements, new values have 15 elements; 108)
[2024-07-16T18:12:21.420+0000] {local_task_job_runner.py:234} INFO - Task exited with return code 1
[2024-07-16T18:12:21.464+0000] {taskinstance.py:3312} INFO - 0 downstream tasks scheduled from follow-on schedule check
[2024-07-16T18:29:51.929+0000] {taskinstance.py:1979} INFO - Dependencies all met for dep_context=non-requeueable deps ti=<TaskInstance: stagingtodv.staff scheduled__2024-07-15T00:00:00+00:00 [queued]>
[2024-07-16T18:29:51.995+0000] {taskinstance.py:1979} INFO - Dependencies all met for dep_context=requeueable deps ti=<TaskInstance: stagingtodv.staff scheduled__2024-07-15T00:00:00+00:00 [queued]>
[2024-07-16T18:29:52.010+0000] {taskinstance.py:2193} INFO - Starting attempt 1 of 1
[2024-07-16T18:29:52.086+0000] {taskinstance.py:2217} INFO - Executing <Task(PythonOperator): staff> on 2024-07-15 00:00:00+00:00
[2024-07-16T18:29:52.129+0000] {standard_task_runner.py:60} INFO - Started process 98 to run task
[2024-07-16T18:29:52.191+0000] {standard_task_runner.py:87} INFO - Running: ['***', 'tasks', 'run', 'stagingtodv', 'staff', 'scheduled__2024-07-15T00:00:00+00:00', '--job-id', '14', '--raw', '--subdir', 'DAGS_FOLDER/dag.py', '--cfg-path', '/tmp/tmpadwo7fwf']
[2024-07-16T18:29:52.217+0000] {standard_task_runner.py:88} INFO - Job 14: Subtask staff
[2024-07-16T18:29:52.589+0000] {task_command.py:423} INFO - Running <TaskInstance: stagingtodv.staff scheduled__2024-07-15T00:00:00+00:00 [running]> on host 6c99a2e38d27
[2024-07-16T18:29:56.486+0000] {taskinstance.py:2513} INFO - Exporting env vars: AIRFLOW_CTX_DAG_OWNER='***' AIRFLOW_CTX_DAG_ID='stagingtodv' AIRFLOW_CTX_TASK_ID='staff' AIRFLOW_CTX_EXECUTION_DATE='2024-07-15T00:00:00+00:00' AIRFLOW_CTX_TRY_NUMBER='1' AIRFLOW_CTX_DAG_RUN_ID='scheduled__2024-07-15T00:00:00+00:00'
[2024-07-16T18:29:56.509+0000] {logging_mixin.py:188} INFO - -------------------------------------------- select *  from etlconf.Etl_Process_Mapping where SourceTableName = 'staff' and Stage = 'stagingtodv'
[2024-07-16T18:29:56.731+0000] {taskinstance.py:2731} ERROR - Task failed with exception
Traceback (most recent call last):
  File "/home/airflow/.local/lib/python3.8/site-packages/airflow/models/taskinstance.py", line 444, in _execute_task
    result = _execute_callable(context=context, **execute_callable_kwargs)
  File "/home/airflow/.local/lib/python3.8/site-packages/airflow/models/taskinstance.py", line 414, in _execute_callable
    return execute_callable(context=context, **execute_callable_kwargs)
  File "/home/airflow/.local/lib/python3.8/site-packages/airflow/operators/python.py", line 200, in execute
    return_value = self.execute_callable()
  File "/home/airflow/.local/lib/python3.8/site-packages/airflow/operators/python.py", line 217, in execute_callable
    return self.python_callable(*self.op_args, **self.op_kwargs)
  File "/opt/airflow/dags/dag.py", line 41, in process_table
    tabletype = get_data_from_conf_table(table,stage)['tabletype'].values[0]
  File "/opt/airflow/dags/dag.py", line 34, in get_data_from_conf_table
    df.columns = [desc[0] for desc in cur.description]
  File "/home/airflow/.local/lib/python3.8/site-packages/pandas/core/generic.py", line 6002, in __setattr__
    return object.__setattr__(self, name, value)
  File "pandas/_libs/properties.pyx", line 69, in pandas._libs.properties.AxisProperty.__set__
  File "/home/airflow/.local/lib/python3.8/site-packages/pandas/core/generic.py", line 730, in _set_axis
    self._mgr.set_axis(axis, labels)
  File "/home/airflow/.local/lib/python3.8/site-packages/pandas/core/internals/managers.py", line 225, in set_axis
    self._validate_set_axis(axis, new_labels)
  File "/home/airflow/.local/lib/python3.8/site-packages/pandas/core/internals/base.py", line 70, in _validate_set_axis
    raise ValueError(
ValueError: Length mismatch: Expected axis has 0 elements, new values have 15 elements
[2024-07-16T18:29:56.957+0000] {taskinstance.py:1149} INFO - Marking task as FAILED. dag_id=stagingtodv, task_id=staff, execution_date=20240715T000000, start_date=20240716T182951, end_date=20240716T182956
[2024-07-16T18:29:57.245+0000] {standard_task_runner.py:107} ERROR - Failed to execute job 14 for task staff (Length mismatch: Expected axis has 0 elements, new values have 15 elements; 98)
[2024-07-16T18:29:58.080+0000] {local_task_job_runner.py:234} INFO - Task exited with return code 1
[2024-07-16T18:29:58.384+0000] {taskinstance.py:3312} INFO - 0 downstream tasks scheduled from follow-on schedule check
[2024-07-16T18:33:54.497+0000] {taskinstance.py:1979} INFO - Dependencies all met for dep_context=non-requeueable deps ti=<TaskInstance: stagingtodv.staff scheduled__2024-07-15T00:00:00+00:00 [queued]>
[2024-07-16T18:33:54.541+0000] {taskinstance.py:1979} INFO - Dependencies all met for dep_context=requeueable deps ti=<TaskInstance: stagingtodv.staff scheduled__2024-07-15T00:00:00+00:00 [queued]>
[2024-07-16T18:33:54.556+0000] {taskinstance.py:2193} INFO - Starting attempt 1 of 1
[2024-07-16T18:33:54.605+0000] {taskinstance.py:2217} INFO - Executing <Task(PythonOperator): staff> on 2024-07-15 00:00:00+00:00
[2024-07-16T18:33:54.657+0000] {standard_task_runner.py:60} INFO - Started process 118 to run task
[2024-07-16T18:33:54.669+0000] {standard_task_runner.py:87} INFO - Running: ['***', 'tasks', 'run', 'stagingtodv', 'staff', 'scheduled__2024-07-15T00:00:00+00:00', '--job-id', '15', '--raw', '--subdir', 'DAGS_FOLDER/dag.py', '--cfg-path', '/tmp/tmp4weldo_r']
[2024-07-16T18:33:54.686+0000] {standard_task_runner.py:88} INFO - Job 15: Subtask staff
[2024-07-16T18:33:54.926+0000] {task_command.py:423} INFO - Running <TaskInstance: stagingtodv.staff scheduled__2024-07-15T00:00:00+00:00 [running]> on host b7021158e377
[2024-07-16T18:33:56.639+0000] {taskinstance.py:2513} INFO - Exporting env vars: AIRFLOW_CTX_DAG_OWNER='***' AIRFLOW_CTX_DAG_ID='stagingtodv' AIRFLOW_CTX_TASK_ID='staff' AIRFLOW_CTX_EXECUTION_DATE='2024-07-15T00:00:00+00:00' AIRFLOW_CTX_TRY_NUMBER='1' AIRFLOW_CTX_DAG_RUN_ID='scheduled__2024-07-15T00:00:00+00:00'
[2024-07-16T18:33:56.646+0000] {logging_mixin.py:188} INFO - -------------------------------------------- select *  from etlconf.Etl_Process_Mapping where SourceTableName = 'staff' and Stage = 'stagingtodv'
[2024-07-16T18:33:56.672+0000] {taskinstance.py:2731} ERROR - Task failed with exception
Traceback (most recent call last):
  File "/home/airflow/.local/lib/python3.8/site-packages/airflow/models/taskinstance.py", line 444, in _execute_task
    result = _execute_callable(context=context, **execute_callable_kwargs)
  File "/home/airflow/.local/lib/python3.8/site-packages/airflow/models/taskinstance.py", line 414, in _execute_callable
    return execute_callable(context=context, **execute_callable_kwargs)
  File "/home/airflow/.local/lib/python3.8/site-packages/airflow/operators/python.py", line 200, in execute
    return_value = self.execute_callable()
  File "/home/airflow/.local/lib/python3.8/site-packages/airflow/operators/python.py", line 217, in execute_callable
    return self.python_callable(*self.op_args, **self.op_kwargs)
  File "/opt/airflow/dags/dag.py", line 41, in process_table
    tabletype = get_data_from_conf_table(table,stage)['tabletype'].values[0]
  File "/opt/airflow/dags/dag.py", line 34, in get_data_from_conf_table
    df.columns = [desc[0] for desc in cur.description]
  File "/home/airflow/.local/lib/python3.8/site-packages/pandas/core/generic.py", line 6002, in __setattr__
    return object.__setattr__(self, name, value)
  File "pandas/_libs/properties.pyx", line 69, in pandas._libs.properties.AxisProperty.__set__
  File "/home/airflow/.local/lib/python3.8/site-packages/pandas/core/generic.py", line 730, in _set_axis
    self._mgr.set_axis(axis, labels)
  File "/home/airflow/.local/lib/python3.8/site-packages/pandas/core/internals/managers.py", line 225, in set_axis
    self._validate_set_axis(axis, new_labels)
  File "/home/airflow/.local/lib/python3.8/site-packages/pandas/core/internals/base.py", line 70, in _validate_set_axis
    raise ValueError(
ValueError: Length mismatch: Expected axis has 0 elements, new values have 15 elements
[2024-07-16T18:33:56.700+0000] {taskinstance.py:1149} INFO - Marking task as FAILED. dag_id=stagingtodv, task_id=staff, execution_date=20240715T000000, start_date=20240716T183354, end_date=20240716T183356
[2024-07-16T18:33:56.720+0000] {standard_task_runner.py:107} ERROR - Failed to execute job 15 for task staff (Length mismatch: Expected axis has 0 elements, new values have 15 elements; 118)
[2024-07-16T18:33:56.786+0000] {local_task_job_runner.py:234} INFO - Task exited with return code 1
[2024-07-16T18:33:56.819+0000] {taskinstance.py:3312} INFO - 0 downstream tasks scheduled from follow-on schedule check
[2024-07-16T18:45:23.996+0000] {taskinstance.py:1979} INFO - Dependencies all met for dep_context=non-requeueable deps ti=<TaskInstance: stagingtodv.staff scheduled__2024-07-15T00:00:00+00:00 [queued]>
[2024-07-16T18:45:24.029+0000] {taskinstance.py:1979} INFO - Dependencies all met for dep_context=requeueable deps ti=<TaskInstance: stagingtodv.staff scheduled__2024-07-15T00:00:00+00:00 [queued]>
[2024-07-16T18:45:24.034+0000] {taskinstance.py:2193} INFO - Starting attempt 1 of 1
[2024-07-16T18:45:24.106+0000] {taskinstance.py:2217} INFO - Executing <Task(PythonOperator): staff> on 2024-07-15 00:00:00+00:00
[2024-07-16T18:45:24.181+0000] {standard_task_runner.py:60} INFO - Started process 146 to run task
[2024-07-16T18:45:24.205+0000] {standard_task_runner.py:87} INFO - Running: ['***', 'tasks', 'run', 'stagingtodv', 'staff', 'scheduled__2024-07-15T00:00:00+00:00', '--job-id', '26', '--raw', '--subdir', 'DAGS_FOLDER/dag.py', '--cfg-path', '/tmp/tmpis1nbkne']
[2024-07-16T18:45:24.228+0000] {standard_task_runner.py:88} INFO - Job 26: Subtask staff
[2024-07-16T18:45:24.446+0000] {task_command.py:423} INFO - Running <TaskInstance: stagingtodv.staff scheduled__2024-07-15T00:00:00+00:00 [running]> on host 2e3dbb9eb862
[2024-07-16T18:45:24.748+0000] {taskinstance.py:2513} INFO - Exporting env vars: AIRFLOW_CTX_DAG_OWNER='***' AIRFLOW_CTX_DAG_ID='stagingtodv' AIRFLOW_CTX_TASK_ID='staff' AIRFLOW_CTX_EXECUTION_DATE='2024-07-15T00:00:00+00:00' AIRFLOW_CTX_TRY_NUMBER='1' AIRFLOW_CTX_DAG_RUN_ID='scheduled__2024-07-15T00:00:00+00:00'
[2024-07-16T18:45:24.758+0000] {logging_mixin.py:188} INFO - -------------------------------------------- select *  from etlconf.Etl_Process_Mapping where SourceTableName = 'staff' and Stage = 'stagingtodv'
[2024-07-16T18:45:26.031+0000] {taskinstance.py:2731} ERROR - Task failed with exception
Traceback (most recent call last):
  File "/home/airflow/.local/lib/python3.8/site-packages/airflow/models/taskinstance.py", line 444, in _execute_task
    result = _execute_callable(context=context, **execute_callable_kwargs)
  File "/home/airflow/.local/lib/python3.8/site-packages/airflow/models/taskinstance.py", line 414, in _execute_callable
    return execute_callable(context=context, **execute_callable_kwargs)
  File "/home/airflow/.local/lib/python3.8/site-packages/airflow/operators/python.py", line 200, in execute
    return_value = self.execute_callable()
  File "/home/airflow/.local/lib/python3.8/site-packages/airflow/operators/python.py", line 217, in execute_callable
    return self.python_callable(*self.op_args, **self.op_kwargs)
  File "/opt/airflow/dags/dag.py", line 41, in process_table
    tabletype = get_data_from_conf_table(table,stage)['tabletype'].values[0]
  File "/opt/airflow/dags/dag.py", line 34, in get_data_from_conf_table
    df.columns = [desc[0] for desc in cur.description]
  File "/home/airflow/.local/lib/python3.8/site-packages/pandas/core/generic.py", line 6002, in __setattr__
    return object.__setattr__(self, name, value)
  File "pandas/_libs/properties.pyx", line 69, in pandas._libs.properties.AxisProperty.__set__
  File "/home/airflow/.local/lib/python3.8/site-packages/pandas/core/generic.py", line 730, in _set_axis
    self._mgr.set_axis(axis, labels)
  File "/home/airflow/.local/lib/python3.8/site-packages/pandas/core/internals/managers.py", line 225, in set_axis
    self._validate_set_axis(axis, new_labels)
  File "/home/airflow/.local/lib/python3.8/site-packages/pandas/core/internals/base.py", line 70, in _validate_set_axis
    raise ValueError(
ValueError: Length mismatch: Expected axis has 0 elements, new values have 15 elements
[2024-07-16T18:45:26.102+0000] {taskinstance.py:1149} INFO - Marking task as FAILED. dag_id=stagingtodv, task_id=staff, execution_date=20240715T000000, start_date=20240716T184524, end_date=20240716T184526
[2024-07-16T18:45:26.146+0000] {standard_task_runner.py:107} ERROR - Failed to execute job 26 for task staff (Length mismatch: Expected axis has 0 elements, new values have 15 elements; 146)
[2024-07-16T18:45:26.205+0000] {local_task_job_runner.py:234} INFO - Task exited with return code 1
[2024-07-16T18:45:26.286+0000] {taskinstance.py:3312} INFO - 0 downstream tasks scheduled from follow-on schedule check
[2024-07-16T18:56:46.123+0000] {taskinstance.py:1979} INFO - Dependencies all met for dep_context=non-requeueable deps ti=<TaskInstance: stagingtodv.staff scheduled__2024-07-15T00:00:00+00:00 [queued]>
[2024-07-16T18:56:46.146+0000] {taskinstance.py:1979} INFO - Dependencies all met for dep_context=requeueable deps ti=<TaskInstance: stagingtodv.staff scheduled__2024-07-15T00:00:00+00:00 [queued]>
[2024-07-16T18:56:46.148+0000] {taskinstance.py:2193} INFO - Starting attempt 1 of 1
[2024-07-16T18:56:46.203+0000] {taskinstance.py:2217} INFO - Executing <Task(PythonOperator): staff> on 2024-07-15 00:00:00+00:00
[2024-07-16T18:56:46.237+0000] {standard_task_runner.py:60} INFO - Started process 152 to run task
[2024-07-16T18:56:46.270+0000] {standard_task_runner.py:87} INFO - Running: ['***', 'tasks', 'run', 'stagingtodv', 'staff', 'scheduled__2024-07-15T00:00:00+00:00', '--job-id', '28', '--raw', '--subdir', 'DAGS_FOLDER/dag.py', '--cfg-path', '/tmp/tmp503h_7hk']
[2024-07-16T18:56:46.298+0000] {standard_task_runner.py:88} INFO - Job 28: Subtask staff
[2024-07-16T18:56:46.635+0000] {task_command.py:423} INFO - Running <TaskInstance: stagingtodv.staff scheduled__2024-07-15T00:00:00+00:00 [running]> on host 1733eeb0def3
[2024-07-16T18:56:46.889+0000] {taskinstance.py:2513} INFO - Exporting env vars: AIRFLOW_CTX_DAG_OWNER='***' AIRFLOW_CTX_DAG_ID='stagingtodv' AIRFLOW_CTX_TASK_ID='staff' AIRFLOW_CTX_EXECUTION_DATE='2024-07-15T00:00:00+00:00' AIRFLOW_CTX_TRY_NUMBER='1' AIRFLOW_CTX_DAG_RUN_ID='scheduled__2024-07-15T00:00:00+00:00'
[2024-07-16T18:56:46.903+0000] {logging_mixin.py:188} INFO - -------------------------------------------- select *  from etlconf.Etl_Process_Mapping where SourceTableName = 'staff' and Stage = 'stagingtodv'
[2024-07-16T18:56:47.351+0000] {taskinstance.py:2731} ERROR - Task failed with exception
Traceback (most recent call last):
  File "/home/airflow/.local/lib/python3.8/site-packages/airflow/models/taskinstance.py", line 444, in _execute_task
    result = _execute_callable(context=context, **execute_callable_kwargs)
  File "/home/airflow/.local/lib/python3.8/site-packages/airflow/models/taskinstance.py", line 414, in _execute_callable
    return execute_callable(context=context, **execute_callable_kwargs)
  File "/home/airflow/.local/lib/python3.8/site-packages/airflow/operators/python.py", line 200, in execute
    return_value = self.execute_callable()
  File "/home/airflow/.local/lib/python3.8/site-packages/airflow/operators/python.py", line 217, in execute_callable
    return self.python_callable(*self.op_args, **self.op_kwargs)
  File "/opt/airflow/dags/dag.py", line 41, in process_table
    tabletype = get_data_from_conf_table(table,stage)['tabletype'].values[0]
  File "/opt/airflow/dags/dag.py", line 34, in get_data_from_conf_table
    df.columns = [desc[0] for desc in cur.description]
  File "/home/airflow/.local/lib/python3.8/site-packages/pandas/core/generic.py", line 6002, in __setattr__
    return object.__setattr__(self, name, value)
  File "pandas/_libs/properties.pyx", line 69, in pandas._libs.properties.AxisProperty.__set__
  File "/home/airflow/.local/lib/python3.8/site-packages/pandas/core/generic.py", line 730, in _set_axis
    self._mgr.set_axis(axis, labels)
  File "/home/airflow/.local/lib/python3.8/site-packages/pandas/core/internals/managers.py", line 225, in set_axis
    self._validate_set_axis(axis, new_labels)
  File "/home/airflow/.local/lib/python3.8/site-packages/pandas/core/internals/base.py", line 70, in _validate_set_axis
    raise ValueError(
ValueError: Length mismatch: Expected axis has 0 elements, new values have 15 elements
[2024-07-16T18:56:47.365+0000] {taskinstance.py:1149} INFO - Marking task as FAILED. dag_id=stagingtodv, task_id=staff, execution_date=20240715T000000, start_date=20240716T185646, end_date=20240716T185647
[2024-07-16T18:56:47.376+0000] {standard_task_runner.py:107} ERROR - Failed to execute job 28 for task staff (Length mismatch: Expected axis has 0 elements, new values have 15 elements; 152)
[2024-07-16T18:56:47.408+0000] {local_task_job_runner.py:234} INFO - Task exited with return code 1
[2024-07-16T18:56:47.435+0000] {taskinstance.py:3312} INFO - 0 downstream tasks scheduled from follow-on schedule check
[2024-07-16T19:01:11.919+0000] {taskinstance.py:1979} INFO - Dependencies all met for dep_context=non-requeueable deps ti=<TaskInstance: stagingtodv.staff scheduled__2024-07-15T00:00:00+00:00 [queued]>
[2024-07-16T19:01:11.934+0000] {taskinstance.py:1979} INFO - Dependencies all met for dep_context=requeueable deps ti=<TaskInstance: stagingtodv.staff scheduled__2024-07-15T00:00:00+00:00 [queued]>
[2024-07-16T19:01:11.944+0000] {taskinstance.py:2193} INFO - Starting attempt 1 of 1
[2024-07-16T19:01:11.969+0000] {taskinstance.py:2217} INFO - Executing <Task(PythonOperator): staff> on 2024-07-15 00:00:00+00:00
[2024-07-16T19:01:12.020+0000] {standard_task_runner.py:87} INFO - Running: ['***', 'tasks', 'run', 'stagingtodv', 'staff', 'scheduled__2024-07-15T00:00:00+00:00', '--job-id', '7', '--raw', '--subdir', 'DAGS_FOLDER/dag.py', '--cfg-path', '/tmp/tmp4rtbvr9q']
[2024-07-16T19:01:12.036+0000] {standard_task_runner.py:88} INFO - Job 7: Subtask staff
[2024-07-16T19:01:12.024+0000] {standard_task_runner.py:60} INFO - Started process 85 to run task
[2024-07-16T19:01:12.271+0000] {task_command.py:423} INFO - Running <TaskInstance: stagingtodv.staff scheduled__2024-07-15T00:00:00+00:00 [running]> on host ef8b8dee6045
[2024-07-16T19:01:13.596+0000] {taskinstance.py:2513} INFO - Exporting env vars: AIRFLOW_CTX_DAG_OWNER='***' AIRFLOW_CTX_DAG_ID='stagingtodv' AIRFLOW_CTX_TASK_ID='staff' AIRFLOW_CTX_EXECUTION_DATE='2024-07-15T00:00:00+00:00' AIRFLOW_CTX_TRY_NUMBER='1' AIRFLOW_CTX_DAG_RUN_ID='scheduled__2024-07-15T00:00:00+00:00'
[2024-07-16T19:01:13.608+0000] {logging_mixin.py:188} INFO - -------------------------------------------- select *  from etlconf.Etl_Process_Mapping where SourceTableName = 'staff' and Stage = 'stagingtodv'
[2024-07-16T19:01:13.688+0000] {taskinstance.py:2731} ERROR - Task failed with exception
Traceback (most recent call last):
  File "/home/airflow/.local/lib/python3.8/site-packages/airflow/models/taskinstance.py", line 444, in _execute_task
    result = _execute_callable(context=context, **execute_callable_kwargs)
  File "/home/airflow/.local/lib/python3.8/site-packages/airflow/models/taskinstance.py", line 414, in _execute_callable
    return execute_callable(context=context, **execute_callable_kwargs)
  File "/home/airflow/.local/lib/python3.8/site-packages/airflow/operators/python.py", line 200, in execute
    return_value = self.execute_callable()
  File "/home/airflow/.local/lib/python3.8/site-packages/airflow/operators/python.py", line 217, in execute_callable
    return self.python_callable(*self.op_args, **self.op_kwargs)
  File "/opt/airflow/dags/dag.py", line 41, in process_table
    tabletype = get_data_from_conf_table(table,stage)['tabletype'].values[0]
  File "/opt/airflow/dags/dag.py", line 34, in get_data_from_conf_table
    df.columns = [desc[0] for desc in cur.description]
  File "/home/airflow/.local/lib/python3.8/site-packages/pandas/core/generic.py", line 6002, in __setattr__
    return object.__setattr__(self, name, value)
  File "pandas/_libs/properties.pyx", line 69, in pandas._libs.properties.AxisProperty.__set__
  File "/home/airflow/.local/lib/python3.8/site-packages/pandas/core/generic.py", line 730, in _set_axis
    self._mgr.set_axis(axis, labels)
  File "/home/airflow/.local/lib/python3.8/site-packages/pandas/core/internals/managers.py", line 225, in set_axis
    self._validate_set_axis(axis, new_labels)
  File "/home/airflow/.local/lib/python3.8/site-packages/pandas/core/internals/base.py", line 70, in _validate_set_axis
    raise ValueError(
ValueError: Length mismatch: Expected axis has 0 elements, new values have 15 elements
[2024-07-16T19:01:13.714+0000] {taskinstance.py:1149} INFO - Marking task as FAILED. dag_id=stagingtodv, task_id=staff, execution_date=20240715T000000, start_date=20240716T190111, end_date=20240716T190113
[2024-07-16T19:01:13.723+0000] {standard_task_runner.py:107} ERROR - Failed to execute job 7 for task staff (Length mismatch: Expected axis has 0 elements, new values have 15 elements; 85)
[2024-07-16T19:01:13.766+0000] {local_task_job_runner.py:234} INFO - Task exited with return code 1
[2024-07-16T19:01:13.786+0000] {taskinstance.py:3312} INFO - 0 downstream tasks scheduled from follow-on schedule check
