[2024-07-02T18:43:42.901+0000] {taskinstance.py:1979} INFO - Dependencies all met for dep_context=non-requeueable deps ti=<TaskInstance: sqltostaging.language manual__2024-07-02T18:43:40.794029+00:00 [queued]>
[2024-07-02T18:43:42.915+0000] {taskinstance.py:1979} INFO - Dependencies all met for dep_context=requeueable deps ti=<TaskInstance: sqltostaging.language manual__2024-07-02T18:43:40.794029+00:00 [queued]>
[2024-07-02T18:43:42.920+0000] {taskinstance.py:2193} INFO - Starting attempt 1 of 1
[2024-07-02T18:43:42.955+0000] {taskinstance.py:2217} INFO - Executing <Task(PythonOperator): language> on 2024-07-02 18:43:40.794029+00:00
[2024-07-02T18:43:42.962+0000] {standard_task_runner.py:60} INFO - Started process 149 to run task
[2024-07-02T18:43:42.974+0000] {standard_task_runner.py:87} INFO - Running: ['***', 'tasks', 'run', 'sqltostaging', 'language', 'manual__2024-07-02T18:43:40.794029+00:00', '--job-id', '18', '--raw', '--subdir', 'DAGS_FOLDER/dag.py', '--cfg-path', '/tmp/tmpddbekw3r']
[2024-07-02T18:43:42.999+0000] {standard_task_runner.py:88} INFO - Job 18: Subtask language
[2024-07-02T18:43:43.174+0000] {task_command.py:423} INFO - Running <TaskInstance: sqltostaging.language manual__2024-07-02T18:43:40.794029+00:00 [running]> on host 5b7251376729
[2024-07-02T18:43:43.335+0000] {taskinstance.py:2513} INFO - Exporting env vars: AIRFLOW_CTX_DAG_OWNER='***' AIRFLOW_CTX_DAG_ID='sqltostaging' AIRFLOW_CTX_TASK_ID='language' AIRFLOW_CTX_EXECUTION_DATE='2024-07-02T18:43:40.794029+00:00' AIRFLOW_CTX_TRY_NUMBER='1' AIRFLOW_CTX_DAG_RUN_ID='manual__2024-07-02T18:43:40.794029+00:00'
[2024-07-02T18:43:43.351+0000] {logging_mixin.py:188} INFO - dvtobv :dag_id
[2024-07-02T18:43:43.359+0000] {logging_mixin.py:188} INFO - table: language
[2024-07-02T18:43:43.367+0000] {taskinstance.py:2731} ERROR - Task failed with exception
Traceback (most recent call last):
  File "/home/airflow/.local/lib/python3.8/site-packages/airflow/models/taskinstance.py", line 444, in _execute_task
    result = _execute_callable(context=context, **execute_callable_kwargs)
  File "/home/airflow/.local/lib/python3.8/site-packages/airflow/models/taskinstance.py", line 414, in _execute_callable
    return execute_callable(context=context, **execute_callable_kwargs)
  File "/home/airflow/.local/lib/python3.8/site-packages/airflow/operators/python.py", line 200, in execute
    return_value = self.execute_callable()
  File "/home/airflow/.local/lib/python3.8/site-packages/airflow/operators/python.py", line 217, in execute_callable
    return self.python_callable(*self.op_args, **self.op_kwargs)
  File "/opt/airflow/dags/dag.py", line 22, in process_table
    return  execute(table, stage, "public")
TypeError: execute() missing 1 required positional argument: 'schema'
[2024-07-02T18:43:43.410+0000] {taskinstance.py:1149} INFO - Marking task as FAILED. dag_id=sqltostaging, task_id=language, execution_date=20240702T184340, start_date=20240702T184342, end_date=20240702T184343
[2024-07-02T18:43:44.291+0000] {standard_task_runner.py:107} ERROR - Failed to execute job 18 for task language (execute() missing 1 required positional argument: 'schema'; 149)
[2024-07-02T18:43:44.344+0000] {local_task_job_runner.py:234} INFO - Task exited with return code 1
[2024-07-02T18:43:44.396+0000] {taskinstance.py:3312} INFO - 0 downstream tasks scheduled from follow-on schedule check
