[2024-07-24T19:49:39.883+0000] {taskinstance.py:1979} INFO - Dependencies all met for dep_context=non-requeueable deps ti=<TaskInstance: dvtobv.film scheduled__2024-07-23T00:00:00+00:00 [queued]>
[2024-07-24T19:49:39.974+0000] {taskinstance.py:1979} INFO - Dependencies all met for dep_context=requeueable deps ti=<TaskInstance: dvtobv.film scheduled__2024-07-23T00:00:00+00:00 [queued]>
[2024-07-24T19:49:39.989+0000] {taskinstance.py:2193} INFO - Starting attempt 1 of 1
[2024-07-24T19:49:40.015+0000] {taskinstance.py:2217} INFO - Executing <Task(PythonOperator): film> on 2024-07-23 00:00:00+00:00
[2024-07-24T19:49:40.036+0000] {standard_task_runner.py:60} INFO - Started process 105 to run task
[2024-07-24T19:49:40.063+0000] {standard_task_runner.py:87} INFO - Running: ['***', 'tasks', 'run', 'dvtobv', 'film', 'scheduled__2024-07-23T00:00:00+00:00', '--job-id', '13', '--raw', '--subdir', 'DAGS_FOLDER/dag.py', '--cfg-path', '/tmp/tmptm1x2d8y']
[2024-07-24T19:49:40.103+0000] {standard_task_runner.py:88} INFO - Job 13: Subtask film
[2024-07-24T19:49:40.351+0000] {task_command.py:423} INFO - Running <TaskInstance: dvtobv.film scheduled__2024-07-23T00:00:00+00:00 [running]> on host 8ab20c69e78f
[2024-07-24T19:49:41.747+0000] {taskinstance.py:2513} INFO - Exporting env vars: AIRFLOW_CTX_DAG_OWNER='***' AIRFLOW_CTX_DAG_ID='dvtobv' AIRFLOW_CTX_TASK_ID='film' AIRFLOW_CTX_EXECUTION_DATE='2024-07-23T00:00:00+00:00' AIRFLOW_CTX_TRY_NUMBER='1' AIRFLOW_CTX_DAG_RUN_ID='scheduled__2024-07-23T00:00:00+00:00'
[2024-07-24T19:49:41.749+0000] {logging_mixin.py:188} INFO - -------------------------------------------- select *  from etlconf.Etl_Process_Mapping where SourceTableName = 'film' and Stage = 'dvtobv'
[2024-07-24T19:49:41.794+0000] {taskinstance.py:2731} ERROR - Task failed with exception
Traceback (most recent call last):
  File "/home/airflow/.local/lib/python3.8/site-packages/airflow/models/taskinstance.py", line 444, in _execute_task
    result = _execute_callable(context=context, **execute_callable_kwargs)
  File "/home/airflow/.local/lib/python3.8/site-packages/airflow/models/taskinstance.py", line 414, in _execute_callable
    return execute_callable(context=context, **execute_callable_kwargs)
  File "/home/airflow/.local/lib/python3.8/site-packages/airflow/operators/python.py", line 200, in execute
    return_value = self.execute_callable()
  File "/home/airflow/.local/lib/python3.8/site-packages/airflow/operators/python.py", line 217, in execute_callable
    return self.python_callable(*self.op_args, **self.op_kwargs)
  File "/opt/airflow/dags/dag.py", line 43, in process_table
    tabletype = get_data_from_conf_table(table,stage)['tabletype'].values[0]
  File "/opt/airflow/dags/dag.py", line 36, in get_data_from_conf_table
    df.columns = [desc[0] for desc in cur.description]
  File "/home/airflow/.local/lib/python3.8/site-packages/pandas/core/generic.py", line 6002, in __setattr__
    return object.__setattr__(self, name, value)
  File "pandas/_libs/properties.pyx", line 69, in pandas._libs.properties.AxisProperty.__set__
  File "/home/airflow/.local/lib/python3.8/site-packages/pandas/core/generic.py", line 730, in _set_axis
    self._mgr.set_axis(axis, labels)
  File "/home/airflow/.local/lib/python3.8/site-packages/pandas/core/internals/managers.py", line 225, in set_axis
    self._validate_set_axis(axis, new_labels)
  File "/home/airflow/.local/lib/python3.8/site-packages/pandas/core/internals/base.py", line 70, in _validate_set_axis
    raise ValueError(
ValueError: Length mismatch: Expected axis has 0 elements, new values have 16 elements
[2024-07-24T19:49:41.809+0000] {taskinstance.py:1149} INFO - Marking task as FAILED. dag_id=dvtobv, task_id=film, execution_date=20240723T000000, start_date=20240724T194939, end_date=20240724T194941
[2024-07-24T19:49:41.829+0000] {standard_task_runner.py:107} ERROR - Failed to execute job 13 for task film (Length mismatch: Expected axis has 0 elements, new values have 16 elements; 105)
[2024-07-24T19:49:41.877+0000] {local_task_job_runner.py:234} INFO - Task exited with return code 1
[2024-07-24T19:49:41.915+0000] {taskinstance.py:3312} INFO - 0 downstream tasks scheduled from follow-on schedule check
[2024-07-24T20:23:59.573+0000] {taskinstance.py:1979} INFO - Dependencies all met for dep_context=non-requeueable deps ti=<TaskInstance: dvtobv.film scheduled__2024-07-23T00:00:00+00:00 [queued]>
[2024-07-24T20:23:59.579+0000] {taskinstance.py:1979} INFO - Dependencies all met for dep_context=requeueable deps ti=<TaskInstance: dvtobv.film scheduled__2024-07-23T00:00:00+00:00 [queued]>
[2024-07-24T20:23:59.580+0000] {taskinstance.py:2193} INFO - Starting attempt 1 of 1
[2024-07-24T20:23:59.587+0000] {taskinstance.py:2217} INFO - Executing <Task(PythonOperator): film> on 2024-07-23 00:00:00+00:00
[2024-07-24T20:23:59.590+0000] {standard_task_runner.py:60} INFO - Started process 161 to run task
[2024-07-24T20:23:59.592+0000] {standard_task_runner.py:87} INFO - Running: ['***', 'tasks', 'run', 'dvtobv', 'film', 'scheduled__2024-07-23T00:00:00+00:00', '--job-id', '18', '--raw', '--subdir', 'DAGS_FOLDER/dag.py', '--cfg-path', '/tmp/tmpe2h_vby4']
[2024-07-24T20:23:59.594+0000] {standard_task_runner.py:88} INFO - Job 18: Subtask film
[2024-07-24T20:23:59.623+0000] {task_command.py:423} INFO - Running <TaskInstance: dvtobv.film scheduled__2024-07-23T00:00:00+00:00 [running]> on host fd6805ab8e96
[2024-07-24T20:23:59.664+0000] {taskinstance.py:2513} INFO - Exporting env vars: AIRFLOW_CTX_DAG_OWNER='***' AIRFLOW_CTX_DAG_ID='dvtobv' AIRFLOW_CTX_TASK_ID='film' AIRFLOW_CTX_EXECUTION_DATE='2024-07-23T00:00:00+00:00' AIRFLOW_CTX_TRY_NUMBER='1' AIRFLOW_CTX_DAG_RUN_ID='scheduled__2024-07-23T00:00:00+00:00'
[2024-07-24T20:23:59.666+0000] {logging_mixin.py:188} INFO - -------------------------------------------- select *  from etlconf.Etl_Process_Mapping where SourceTableName = 'film' and Stage = 'dvtobv'
[2024-07-24T20:23:59.684+0000] {taskinstance.py:2731} ERROR - Task failed with exception
Traceback (most recent call last):
  File "/home/airflow/.local/lib/python3.8/site-packages/airflow/models/taskinstance.py", line 444, in _execute_task
    result = _execute_callable(context=context, **execute_callable_kwargs)
  File "/home/airflow/.local/lib/python3.8/site-packages/airflow/models/taskinstance.py", line 414, in _execute_callable
    return execute_callable(context=context, **execute_callable_kwargs)
  File "/home/airflow/.local/lib/python3.8/site-packages/airflow/operators/python.py", line 200, in execute
    return_value = self.execute_callable()
  File "/home/airflow/.local/lib/python3.8/site-packages/airflow/operators/python.py", line 217, in execute_callable
    return self.python_callable(*self.op_args, **self.op_kwargs)
  File "/opt/airflow/dags/dag.py", line 43, in process_table
    tabletype = get_data_from_conf_table(table,stage)['tabletype'].values[0]
  File "/opt/airflow/dags/dag.py", line 36, in get_data_from_conf_table
    df.columns = [desc[0] for desc in cur.description]
  File "/home/airflow/.local/lib/python3.8/site-packages/pandas/core/generic.py", line 6002, in __setattr__
    return object.__setattr__(self, name, value)
  File "pandas/_libs/properties.pyx", line 69, in pandas._libs.properties.AxisProperty.__set__
  File "/home/airflow/.local/lib/python3.8/site-packages/pandas/core/generic.py", line 730, in _set_axis
    self._mgr.set_axis(axis, labels)
  File "/home/airflow/.local/lib/python3.8/site-packages/pandas/core/internals/managers.py", line 225, in set_axis
    self._validate_set_axis(axis, new_labels)
  File "/home/airflow/.local/lib/python3.8/site-packages/pandas/core/internals/base.py", line 70, in _validate_set_axis
    raise ValueError(
ValueError: Length mismatch: Expected axis has 0 elements, new values have 16 elements
[2024-07-24T20:23:59.808+0000] {taskinstance.py:1149} INFO - Marking task as FAILED. dag_id=dvtobv, task_id=film, execution_date=20240723T000000, start_date=20240724T202359, end_date=20240724T202359
[2024-07-24T20:23:59.815+0000] {standard_task_runner.py:107} ERROR - Failed to execute job 18 for task film (Length mismatch: Expected axis has 0 elements, new values have 16 elements; 161)
[2024-07-24T20:23:59.859+0000] {local_task_job_runner.py:234} INFO - Task exited with return code 1
[2024-07-24T20:23:59.870+0000] {taskinstance.py:3312} INFO - 0 downstream tasks scheduled from follow-on schedule check
[2024-07-24T20:33:10.743+0000] {taskinstance.py:1979} INFO - Dependencies all met for dep_context=non-requeueable deps ti=<TaskInstance: dvtobv.film scheduled__2024-07-23T00:00:00+00:00 [queued]>
[2024-07-24T20:33:10.751+0000] {taskinstance.py:1979} INFO - Dependencies all met for dep_context=requeueable deps ti=<TaskInstance: dvtobv.film scheduled__2024-07-23T00:00:00+00:00 [queued]>
[2024-07-24T20:33:10.751+0000] {taskinstance.py:2193} INFO - Starting attempt 1 of 1
[2024-07-24T20:33:10.760+0000] {taskinstance.py:2217} INFO - Executing <Task(PythonOperator): film> on 2024-07-23 00:00:00+00:00
[2024-07-24T20:33:10.763+0000] {standard_task_runner.py:60} INFO - Started process 61 to run task
[2024-07-24T20:33:10.765+0000] {standard_task_runner.py:87} INFO - Running: ['***', 'tasks', 'run', 'dvtobv', 'film', 'scheduled__2024-07-23T00:00:00+00:00', '--job-id', '3', '--raw', '--subdir', 'DAGS_FOLDER/dag.py', '--cfg-path', '/tmp/tmpd6h3y7se']
[2024-07-24T20:33:10.768+0000] {standard_task_runner.py:88} INFO - Job 3: Subtask film
[2024-07-24T20:33:10.818+0000] {task_command.py:423} INFO - Running <TaskInstance: dvtobv.film scheduled__2024-07-23T00:00:00+00:00 [running]> on host 695cf3b3b6d9
[2024-07-24T20:33:11.096+0000] {taskinstance.py:2513} INFO - Exporting env vars: AIRFLOW_CTX_DAG_OWNER='***' AIRFLOW_CTX_DAG_ID='dvtobv' AIRFLOW_CTX_TASK_ID='film' AIRFLOW_CTX_EXECUTION_DATE='2024-07-23T00:00:00+00:00' AIRFLOW_CTX_TRY_NUMBER='1' AIRFLOW_CTX_DAG_RUN_ID='scheduled__2024-07-23T00:00:00+00:00'
[2024-07-24T20:33:11.097+0000] {logging_mixin.py:188} INFO - -------------------------------------------- select *  from etlconf.Etl_Process_Mapping where SourceTableName = 'film' and Stage = 'dvtobv'
[2024-07-24T20:33:11.124+0000] {taskinstance.py:2731} ERROR - Task failed with exception
Traceback (most recent call last):
  File "/home/airflow/.local/lib/python3.8/site-packages/airflow/models/taskinstance.py", line 444, in _execute_task
    result = _execute_callable(context=context, **execute_callable_kwargs)
  File "/home/airflow/.local/lib/python3.8/site-packages/airflow/models/taskinstance.py", line 414, in _execute_callable
    return execute_callable(context=context, **execute_callable_kwargs)
  File "/home/airflow/.local/lib/python3.8/site-packages/airflow/operators/python.py", line 200, in execute
    return_value = self.execute_callable()
  File "/home/airflow/.local/lib/python3.8/site-packages/airflow/operators/python.py", line 217, in execute_callable
    return self.python_callable(*self.op_args, **self.op_kwargs)
  File "/opt/airflow/dags/dag.py", line 43, in process_table
    tabletype = get_data_from_conf_table(table,stage)['tabletype'].values[0]
  File "/opt/airflow/dags/dag.py", line 36, in get_data_from_conf_table
    df.columns = [desc[0] for desc in cur.description]
  File "/home/airflow/.local/lib/python3.8/site-packages/pandas/core/generic.py", line 6002, in __setattr__
    return object.__setattr__(self, name, value)
  File "pandas/_libs/properties.pyx", line 69, in pandas._libs.properties.AxisProperty.__set__
  File "/home/airflow/.local/lib/python3.8/site-packages/pandas/core/generic.py", line 730, in _set_axis
    self._mgr.set_axis(axis, labels)
  File "/home/airflow/.local/lib/python3.8/site-packages/pandas/core/internals/managers.py", line 225, in set_axis
    self._validate_set_axis(axis, new_labels)
  File "/home/airflow/.local/lib/python3.8/site-packages/pandas/core/internals/base.py", line 70, in _validate_set_axis
    raise ValueError(
ValueError: Length mismatch: Expected axis has 0 elements, new values have 16 elements
[2024-07-24T20:33:11.132+0000] {taskinstance.py:1149} INFO - Marking task as FAILED. dag_id=dvtobv, task_id=film, execution_date=20240723T000000, start_date=20240724T203310, end_date=20240724T203311
[2024-07-24T20:33:11.138+0000] {standard_task_runner.py:107} ERROR - Failed to execute job 3 for task film (Length mismatch: Expected axis has 0 elements, new values have 16 elements; 61)
[2024-07-24T20:33:11.160+0000] {local_task_job_runner.py:234} INFO - Task exited with return code 1
[2024-07-24T20:33:11.172+0000] {taskinstance.py:3312} INFO - 0 downstream tasks scheduled from follow-on schedule check
