[2024-07-02T18:43:43.445+0000] {taskinstance.py:1979} INFO - Dependencies all met for dep_context=non-requeueable deps ti=<TaskInstance: sqltostaging.staff manual__2024-07-02T18:43:40.794029+00:00 [queued]>
[2024-07-02T18:43:43.456+0000] {taskinstance.py:1979} INFO - Dependencies all met for dep_context=requeueable deps ti=<TaskInstance: sqltostaging.staff manual__2024-07-02T18:43:40.794029+00:00 [queued]>
[2024-07-02T18:43:43.457+0000] {taskinstance.py:2193} INFO - Starting attempt 1 of 1
[2024-07-02T18:43:43.482+0000] {taskinstance.py:2217} INFO - Executing <Task(PythonOperator): staff> on 2024-07-02 18:43:40.794029+00:00
[2024-07-02T18:43:43.498+0000] {standard_task_runner.py:60} INFO - Started process 157 to run task
[2024-07-02T18:43:43.512+0000] {standard_task_runner.py:87} INFO - Running: ['***', 'tasks', 'run', 'sqltostaging', 'staff', 'manual__2024-07-02T18:43:40.794029+00:00', '--job-id', '27', '--raw', '--subdir', 'DAGS_FOLDER/dag.py', '--cfg-path', '/tmp/tmpydcdq73a']
[2024-07-02T18:43:43.529+0000] {standard_task_runner.py:88} INFO - Job 27: Subtask staff
[2024-07-02T18:43:43.753+0000] {task_command.py:423} INFO - Running <TaskInstance: sqltostaging.staff manual__2024-07-02T18:43:40.794029+00:00 [running]> on host 5b7251376729
[2024-07-02T18:43:43.943+0000] {taskinstance.py:2513} INFO - Exporting env vars: AIRFLOW_CTX_DAG_OWNER='***' AIRFLOW_CTX_DAG_ID='sqltostaging' AIRFLOW_CTX_TASK_ID='staff' AIRFLOW_CTX_EXECUTION_DATE='2024-07-02T18:43:40.794029+00:00' AIRFLOW_CTX_TRY_NUMBER='1' AIRFLOW_CTX_DAG_RUN_ID='manual__2024-07-02T18:43:40.794029+00:00'
[2024-07-02T18:43:43.947+0000] {logging_mixin.py:188} INFO - dvtobv :dag_id
[2024-07-02T18:43:43.957+0000] {logging_mixin.py:188} INFO - table: staff
[2024-07-02T18:43:43.960+0000] {taskinstance.py:2731} ERROR - Task failed with exception
Traceback (most recent call last):
  File "/home/airflow/.local/lib/python3.8/site-packages/airflow/models/taskinstance.py", line 444, in _execute_task
    result = _execute_callable(context=context, **execute_callable_kwargs)
  File "/home/airflow/.local/lib/python3.8/site-packages/airflow/models/taskinstance.py", line 414, in _execute_callable
    return execute_callable(context=context, **execute_callable_kwargs)
  File "/home/airflow/.local/lib/python3.8/site-packages/airflow/operators/python.py", line 200, in execute
    return_value = self.execute_callable()
  File "/home/airflow/.local/lib/python3.8/site-packages/airflow/operators/python.py", line 217, in execute_callable
    return self.python_callable(*self.op_args, **self.op_kwargs)
  File "/opt/airflow/dags/dag.py", line 22, in process_table
    return  execute(table, stage, "public")
TypeError: execute() missing 1 required positional argument: 'schema'
[2024-07-02T18:43:43.996+0000] {taskinstance.py:1149} INFO - Marking task as FAILED. dag_id=sqltostaging, task_id=staff, execution_date=20240702T184340, start_date=20240702T184343, end_date=20240702T184343
[2024-07-02T18:43:44.605+0000] {standard_task_runner.py:107} ERROR - Failed to execute job 27 for task staff (execute() missing 1 required positional argument: 'schema'; 157)
[2024-07-02T18:43:44.667+0000] {local_task_job_runner.py:234} INFO - Task exited with return code 1
[2024-07-02T18:43:44.856+0000] {taskinstance.py:3312} INFO - 0 downstream tasks scheduled from follow-on schedule check
