[2024-07-08T18:13:46.651+0000] {taskinstance.py:1979} INFO - Dependencies all met for dep_context=non-requeueable deps ti=<TaskInstance: SqlToStaging.payment scheduled__2024-07-07T00:00:00+00:00 [queued]>
[2024-07-08T18:13:46.667+0000] {taskinstance.py:1979} INFO - Dependencies all met for dep_context=requeueable deps ti=<TaskInstance: SqlToStaging.payment scheduled__2024-07-07T00:00:00+00:00 [queued]>
[2024-07-08T18:13:46.673+0000] {taskinstance.py:2193} INFO - Starting attempt 1 of 1
[2024-07-08T18:13:46.697+0000] {taskinstance.py:2217} INFO - Executing <Task(PythonOperator): payment> on 2024-07-07 00:00:00+00:00
[2024-07-08T18:13:46.714+0000] {standard_task_runner.py:60} INFO - Started process 127 to run task
[2024-07-08T18:13:46.730+0000] {standard_task_runner.py:87} INFO - Running: ['***', 'tasks', 'run', 'SqlToStaging', 'payment', 'scheduled__2024-07-07T00:00:00+00:00', '--job-id', '37', '--raw', '--subdir', 'DAGS_FOLDER/dag.py', '--cfg-path', '/tmp/tmp22lgdlxu']
[2024-07-08T18:13:46.737+0000] {standard_task_runner.py:88} INFO - Job 37: Subtask payment
[2024-07-08T18:13:46.888+0000] {task_command.py:423} INFO - Running <TaskInstance: SqlToStaging.payment scheduled__2024-07-07T00:00:00+00:00 [running]> on host 091922596b62
[2024-07-08T18:13:47.216+0000] {taskinstance.py:2513} INFO - Exporting env vars: AIRFLOW_CTX_DAG_OWNER='***' AIRFLOW_CTX_DAG_ID='SqlToStaging' AIRFLOW_CTX_TASK_ID='payment' AIRFLOW_CTX_EXECUTION_DATE='2024-07-07T00:00:00+00:00' AIRFLOW_CTX_TRY_NUMBER='1' AIRFLOW_CTX_DAG_RUN_ID='scheduled__2024-07-07T00:00:00+00:00'
[2024-07-08T18:13:47.220+0000] {logging_mixin.py:188} INFO - dvtobv :dag_id
[2024-07-08T18:13:47.230+0000] {logging_mixin.py:188} INFO - table: payment
[2024-07-08T18:13:47.238+0000] {logging_mixin.py:188} INFO - 
 stage: SqlToStaging 
 table:payment
[2024-07-08T18:13:47.239+0000] {logging_mixin.py:188} INFO - select *  from etlconf.Etl_Process_Mapping where SourceTableName = 'payment' and Stage = 'SqlToStaging'
[2024-07-08T18:13:47.295+0000] {taskinstance.py:2731} ERROR - Task failed with exception
Traceback (most recent call last):
  File "/home/airflow/.local/lib/python3.8/site-packages/airflow/models/taskinstance.py", line 444, in _execute_task
    result = _execute_callable(context=context, **execute_callable_kwargs)
  File "/home/airflow/.local/lib/python3.8/site-packages/airflow/models/taskinstance.py", line 414, in _execute_callable
    return execute_callable(context=context, **execute_callable_kwargs)
  File "/home/airflow/.local/lib/python3.8/site-packages/airflow/operators/python.py", line 200, in execute
    return_value = self.execute_callable()
  File "/home/airflow/.local/lib/python3.8/site-packages/airflow/operators/python.py", line 217, in execute_callable
    return self.python_callable(*self.op_args, **self.op_kwargs)
  File "/opt/airflow/dags/dag.py", line 22, in process_table
    return  execute(table, stage)
  File "/app/main.py", line 25, in execute
    SqlToStaging().create_full().some_function(table, stage)
  File "/app/concretestage/SQLToStaging.py", line 31, in some_function
    df = get_data_from_conf_table(f"{table}", f"{stage}")
  File "/app/myFramework/utils/utils.py", line 143, in get_data_from_conf_table
    df.columns = [desc[0] for desc in cur.description]
  File "/home/airflow/.local/lib/python3.8/site-packages/pandas/core/generic.py", line 6002, in __setattr__
    return object.__setattr__(self, name, value)
  File "pandas/_libs/properties.pyx", line 69, in pandas._libs.properties.AxisProperty.__set__
  File "/home/airflow/.local/lib/python3.8/site-packages/pandas/core/generic.py", line 730, in _set_axis
    self._mgr.set_axis(axis, labels)
  File "/home/airflow/.local/lib/python3.8/site-packages/pandas/core/internals/managers.py", line 225, in set_axis
    self._validate_set_axis(axis, new_labels)
  File "/home/airflow/.local/lib/python3.8/site-packages/pandas/core/internals/base.py", line 70, in _validate_set_axis
    raise ValueError(
ValueError: Length mismatch: Expected axis has 0 elements, new values have 15 elements
[2024-07-08T18:13:47.325+0000] {taskinstance.py:1149} INFO - Marking task as FAILED. dag_id=SqlToStaging, task_id=payment, execution_date=20240707T000000, start_date=20240708T181346, end_date=20240708T181347
[2024-07-08T18:13:47.350+0000] {standard_task_runner.py:107} ERROR - Failed to execute job 37 for task payment (Length mismatch: Expected axis has 0 elements, new values have 15 elements; 127)
[2024-07-08T18:13:47.428+0000] {local_task_job_runner.py:234} INFO - Task exited with return code 1
[2024-07-08T18:13:47.496+0000] {taskinstance.py:3312} INFO - 0 downstream tasks scheduled from follow-on schedule check
[2024-07-08T18:17:21.413+0000] {taskinstance.py:1979} INFO - Dependencies all met for dep_context=non-requeueable deps ti=<TaskInstance: SqlToStaging.payment scheduled__2024-07-07T00:00:00+00:00 [queued]>
[2024-07-08T18:17:21.433+0000] {taskinstance.py:1979} INFO - Dependencies all met for dep_context=requeueable deps ti=<TaskInstance: SqlToStaging.payment scheduled__2024-07-07T00:00:00+00:00 [queued]>
[2024-07-08T18:17:21.436+0000] {taskinstance.py:2193} INFO - Starting attempt 1 of 1
[2024-07-08T18:17:21.475+0000] {taskinstance.py:2217} INFO - Executing <Task(PythonOperator): payment> on 2024-07-07 00:00:00+00:00
[2024-07-08T18:17:21.493+0000] {standard_task_runner.py:60} INFO - Started process 83 to run task
[2024-07-08T18:17:21.500+0000] {standard_task_runner.py:87} INFO - Running: ['***', 'tasks', 'run', 'SqlToStaging', 'payment', 'scheduled__2024-07-07T00:00:00+00:00', '--job-id', '7', '--raw', '--subdir', 'DAGS_FOLDER/dag.py', '--cfg-path', '/tmp/tmpxf_dlqoi']
[2024-07-08T18:17:21.530+0000] {standard_task_runner.py:88} INFO - Job 7: Subtask payment
[2024-07-08T18:17:21.767+0000] {task_command.py:423} INFO - Running <TaskInstance: SqlToStaging.payment scheduled__2024-07-07T00:00:00+00:00 [running]> on host 0c73c124d202
[2024-07-08T18:17:23.377+0000] {taskinstance.py:2513} INFO - Exporting env vars: AIRFLOW_CTX_DAG_OWNER='***' AIRFLOW_CTX_DAG_ID='SqlToStaging' AIRFLOW_CTX_TASK_ID='payment' AIRFLOW_CTX_EXECUTION_DATE='2024-07-07T00:00:00+00:00' AIRFLOW_CTX_TRY_NUMBER='1' AIRFLOW_CTX_DAG_RUN_ID='scheduled__2024-07-07T00:00:00+00:00'
[2024-07-08T18:17:23.394+0000] {logging_mixin.py:188} INFO - dvtobv :dag_id
[2024-07-08T18:17:23.399+0000] {logging_mixin.py:188} INFO - table: payment
[2024-07-08T18:17:23.413+0000] {logging_mixin.py:188} INFO - 
 stage: SqlToStaging 
 table:payment
[2024-07-08T18:17:23.425+0000] {logging_mixin.py:188} INFO - select *  from etlconf.Etl_Process_Mapping where SourceTableName = 'payment' and Stage = 'SqlToStaging'
[2024-07-08T18:17:23.523+0000] {taskinstance.py:2731} ERROR - Task failed with exception
Traceback (most recent call last):
  File "/home/airflow/.local/lib/python3.8/site-packages/airflow/models/taskinstance.py", line 444, in _execute_task
    result = _execute_callable(context=context, **execute_callable_kwargs)
  File "/home/airflow/.local/lib/python3.8/site-packages/airflow/models/taskinstance.py", line 414, in _execute_callable
    return execute_callable(context=context, **execute_callable_kwargs)
  File "/home/airflow/.local/lib/python3.8/site-packages/airflow/operators/python.py", line 200, in execute
    return_value = self.execute_callable()
  File "/home/airflow/.local/lib/python3.8/site-packages/airflow/operators/python.py", line 217, in execute_callable
    return self.python_callable(*self.op_args, **self.op_kwargs)
  File "/opt/airflow/dags/dag.py", line 22, in process_table
    return  execute(table, stage)
  File "/app/main.py", line 25, in execute
    SqlToStaging().create_full().some_function(table, stage)
  File "/app/concretestage/SQLToStaging.py", line 31, in some_function
    df = get_data_from_conf_table(f"{table}", f"{stage}")
  File "/app/myFramework/utils/utils.py", line 143, in get_data_from_conf_table
    df.columns = [desc[0] for desc in cur.description]
  File "/home/airflow/.local/lib/python3.8/site-packages/pandas/core/generic.py", line 6002, in __setattr__
    return object.__setattr__(self, name, value)
  File "pandas/_libs/properties.pyx", line 69, in pandas._libs.properties.AxisProperty.__set__
  File "/home/airflow/.local/lib/python3.8/site-packages/pandas/core/generic.py", line 730, in _set_axis
    self._mgr.set_axis(axis, labels)
  File "/home/airflow/.local/lib/python3.8/site-packages/pandas/core/internals/managers.py", line 225, in set_axis
    self._validate_set_axis(axis, new_labels)
  File "/home/airflow/.local/lib/python3.8/site-packages/pandas/core/internals/base.py", line 70, in _validate_set_axis
    raise ValueError(
ValueError: Length mismatch: Expected axis has 0 elements, new values have 15 elements
[2024-07-08T18:17:23.586+0000] {taskinstance.py:1149} INFO - Marking task as FAILED. dag_id=SqlToStaging, task_id=payment, execution_date=20240707T000000, start_date=20240708T181721, end_date=20240708T181723
[2024-07-08T18:17:23.639+0000] {standard_task_runner.py:107} ERROR - Failed to execute job 7 for task payment (Length mismatch: Expected axis has 0 elements, new values have 15 elements; 83)
[2024-07-08T18:17:23.734+0000] {local_task_job_runner.py:234} INFO - Task exited with return code 1
[2024-07-08T18:17:23.891+0000] {taskinstance.py:3312} INFO - 0 downstream tasks scheduled from follow-on schedule check
[2024-07-08T18:19:48.936+0000] {taskinstance.py:1979} INFO - Dependencies all met for dep_context=non-requeueable deps ti=<TaskInstance: SqlToStaging.payment scheduled__2024-07-07T00:00:00+00:00 [queued]>
[2024-07-08T18:19:48.971+0000] {taskinstance.py:1979} INFO - Dependencies all met for dep_context=requeueable deps ti=<TaskInstance: SqlToStaging.payment scheduled__2024-07-07T00:00:00+00:00 [queued]>
[2024-07-08T18:19:48.973+0000] {taskinstance.py:2193} INFO - Starting attempt 1 of 1
[2024-07-08T18:19:49.003+0000] {taskinstance.py:2217} INFO - Executing <Task(PythonOperator): payment> on 2024-07-07 00:00:00+00:00
[2024-07-08T18:19:49.023+0000] {standard_task_runner.py:60} INFO - Started process 103 to run task
[2024-07-08T18:19:49.046+0000] {standard_task_runner.py:87} INFO - Running: ['***', 'tasks', 'run', 'SqlToStaging', 'payment', 'scheduled__2024-07-07T00:00:00+00:00', '--job-id', '14', '--raw', '--subdir', 'DAGS_FOLDER/dag.py', '--cfg-path', '/tmp/tmp_29swwz5']
[2024-07-08T18:19:49.068+0000] {standard_task_runner.py:88} INFO - Job 14: Subtask payment
[2024-07-08T18:19:49.208+0000] {task_command.py:423} INFO - Running <TaskInstance: SqlToStaging.payment scheduled__2024-07-07T00:00:00+00:00 [running]> on host 987b4d541fd1
[2024-07-08T18:19:50.025+0000] {taskinstance.py:2513} INFO - Exporting env vars: AIRFLOW_CTX_DAG_OWNER='***' AIRFLOW_CTX_DAG_ID='SqlToStaging' AIRFLOW_CTX_TASK_ID='payment' AIRFLOW_CTX_EXECUTION_DATE='2024-07-07T00:00:00+00:00' AIRFLOW_CTX_TRY_NUMBER='1' AIRFLOW_CTX_DAG_RUN_ID='scheduled__2024-07-07T00:00:00+00:00'
[2024-07-08T18:19:50.031+0000] {logging_mixin.py:188} INFO - dvtobv :dag_id
[2024-07-08T18:19:50.033+0000] {logging_mixin.py:188} INFO - table: payment
[2024-07-08T18:19:50.035+0000] {logging_mixin.py:188} INFO - 
 stage: SqlToStaging 
 table:payment
[2024-07-08T18:19:50.043+0000] {logging_mixin.py:188} INFO - select *  from etlconf.Etl_Process_Mapping where SourceTableName = 'payment' and Stage = 'SqlToStaging'
[2024-07-08T18:19:50.105+0000] {taskinstance.py:2731} ERROR - Task failed with exception
Traceback (most recent call last):
  File "/home/airflow/.local/lib/python3.8/site-packages/airflow/models/taskinstance.py", line 444, in _execute_task
    result = _execute_callable(context=context, **execute_callable_kwargs)
  File "/home/airflow/.local/lib/python3.8/site-packages/airflow/models/taskinstance.py", line 414, in _execute_callable
    return execute_callable(context=context, **execute_callable_kwargs)
  File "/home/airflow/.local/lib/python3.8/site-packages/airflow/operators/python.py", line 200, in execute
    return_value = self.execute_callable()
  File "/home/airflow/.local/lib/python3.8/site-packages/airflow/operators/python.py", line 217, in execute_callable
    return self.python_callable(*self.op_args, **self.op_kwargs)
  File "/opt/airflow/dags/dag.py", line 22, in process_table
    return  execute(table, stage)
  File "/app/main.py", line 25, in execute
    SqlToStaging().create_full().some_function(table, stage)
  File "/app/concretestage/SQLToStaging.py", line 31, in some_function
    df = get_data_from_conf_table(f"{table}", f"{stage}")
  File "/app/myFramework/utils/utils.py", line 143, in get_data_from_conf_table
    df.columns = [desc[0] for desc in cur.description]
  File "/home/airflow/.local/lib/python3.8/site-packages/pandas/core/generic.py", line 6002, in __setattr__
    return object.__setattr__(self, name, value)
  File "pandas/_libs/properties.pyx", line 69, in pandas._libs.properties.AxisProperty.__set__
  File "/home/airflow/.local/lib/python3.8/site-packages/pandas/core/generic.py", line 730, in _set_axis
    self._mgr.set_axis(axis, labels)
  File "/home/airflow/.local/lib/python3.8/site-packages/pandas/core/internals/managers.py", line 225, in set_axis
    self._validate_set_axis(axis, new_labels)
  File "/home/airflow/.local/lib/python3.8/site-packages/pandas/core/internals/base.py", line 70, in _validate_set_axis
    raise ValueError(
ValueError: Length mismatch: Expected axis has 0 elements, new values have 15 elements
[2024-07-08T18:19:50.135+0000] {taskinstance.py:1149} INFO - Marking task as FAILED. dag_id=SqlToStaging, task_id=payment, execution_date=20240707T000000, start_date=20240708T181948, end_date=20240708T181950
[2024-07-08T18:19:50.153+0000] {standard_task_runner.py:107} ERROR - Failed to execute job 14 for task payment (Length mismatch: Expected axis has 0 elements, new values have 15 elements; 103)
[2024-07-08T18:19:50.203+0000] {local_task_job_runner.py:234} INFO - Task exited with return code 1
[2024-07-08T18:19:50.232+0000] {taskinstance.py:3312} INFO - 0 downstream tasks scheduled from follow-on schedule check
[2024-07-08T18:26:43.491+0000] {taskinstance.py:1979} INFO - Dependencies all met for dep_context=non-requeueable deps ti=<TaskInstance: SqlToStaging.payment scheduled__2024-07-07T00:00:00+00:00 [queued]>
[2024-07-08T18:26:43.536+0000] {taskinstance.py:1979} INFO - Dependencies all met for dep_context=requeueable deps ti=<TaskInstance: SqlToStaging.payment scheduled__2024-07-07T00:00:00+00:00 [queued]>
[2024-07-08T18:26:43.541+0000] {taskinstance.py:2193} INFO - Starting attempt 1 of 1
[2024-07-08T18:26:43.597+0000] {taskinstance.py:2217} INFO - Executing <Task(PythonOperator): payment> on 2024-07-07 00:00:00+00:00
[2024-07-08T18:26:43.634+0000] {standard_task_runner.py:60} INFO - Started process 93 to run task
[2024-07-08T18:26:43.641+0000] {standard_task_runner.py:87} INFO - Running: ['***', 'tasks', 'run', 'SqlToStaging', 'payment', 'scheduled__2024-07-07T00:00:00+00:00', '--job-id', '8', '--raw', '--subdir', 'DAGS_FOLDER/dag.py', '--cfg-path', '/tmp/tmp97j6h7aw']
[2024-07-08T18:26:43.667+0000] {standard_task_runner.py:88} INFO - Job 8: Subtask payment
[2024-07-08T18:26:43.943+0000] {task_command.py:423} INFO - Running <TaskInstance: SqlToStaging.payment scheduled__2024-07-07T00:00:00+00:00 [running]> on host 7f814bc03799
[2024-07-08T18:26:44.988+0000] {taskinstance.py:2513} INFO - Exporting env vars: AIRFLOW_CTX_DAG_OWNER='***' AIRFLOW_CTX_DAG_ID='SqlToStaging' AIRFLOW_CTX_TASK_ID='payment' AIRFLOW_CTX_EXECUTION_DATE='2024-07-07T00:00:00+00:00' AIRFLOW_CTX_TRY_NUMBER='1' AIRFLOW_CTX_DAG_RUN_ID='scheduled__2024-07-07T00:00:00+00:00'
[2024-07-08T18:26:45.008+0000] {logging_mixin.py:188} INFO - dvtobv :dag_id
[2024-07-08T18:26:45.012+0000] {logging_mixin.py:188} INFO - table: payment
[2024-07-08T18:26:45.017+0000] {logging_mixin.py:188} INFO - 
 stage: SqlToStaging 
 table:payment
[2024-07-08T18:26:45.019+0000] {logging_mixin.py:188} INFO - select *  from etlconf.Etl_Process_Mapping where SourceTableName = 'payment' and Stage = 'SqlToStaging'
[2024-07-08T18:26:45.080+0000] {taskinstance.py:2731} ERROR - Task failed with exception
Traceback (most recent call last):
  File "/home/airflow/.local/lib/python3.8/site-packages/airflow/models/taskinstance.py", line 444, in _execute_task
    result = _execute_callable(context=context, **execute_callable_kwargs)
  File "/home/airflow/.local/lib/python3.8/site-packages/airflow/models/taskinstance.py", line 414, in _execute_callable
    return execute_callable(context=context, **execute_callable_kwargs)
  File "/home/airflow/.local/lib/python3.8/site-packages/airflow/operators/python.py", line 200, in execute
    return_value = self.execute_callable()
  File "/home/airflow/.local/lib/python3.8/site-packages/airflow/operators/python.py", line 217, in execute_callable
    return self.python_callable(*self.op_args, **self.op_kwargs)
  File "/opt/airflow/dags/dag.py", line 22, in process_table
    return  execute(table, stage)
  File "/app/main.py", line 25, in execute
    SqlToStaging().create_full().some_function(table, stage)
  File "/app/concretestage/SQLToStaging.py", line 31, in some_function
    df = get_data_from_conf_table(f"{table}", f"{stage}")
  File "/app/myFramework/utils/utils.py", line 143, in get_data_from_conf_table
    df.columns = [desc[0] for desc in cur.description]
  File "/home/airflow/.local/lib/python3.8/site-packages/pandas/core/generic.py", line 6002, in __setattr__
    return object.__setattr__(self, name, value)
  File "pandas/_libs/properties.pyx", line 69, in pandas._libs.properties.AxisProperty.__set__
  File "/home/airflow/.local/lib/python3.8/site-packages/pandas/core/generic.py", line 730, in _set_axis
    self._mgr.set_axis(axis, labels)
  File "/home/airflow/.local/lib/python3.8/site-packages/pandas/core/internals/managers.py", line 225, in set_axis
    self._validate_set_axis(axis, new_labels)
  File "/home/airflow/.local/lib/python3.8/site-packages/pandas/core/internals/base.py", line 70, in _validate_set_axis
    raise ValueError(
ValueError: Length mismatch: Expected axis has 0 elements, new values have 15 elements
[2024-07-08T18:26:45.142+0000] {taskinstance.py:1149} INFO - Marking task as FAILED. dag_id=SqlToStaging, task_id=payment, execution_date=20240707T000000, start_date=20240708T182643, end_date=20240708T182645
[2024-07-08T18:26:45.495+0000] {standard_task_runner.py:107} ERROR - Failed to execute job 8 for task payment (Length mismatch: Expected axis has 0 elements, new values have 15 elements; 93)
[2024-07-08T18:26:45.533+0000] {local_task_job_runner.py:234} INFO - Task exited with return code 1
[2024-07-08T18:26:45.660+0000] {taskinstance.py:3312} INFO - 0 downstream tasks scheduled from follow-on schedule check
[2024-07-08T18:32:10.830+0000] {taskinstance.py:1979} INFO - Dependencies all met for dep_context=non-requeueable deps ti=<TaskInstance: SqlToStaging.payment scheduled__2024-07-07T00:00:00+00:00 [queued]>
[2024-07-08T18:32:10.848+0000] {taskinstance.py:1979} INFO - Dependencies all met for dep_context=requeueable deps ti=<TaskInstance: SqlToStaging.payment scheduled__2024-07-07T00:00:00+00:00 [queued]>
[2024-07-08T18:32:10.856+0000] {taskinstance.py:2193} INFO - Starting attempt 1 of 1
[2024-07-08T18:32:10.896+0000] {taskinstance.py:2217} INFO - Executing <Task(PythonOperator): payment> on 2024-07-07 00:00:00+00:00
[2024-07-08T18:32:10.913+0000] {standard_task_runner.py:60} INFO - Started process 92 to run task
[2024-07-08T18:32:10.941+0000] {standard_task_runner.py:87} INFO - Running: ['***', 'tasks', 'run', 'SqlToStaging', 'payment', 'scheduled__2024-07-07T00:00:00+00:00', '--job-id', '16', '--raw', '--subdir', 'DAGS_FOLDER/dag.py', '--cfg-path', '/tmp/tmp3i3v0gx3']
[2024-07-08T18:32:10.961+0000] {standard_task_runner.py:88} INFO - Job 16: Subtask payment
[2024-07-08T18:32:11.271+0000] {task_command.py:423} INFO - Running <TaskInstance: SqlToStaging.payment scheduled__2024-07-07T00:00:00+00:00 [running]> on host 7f77c3b92645
[2024-07-08T18:32:12.727+0000] {taskinstance.py:2513} INFO - Exporting env vars: AIRFLOW_CTX_DAG_OWNER='***' AIRFLOW_CTX_DAG_ID='SqlToStaging' AIRFLOW_CTX_TASK_ID='payment' AIRFLOW_CTX_EXECUTION_DATE='2024-07-07T00:00:00+00:00' AIRFLOW_CTX_TRY_NUMBER='1' AIRFLOW_CTX_DAG_RUN_ID='scheduled__2024-07-07T00:00:00+00:00'
[2024-07-08T18:32:12.736+0000] {logging_mixin.py:188} INFO - dvtobv :dag_id
[2024-07-08T18:32:12.744+0000] {logging_mixin.py:188} INFO - table: payment
[2024-07-08T18:32:12.774+0000] {logging_mixin.py:188} INFO - 
 stage: SqlToStaging 
 table:payment
[2024-07-08T18:32:12.778+0000] {logging_mixin.py:188} INFO - select *  from etlconf.Etl_Process_Mapping where SourceTableName = 'payment' and Stage = 'SqlToStaging'
[2024-07-08T18:32:12.800+0000] {taskinstance.py:2731} ERROR - Task failed with exception
Traceback (most recent call last):
  File "/home/airflow/.local/lib/python3.8/site-packages/airflow/models/taskinstance.py", line 444, in _execute_task
    result = _execute_callable(context=context, **execute_callable_kwargs)
  File "/home/airflow/.local/lib/python3.8/site-packages/airflow/models/taskinstance.py", line 414, in _execute_callable
    return execute_callable(context=context, **execute_callable_kwargs)
  File "/home/airflow/.local/lib/python3.8/site-packages/airflow/operators/python.py", line 200, in execute
    return_value = self.execute_callable()
  File "/home/airflow/.local/lib/python3.8/site-packages/airflow/operators/python.py", line 217, in execute_callable
    return self.python_callable(*self.op_args, **self.op_kwargs)
  File "/opt/airflow/dags/dag.py", line 22, in process_table
    return  execute(table, stage)
  File "/app/main.py", line 25, in execute
    SqlToStaging().create_full().some_function(table, stage)
  File "/app/concretestage/SQLToStaging.py", line 31, in some_function
    df = get_data_from_conf_table(f"{table}", f"{stage}")
  File "/app/myFramework/utils/utils.py", line 143, in get_data_from_conf_table
    df.columns = [desc[0] for desc in cur.description]
  File "/home/airflow/.local/lib/python3.8/site-packages/pandas/core/generic.py", line 6002, in __setattr__
    return object.__setattr__(self, name, value)
  File "pandas/_libs/properties.pyx", line 69, in pandas._libs.properties.AxisProperty.__set__
  File "/home/airflow/.local/lib/python3.8/site-packages/pandas/core/generic.py", line 730, in _set_axis
    self._mgr.set_axis(axis, labels)
  File "/home/airflow/.local/lib/python3.8/site-packages/pandas/core/internals/managers.py", line 225, in set_axis
    self._validate_set_axis(axis, new_labels)
  File "/home/airflow/.local/lib/python3.8/site-packages/pandas/core/internals/base.py", line 70, in _validate_set_axis
    raise ValueError(
ValueError: Length mismatch: Expected axis has 0 elements, new values have 15 elements
[2024-07-08T18:32:12.826+0000] {taskinstance.py:1149} INFO - Marking task as FAILED. dag_id=SqlToStaging, task_id=payment, execution_date=20240707T000000, start_date=20240708T183210, end_date=20240708T183212
[2024-07-08T18:32:12.873+0000] {standard_task_runner.py:107} ERROR - Failed to execute job 16 for task payment (Length mismatch: Expected axis has 0 elements, new values have 15 elements; 92)
[2024-07-08T18:32:12.903+0000] {local_task_job_runner.py:234} INFO - Task exited with return code 1
[2024-07-08T18:32:13.039+0000] {taskinstance.py:3312} INFO - 0 downstream tasks scheduled from follow-on schedule check
[2024-07-08T18:35:58.912+0000] {taskinstance.py:1979} INFO - Dependencies all met for dep_context=non-requeueable deps ti=<TaskInstance: SqlToStaging.payment scheduled__2024-07-07T00:00:00+00:00 [queued]>
[2024-07-08T18:35:58.925+0000] {taskinstance.py:1979} INFO - Dependencies all met for dep_context=requeueable deps ti=<TaskInstance: SqlToStaging.payment scheduled__2024-07-07T00:00:00+00:00 [queued]>
[2024-07-08T18:35:58.933+0000] {taskinstance.py:2193} INFO - Starting attempt 1 of 1
[2024-07-08T18:35:58.983+0000] {taskinstance.py:2217} INFO - Executing <Task(PythonOperator): payment> on 2024-07-07 00:00:00+00:00
[2024-07-08T18:35:58.993+0000] {standard_task_runner.py:60} INFO - Started process 94 to run task
[2024-07-08T18:35:59.003+0000] {standard_task_runner.py:87} INFO - Running: ['***', 'tasks', 'run', 'SqlToStaging', 'payment', 'scheduled__2024-07-07T00:00:00+00:00', '--job-id', '12', '--raw', '--subdir', 'DAGS_FOLDER/dag.py', '--cfg-path', '/tmp/tmp5ze5kr60']
[2024-07-08T18:35:59.009+0000] {standard_task_runner.py:88} INFO - Job 12: Subtask payment
[2024-07-08T18:35:59.127+0000] {task_command.py:423} INFO - Running <TaskInstance: SqlToStaging.payment scheduled__2024-07-07T00:00:00+00:00 [running]> on host a9b6fbb697c1
[2024-07-08T18:36:00.349+0000] {taskinstance.py:2513} INFO - Exporting env vars: AIRFLOW_CTX_DAG_OWNER='***' AIRFLOW_CTX_DAG_ID='SqlToStaging' AIRFLOW_CTX_TASK_ID='payment' AIRFLOW_CTX_EXECUTION_DATE='2024-07-07T00:00:00+00:00' AIRFLOW_CTX_TRY_NUMBER='1' AIRFLOW_CTX_DAG_RUN_ID='scheduled__2024-07-07T00:00:00+00:00'
[2024-07-08T18:36:00.355+0000] {logging_mixin.py:188} INFO - dvtobv :dag_id
[2024-07-08T18:36:00.355+0000] {logging_mixin.py:188} INFO - table: payment
[2024-07-08T18:36:00.356+0000] {logging_mixin.py:188} INFO - 
 stage: SqlToStaging 
 table:payment
[2024-07-08T18:36:00.357+0000] {logging_mixin.py:188} INFO - select *  from etlconf.Etl_Process_Mapping where SourceTableName = 'payment' and Stage = 'SqlToStaging'
[2024-07-08T18:36:00.360+0000] {taskinstance.py:2731} ERROR - Task failed with exception
Traceback (most recent call last):
  File "/home/airflow/.local/lib/python3.8/site-packages/airflow/models/taskinstance.py", line 444, in _execute_task
    result = _execute_callable(context=context, **execute_callable_kwargs)
  File "/home/airflow/.local/lib/python3.8/site-packages/airflow/models/taskinstance.py", line 414, in _execute_callable
    return execute_callable(context=context, **execute_callable_kwargs)
  File "/home/airflow/.local/lib/python3.8/site-packages/airflow/operators/python.py", line 200, in execute
    return_value = self.execute_callable()
  File "/home/airflow/.local/lib/python3.8/site-packages/airflow/operators/python.py", line 217, in execute_callable
    return self.python_callable(*self.op_args, **self.op_kwargs)
  File "/opt/airflow/dags/dag.py", line 22, in process_table
    return  execute(table, stage)
  File "/app/main.py", line 25, in execute
    SqlToStaging().create_full().some_function(table, stage)
  File "/app/concretestage/SQLToStaging.py", line 31, in some_function
    df = get_data_from_conf_table(f"{table}", f"{stage}")
  File "/app/myFramework/utils/utils.py", line 138, in get_data_from_conf_table
    cur = conn.getCursor("postgres")
  File "/app/myFramework/source/posgresql/connect.py", line 6, in getCursor
    conn = psycopg2.connect(database = dbname,
  File "/home/airflow/.local/lib/python3.8/site-packages/psycopg2/__init__.py", line 122, in connect
    conn = _connect(dsn, connection_factory=connection_factory, **kwasync)
psycopg2.OperationalError: connection to server at "0.0.0.0", port 9999 failed: Connection refused
	Is the server running on that host and accepting TCP/IP connections?

[2024-07-08T18:36:00.402+0000] {taskinstance.py:1149} INFO - Marking task as FAILED. dag_id=SqlToStaging, task_id=payment, execution_date=20240707T000000, start_date=20240708T183558, end_date=20240708T183600
[2024-07-08T18:36:00.440+0000] {standard_task_runner.py:107} ERROR - Failed to execute job 12 for task payment (connection to server at "0.0.0.0", port 9999 failed: Connection refused
	Is the server running on that host and accepting TCP/IP connections?
; 94)
[2024-07-08T18:36:00.513+0000] {local_task_job_runner.py:234} INFO - Task exited with return code 1
[2024-07-08T18:36:00.613+0000] {taskinstance.py:3312} INFO - 0 downstream tasks scheduled from follow-on schedule check
